DEBUG 2025-10-23 10:03:48,430 utils 288830 140314731865792 PBI-Auth: client_credentials (service principal).
DEBUG 2025-10-23 10:03:48,432 utils 288830 140314098529984 PBI-Auth: client_credentials (service principal).
DEBUG 2025-10-23 10:03:48,435 utils 288830 140314090137280 PBI-Auth: client_credentials (service principal).
DEBUG 2025-10-23 10:03:48,442 utils 288830 140314741307072 PBI-Auth: client_credentials (service principal).
DEBUG 2025-10-23 10:03:48,903 utils 288830 140314090137280 PBI-Auth: token adquirido, expires_in=3599
DEBUG 2025-10-23 10:03:48,904 utils 288830 140314090137280 PBI: resolve dataset via https://api.powerbi.com/v1.0/myorg/groups/dc152d8a-7555-42d7-b53d-fbe1ce0dff28/reports/90cab255-b6c1-4525-9185-0b282462f6c8
DEBUG 2025-10-23 10:03:48,945 utils 288830 140314098529984 PBI-Auth: token adquirido, expires_in=3599
DEBUG 2025-10-23 10:03:48,946 utils 288830 140314098529984 PBI: resolve dataset via https://api.powerbi.com/v1.0/myorg/groups/dc152d8a-7555-42d7-b53d-fbe1ce0dff28/reports/01c33348-8c83-4712-9406-56c9fa7c0322
DEBUG 2025-10-23 10:03:49,067 utils 288830 140314731865792 PBI-Auth: token adquirido, expires_in=3599
DEBUG 2025-10-23 10:03:49,068 utils 288830 140314731865792 PBI: resolve dataset via https://api.powerbi.com/v1.0/myorg/groups/dc152d8a-7555-42d7-b53d-fbe1ce0dff28/reports/87e7d9da-6b98-4a42-a8f4-f12732d3ddec
DEBUG 2025-10-23 10:03:49,244 utils 288830 140314741307072 PBI-Auth: token adquirido, expires_in=3599
DEBUG 2025-10-23 10:03:49,245 utils 288830 140314741307072 PBI: resolve dataset via https://api.powerbi.com/v1.0/myorg/groups/dc152d8a-7555-42d7-b53d-fbe1ce0dff28/reports/6659c548-6093-4bea-80ac-54b8026e4970
DEBUG 2025-10-23 10:03:54,198 utils 288830 140314098529984 PBI: reports/{id} HTTP 200
DEBUG 2025-10-23 10:03:54,199 utils 288830 140314098529984 PBI: report→dataset: dataset_id=e47999ad-d869-41f1-b88b-ff4b449fffa8 | ds_group_id=dc152d8a-7555-42d7-b53d-fbe1ce0dff28
DEBUG 2025-10-23 10:03:54,402 utils 288830 140314090137280 PBI: reports/{id} HTTP 200
DEBUG 2025-10-23 10:03:54,403 utils 288830 140314090137280 PBI: report→dataset: dataset_id=f8c974eb-7f48-4ea5-b7e7-2cdbb92903fe | ds_group_id=dc152d8a-7555-42d7-b53d-fbe1ce0dff28
DEBUG 2025-10-23 10:03:54,415 utils 288830 140314098529984 PBI: probe dataset e47999ad-d869-41f1-b88b-ff4b449fffa8 → HTTP 200 (group dc152d8a-7555-42d7-b53d-fbe1ce0dff28)
DEBUG 2025-10-23 10:03:54,416 utils 288830 140314098529984 RT: GET refreshes https://api.powerbi.com/v1.0/myorg/groups/dc152d8a-7555-42d7-b53d-fbe1ce0dff28/datasets/e47999ad-d869-41f1-b88b-ff4b449fffa8/refreshes?$top=50
DEBUG 2025-10-23 10:03:54,576 utils 288830 140314731865792 PBI: reports/{id} HTTP 200
DEBUG 2025-10-23 10:03:54,577 utils 288830 140314731865792 PBI: report→dataset: dataset_id=47f7ff6c-09f8-4d2b-abc5-7b9d5e81e1ea | ds_group_id=dc152d8a-7555-42d7-b53d-fbe1ce0dff28
DEBUG 2025-10-23 10:03:54,594 utils 288830 140314090137280 PBI: probe dataset f8c974eb-7f48-4ea5-b7e7-2cdbb92903fe → HTTP 200 (group dc152d8a-7555-42d7-b53d-fbe1ce0dff28)
DEBUG 2025-10-23 10:03:54,595 utils 288830 140314090137280 RT: GET refreshes https://api.powerbi.com/v1.0/myorg/groups/dc152d8a-7555-42d7-b53d-fbe1ce0dff28/datasets/f8c974eb-7f48-4ea5-b7e7-2cdbb92903fe/refreshes?$top=50
DEBUG 2025-10-23 10:03:54,694 utils 288830 140314098529984 RT: refreshes HTTP 200
DEBUG 2025-10-23 10:03:54,743 utils 288830 140314741307072 PBI: reports/{id} HTTP 200
DEBUG 2025-10-23 10:03:54,743 utils 288830 140314741307072 PBI: report→dataset: dataset_id=35d23203-83e3-4d29-8e01-dcadfa84eebc | ds_group_id=dc152d8a-7555-42d7-b53d-fbe1ce0dff28
DEBUG 2025-10-23 10:03:54,754 utils 288830 140314731865792 PBI: probe dataset 47f7ff6c-09f8-4d2b-abc5-7b9d5e81e1ea → HTTP 200 (group dc152d8a-7555-42d7-b53d-fbe1ce0dff28)
DEBUG 2025-10-23 10:03:54,755 utils 288830 140314731865792 RT: GET refreshes https://api.powerbi.com/v1.0/myorg/groups/dc152d8a-7555-42d7-b53d-fbe1ce0dff28/datasets/47f7ff6c-09f8-4d2b-abc5-7b9d5e81e1ea/refreshes?$top=50
DEBUG 2025-10-23 10:03:54,786 utils 288830 140314098529984 PBI: resolve dataset via https://api.powerbi.com/v1.0/myorg/groups/dc152d8a-7555-42d7-b53d-fbe1ce0dff28/reports/65c888d8-6d60-4abd-a0cb-4ad942e1ecc7
DEBUG 2025-10-23 10:03:54,954 utils 288830 140314098529984 PBI: reports/{id} HTTP 200
DEBUG 2025-10-23 10:03:54,955 utils 288830 140314098529984 PBI: report→dataset: dataset_id=8ac0c4d9-4409-472f-8412-e7465fcdb839 | ds_group_id=dc152d8a-7555-42d7-b53d-fbe1ce0dff28
DEBUG 2025-10-23 10:03:54,972 utils 288830 140314731865792 RT: refreshes HTTP 200
DEBUG 2025-10-23 10:03:54,974 utils 288830 140314090137280 RT: refreshes HTTP 200
DEBUG 2025-10-23 10:03:55,056 utils 288830 140314731865792 PBI: resolve dataset via https://api.powerbi.com/v1.0/myorg/groups/dc152d8a-7555-42d7-b53d-fbe1ce0dff28/reports/47311a50-0344-4766-bd51-29c2f96f8977
DEBUG 2025-10-23 10:03:55,090 utils 288830 140314090137280 PBI: resolve dataset via https://api.powerbi.com/v1.0/myorg/groups/dc152d8a-7555-42d7-b53d-fbe1ce0dff28/reports/8588e4b0-d643-4395-9b8c-129fa6857837
DEBUG 2025-10-23 10:03:55,120 utils 288830 140314098529984 PBI: probe dataset 8ac0c4d9-4409-472f-8412-e7465fcdb839 → HTTP 200 (group dc152d8a-7555-42d7-b53d-fbe1ce0dff28)
DEBUG 2025-10-23 10:03:55,122 utils 288830 140314098529984 RT: GET refreshes https://api.powerbi.com/v1.0/myorg/groups/dc152d8a-7555-42d7-b53d-fbe1ce0dff28/datasets/8ac0c4d9-4409-472f-8412-e7465fcdb839/refreshes?$top=50
DEBUG 2025-10-23 10:03:55,175 utils 288830 140314741307072 PBI: probe dataset 35d23203-83e3-4d29-8e01-dcadfa84eebc → HTTP 200 (group dc152d8a-7555-42d7-b53d-fbe1ce0dff28)
DEBUG 2025-10-23 10:03:55,176 utils 288830 140314741307072 RT: GET refreshes https://api.powerbi.com/v1.0/myorg/groups/dc152d8a-7555-42d7-b53d-fbe1ce0dff28/datasets/35d23203-83e3-4d29-8e01-dcadfa84eebc/refreshes?$top=50
DEBUG 2025-10-23 10:03:55,210 utils 288830 140314731865792 PBI: reports/{id} HTTP 200
DEBUG 2025-10-23 10:03:55,210 utils 288830 140314731865792 PBI: report→dataset: dataset_id=9c183037-64d4-49cc-b22e-a3714cd8d926 | ds_group_id=dc152d8a-7555-42d7-b53d-fbe1ce0dff28
DEBUG 2025-10-23 10:03:55,292 utils 288830 140314090137280 PBI: reports/{id} HTTP 404
DEBUG 2025-10-23 10:03:55,293 utils 288830 140314090137280 PBI: reports/{id} body: {"error":{"code":"PowerBIEntityNotFound","pbi.error":{"code":"PowerBIEntityNotFound","parameters":{},"details":[],"exceptionCulprit":1}}}
ERROR 2025-10-23 10:03:55,293 utils 288830 140314090137280 PBI: erro obtendo report 8588e4b0-d643-4395-9b8c-129fa6857837 — 404 Client Error: Not Found for url: https://api.powerbi.com/v1.0/myorg/groups/dc152d8a-7555-42d7-b53d-fbe1ce0dff28/reports/8588e4b0-d643-4395-9b8c-129fa6857837
DEBUG 2025-10-23 10:03:55,386 utils 288830 140314731865792 PBI: probe dataset 9c183037-64d4-49cc-b22e-a3714cd8d926 → HTTP 200 (group dc152d8a-7555-42d7-b53d-fbe1ce0dff28)
DEBUG 2025-10-23 10:03:55,388 utils 288830 140314731865792 RT: GET refreshes https://api.powerbi.com/v1.0/myorg/groups/dc152d8a-7555-42d7-b53d-fbe1ce0dff28/datasets/9c183037-64d4-49cc-b22e-a3714cd8d926/refreshes?$top=50
DEBUG 2025-10-23 10:03:55,691 utils 288830 140314098529984 RT: refreshes HTTP 200
DEBUG 2025-10-23 10:03:55,694 utils 288830 140314731865792 RT: refreshes HTTP 200
DEBUG 2025-10-23 10:03:55,700 utils 288830 140314741307072 RT: refreshes HTTP 200
DEBUG 2025-10-23 10:04:03,172 utils 288830 140314741307072 PBI: GET report info → https://api.powerbi.com/v1.0/myorg/groups/dc152d8a-7555-42d7-b53d-fbe1ce0dff28/reports/6659c548-6093-4bea-80ac-54b8026e4970
DEBUG 2025-10-23 10:04:03,659 utils 288830 140314741307072 PBI: report info HTTP 200
DEBUG 2025-10-23 10:04:03,659 utils 288830 140314741307072 PBI: report PCP_APONTAMENTO → dataset_id=35d23203-83e3-4d29-8e01-dcadfa84eebc
DEBUG 2025-10-23 10:04:04,027 utils 288830 140314741307072 PBI-DBG: GET dataset (myorg) HTTP 403
DEBUG 2025-10-23 10:04:04,028 utils 288830 140314741307072 PBI-DBG: dataset body: {"Message":"API is not accessible for application"}
DEBUG 2025-10-23 10:04:04,765 utils 288830 140314741307072 PBI: GenerateToken HTTP 200
INFO 2025-10-23 10:04:04,767 utils 288830 140314741307072 PBI: [PCP_APONTAMENTO] embed_token gerado e cacheado (3000s).
DEBUG 2025-10-23 10:04:27,512 utils 288830 140314098529984 PBI: [PCP_APONTAMENTO] embed_token (cache) → pbi:embed:dc152d8a-7555-42d7-b53d-fbe1ce0dff28:6659c548-6093-4bea-80ac-54b8026e4970
DEBUG 2025-10-23 10:04:28,043 utils 288830 140314098529984 PBI: [PCP_APONTAMENTO] embed_token (cache) → pbi:embed:dc152d8a-7555-42d7-b53d-fbe1ce0dff28:6659c548-6093-4bea-80ac-54b8026e4970
DEBUG 2025-10-23 10:04:39,281 utils 288830 140314741307072 PBI: [PCP_APONTAMENTO] embed_token (cache) → pbi:embed:dc152d8a-7555-42d7-b53d-fbe1ce0dff28:6659c548-6093-4bea-80ac-54b8026e4970
DEBUG 2025-10-23 10:06:44,662 utils 288830 140314484397760 PBI: resolve cache HIT → pbi:resolve:dc152d8a-7555-42d7-b53d-fbe1ce0dff28:01c33348-8c83-4712-9406-56c9fa7c0322
DEBUG 2025-10-23 10:06:44,663 utils 288830 140314466567872 PBI: resolve dataset via https://api.powerbi.com/v1.0/myorg/groups/dc152d8a-7555-42d7-b53d-fbe1ce0dff28/reports/ef896c5d-a882-4b0c-bdcf-ec8e350917e2
DEBUG 2025-10-23 10:06:44,663 utils 288830 140314449782464 PBI: resolve cache HIT → pbi:resolve:dc152d8a-7555-42d7-b53d-fbe1ce0dff28:6659c548-6093-4bea-80ac-54b8026e4970
DEBUG 2025-10-23 10:06:44,664 utils 288830 140314484397760 RT: GET refreshes https://api.powerbi.com/v1.0/myorg/groups/dc152d8a-7555-42d7-b53d-fbe1ce0dff28/datasets/e47999ad-d869-41f1-b88b-ff4b449fffa8/refreshes?$top=50
DEBUG 2025-10-23 10:06:44,665 utils 288830 140314449782464 RT: GET refreshes https://api.powerbi.com/v1.0/myorg/groups/dc152d8a-7555-42d7-b53d-fbe1ce0dff28/datasets/35d23203-83e3-4d29-8e01-dcadfa84eebc/refreshes?$top=50
DEBUG 2025-10-23 10:06:44,674 utils 288830 140314492790464 PBI: resolve cache HIT → pbi:resolve:dc152d8a-7555-42d7-b53d-fbe1ce0dff28:90cab255-b6c1-4525-9185-0b282462f6c8
DEBUG 2025-10-23 10:06:44,675 utils 288830 140314492790464 RT: GET refreshes https://api.powerbi.com/v1.0/myorg/groups/dc152d8a-7555-42d7-b53d-fbe1ce0dff28/datasets/f8c974eb-7f48-4ea5-b7e7-2cdbb92903fe/refreshes?$top=50
DEBUG 2025-10-23 10:06:47,969 utils 288830 140314484397760 RT: refreshes HTTP 200
DEBUG 2025-10-23 10:06:47,971 utils 288830 140314449782464 RT: refreshes HTTP 200
DEBUG 2025-10-23 10:06:47,997 utils 288830 140314466567872 PBI: reports/{id} HTTP 200
DEBUG 2025-10-23 10:06:47,998 utils 288830 140314466567872 PBI: report→dataset: dataset_id=99fddc6d-4de3-4d63-beba-a143fe297fba | ds_group_id=dc152d8a-7555-42d7-b53d-fbe1ce0dff28
DEBUG 2025-10-23 10:06:48,019 utils 288830 140314492790464 RT: refreshes HTTP 200
DEBUG 2025-10-23 10:06:48,030 utils 288830 140314232747712 PBI: [PCP_APONTAMENTO] embed_token (cache) → pbi:embed:dc152d8a-7555-42d7-b53d-fbe1ce0dff28:6659c548-6093-4bea-80ac-54b8026e4970
DEBUG 2025-10-23 10:06:48,128 utils 288830 140314484397760 PBI: resolve cache HIT → pbi:resolve:dc152d8a-7555-42d7-b53d-fbe1ce0dff28:87e7d9da-6b98-4a42-a8f4-f12732d3ddec
DEBUG 2025-10-23 10:06:48,129 utils 288830 140314484397760 RT: GET refreshes https://api.powerbi.com/v1.0/myorg/groups/dc152d8a-7555-42d7-b53d-fbe1ce0dff28/datasets/47f7ff6c-09f8-4d2b-abc5-7b9d5e81e1ea/refreshes?$top=50
DEBUG 2025-10-23 10:06:48,142 utils 288830 140314449782464 PBI: resolve cache HIT → pbi:resolve:dc152d8a-7555-42d7-b53d-fbe1ce0dff28:65c888d8-6d60-4abd-a0cb-4ad942e1ecc7
DEBUG 2025-10-23 10:06:48,145 utils 288830 140314449782464 RT: GET refreshes https://api.powerbi.com/v1.0/myorg/groups/dc152d8a-7555-42d7-b53d-fbe1ce0dff28/datasets/8ac0c4d9-4409-472f-8412-e7465fcdb839/refreshes?$top=50
DEBUG 2025-10-23 10:06:48,158 utils 288830 140314492790464 PBI: resolve cache HIT → pbi:resolve:dc152d8a-7555-42d7-b53d-fbe1ce0dff28:47311a50-0344-4766-bd51-29c2f96f8977
DEBUG 2025-10-23 10:06:48,160 utils 288830 140314492790464 RT: GET refreshes https://api.powerbi.com/v1.0/myorg/groups/dc152d8a-7555-42d7-b53d-fbe1ce0dff28/datasets/9c183037-64d4-49cc-b22e-a3714cd8d926/refreshes?$top=50
DEBUG 2025-10-23 10:06:48,247 utils 288830 140314466567872 PBI: probe dataset 99fddc6d-4de3-4d63-beba-a143fe297fba → HTTP 200 (group dc152d8a-7555-42d7-b53d-fbe1ce0dff28)
DEBUG 2025-10-23 10:06:48,249 utils 288830 140314466567872 RT: GET refreshes https://api.powerbi.com/v1.0/myorg/groups/dc152d8a-7555-42d7-b53d-fbe1ce0dff28/datasets/99fddc6d-4de3-4d63-beba-a143fe297fba/refreshes?$top=50
DEBUG 2025-10-23 10:06:48,323 utils 288830 140314449782464 RT: refreshes HTTP 200
DEBUG 2025-10-23 10:06:48,379 utils 288830 140314492790464 RT: refreshes HTTP 200
DEBUG 2025-10-23 10:06:48,390 utils 288830 140314484397760 RT: refreshes HTTP 200
DEBUG 2025-10-23 10:06:50,325 utils 288830 140314466567872 RT: refreshes HTTP 200
DEBUG 2025-10-23 10:07:41,194 utils 288830 140314224355008 PBI: [PCP_APONTAMENTO] embed_token (cache) → pbi:embed:dc152d8a-7555-42d7-b53d-fbe1ce0dff28:6659c548-6093-4bea-80ac-54b8026e4970
DEBUG 2025-10-23 10:07:54,934 utils 288830 140314224355008 PBI: resolve cache HIT → pbi:resolve:dc152d8a-7555-42d7-b53d-fbe1ce0dff28:6659c548-6093-4bea-80ac-54b8026e4970
DEBUG 2025-10-23 10:07:54,935 utils 288830 140314224355008 RT: GET refreshes https://api.powerbi.com/v1.0/myorg/groups/dc152d8a-7555-42d7-b53d-fbe1ce0dff28/datasets/35d23203-83e3-4d29-8e01-dcadfa84eebc/refreshes?$top=50
DEBUG 2025-10-23 10:07:55,138 utils 288830 140314224355008 RT: refreshes HTTP 200
DEBUG 2025-10-23 10:08:40,453 utils 288830 140314466567872 PBI: [PCP_APONTAMENTO] embed_token (cache) → pbi:embed:dc152d8a-7555-42d7-b53d-fbe1ce0dff28:6659c548-6093-4bea-80ac-54b8026e4970
DEBUG 2025-10-23 10:08:40,997 utils 288830 140314466567872 PBI: [PCP_APONTAMENTO] embed_token (cache) → pbi:embed:dc152d8a-7555-42d7-b53d-fbe1ce0dff28:6659c548-6093-4bea-80ac-54b8026e4970
DEBUG 2025-10-23 10:09:27,931 utils 288830 140314484397760 PBI: [PCP_APONTAMENTO] embed_token (cache) → pbi:embed:dc152d8a-7555-42d7-b53d-fbe1ce0dff28:6659c548-6093-4bea-80ac-54b8026e4970
DEBUG 2025-10-23 10:09:28,283 utils 288830 140314484397760 PBI: resolve dataset via https://api.powerbi.com/v1.0/myorg/groups/dc152d8a-7555-42d7-b53d-fbe1ce0dff28/reports/6659c548-6093-4bea-80ac-54b8026e4970
DEBUG 2025-10-23 10:09:29,803 utils 288830 140314484397760 PBI: reports/{id} HTTP 200
DEBUG 2025-10-23 10:09:29,804 utils 288830 140314484397760 PBI: report→dataset: dataset_id=35d23203-83e3-4d29-8e01-dcadfa84eebc | ds_group_id=dc152d8a-7555-42d7-b53d-fbe1ce0dff28
DEBUG 2025-10-23 10:09:30,212 utils 288830 140314484397760 PBI: probe dataset 35d23203-83e3-4d29-8e01-dcadfa84eebc → HTTP 200 (group dc152d8a-7555-42d7-b53d-fbe1ce0dff28)
DEBUG 2025-10-23 10:09:30,214 utils 288830 140314484397760 RT: GET refreshes https://api.powerbi.com/v1.0/myorg/groups/dc152d8a-7555-42d7-b53d-fbe1ce0dff28/datasets/35d23203-83e3-4d29-8e01-dcadfa84eebc/refreshes?$top=50
DEBUG 2025-10-23 10:09:31,569 utils 288830 140314484397760 RT: refreshes HTTP 200
DEBUG 2025-10-23 10:11:58,987 utils 288830 140314232747712 PBI: [PCP_APONTAMENTO] embed_token (cache) → pbi:embed:dc152d8a-7555-42d7-b53d-fbe1ce0dff28:6659c548-6093-4bea-80ac-54b8026e4970
DEBUG 2025-10-23 10:11:59,375 utils 288830 140314232747712 PBI: resolve cache HIT → pbi:resolve:dc152d8a-7555-42d7-b53d-fbe1ce0dff28:6659c548-6093-4bea-80ac-54b8026e4970
DEBUG 2025-10-23 10:11:59,376 utils 288830 140314232747712 RT: GET refreshes https://api.powerbi.com/v1.0/myorg/groups/dc152d8a-7555-42d7-b53d-fbe1ce0dff28/datasets/35d23203-83e3-4d29-8e01-dcadfa84eebc/refreshes?$top=50
DEBUG 2025-10-23 10:11:59,629 utils 288830 140314232747712 RT: refreshes HTTP 200
DEBUG 2025-10-23 10:12:51,068 utils 288830 140314224355008 PBI: resolve dataset via https://api.powerbi.com/v1.0/myorg/groups/dc152d8a-7555-42d7-b53d-fbe1ce0dff28/reports/ef896c5d-a882-4b0c-bdcf-ec8e350917e2
DEBUG 2025-10-23 10:12:51,081 utils 288830 140314200229568 PBI: resolve dataset via https://api.powerbi.com/v1.0/myorg/groups/dc152d8a-7555-42d7-b53d-fbe1ce0dff28/reports/01c33348-8c83-4712-9406-56c9fa7c0322
DEBUG 2025-10-23 10:12:51,086 utils 288830 140314215962304 PBI: resolve dataset via https://api.powerbi.com/v1.0/myorg/groups/dc152d8a-7555-42d7-b53d-fbe1ce0dff28/reports/90cab255-b6c1-4525-9185-0b282462f6c8
DEBUG 2025-10-23 10:12:51,243 utils 288830 140314081744576 PBI: resolve dataset via https://api.powerbi.com/v1.0/myorg/groups/dc152d8a-7555-42d7-b53d-fbe1ce0dff28/reports/87e7d9da-6b98-4a42-a8f4-f12732d3ddec
DEBUG 2025-10-23 10:12:51,345 utils 288830 140314215962304 PBI: reports/{id} HTTP 200
DEBUG 2025-10-23 10:12:51,346 utils 288830 140314200229568 PBI: reports/{id} HTTP 200
DEBUG 2025-10-23 10:12:51,346 utils 288830 140314215962304 PBI: report→dataset: dataset_id=f8c974eb-7f48-4ea5-b7e7-2cdbb92903fe | ds_group_id=dc152d8a-7555-42d7-b53d-fbe1ce0dff28
DEBUG 2025-10-23 10:12:51,347 utils 288830 140314200229568 PBI: report→dataset: dataset_id=e47999ad-d869-41f1-b88b-ff4b449fffa8 | ds_group_id=dc152d8a-7555-42d7-b53d-fbe1ce0dff28
DEBUG 2025-10-23 10:12:51,434 utils 288830 140314081744576 PBI: reports/{id} HTTP 200
DEBUG 2025-10-23 10:12:51,435 utils 288830 140314081744576 PBI: report→dataset: dataset_id=47f7ff6c-09f8-4d2b-abc5-7b9d5e81e1ea | ds_group_id=dc152d8a-7555-42d7-b53d-fbe1ce0dff28
DEBUG 2025-10-23 10:12:51,556 utils 288830 140314224355008 PBI: reports/{id} HTTP 200
DEBUG 2025-10-23 10:12:51,557 utils 288830 140314224355008 PBI: report→dataset: dataset_id=99fddc6d-4de3-4d63-beba-a143fe297fba | ds_group_id=dc152d8a-7555-42d7-b53d-fbe1ce0dff28
DEBUG 2025-10-23 10:12:51,577 utils 288830 140314200229568 PBI: probe dataset e47999ad-d869-41f1-b88b-ff4b449fffa8 → HTTP 200 (group dc152d8a-7555-42d7-b53d-fbe1ce0dff28)
DEBUG 2025-10-23 10:12:51,580 utils 288830 140314200229568 RT: GET refreshes https://api.powerbi.com/v1.0/myorg/groups/dc152d8a-7555-42d7-b53d-fbe1ce0dff28/datasets/e47999ad-d869-41f1-b88b-ff4b449fffa8/refreshes?$top=50
DEBUG 2025-10-23 10:12:51,666 utils 288830 140314215962304 PBI: probe dataset f8c974eb-7f48-4ea5-b7e7-2cdbb92903fe → HTTP 200 (group dc152d8a-7555-42d7-b53d-fbe1ce0dff28)
DEBUG 2025-10-23 10:12:51,668 utils 288830 140314215962304 RT: GET refreshes https://api.powerbi.com/v1.0/myorg/groups/dc152d8a-7555-42d7-b53d-fbe1ce0dff28/datasets/f8c974eb-7f48-4ea5-b7e7-2cdbb92903fe/refreshes?$top=50
DEBUG 2025-10-23 10:12:51,693 utils 288830 140314081744576 PBI: probe dataset 47f7ff6c-09f8-4d2b-abc5-7b9d5e81e1ea → HTTP 200 (group dc152d8a-7555-42d7-b53d-fbe1ce0dff28)
DEBUG 2025-10-23 10:12:51,694 utils 288830 140314081744576 RT: GET refreshes https://api.powerbi.com/v1.0/myorg/groups/dc152d8a-7555-42d7-b53d-fbe1ce0dff28/datasets/47f7ff6c-09f8-4d2b-abc5-7b9d5e81e1ea/refreshes?$top=50
DEBUG 2025-10-23 10:12:51,738 utils 288830 140314224355008 PBI: probe dataset 99fddc6d-4de3-4d63-beba-a143fe297fba → HTTP 200 (group dc152d8a-7555-42d7-b53d-fbe1ce0dff28)
DEBUG 2025-10-23 10:12:51,739 utils 288830 140314224355008 RT: GET refreshes https://api.powerbi.com/v1.0/myorg/groups/dc152d8a-7555-42d7-b53d-fbe1ce0dff28/datasets/99fddc6d-4de3-4d63-beba-a143fe297fba/refreshes?$top=50
DEBUG 2025-10-23 10:12:52,357 utils 288830 140314200229568 RT: refreshes HTTP 200
DEBUG 2025-10-23 10:12:52,358 utils 288830 140314081744576 RT: refreshes HTTP 200
DEBUG 2025-10-23 10:12:52,361 utils 288830 140314224355008 RT: refreshes HTTP 200
DEBUG 2025-10-23 10:12:52,397 utils 288830 140314215962304 RT: refreshes HTTP 200
DEBUG 2025-10-23 10:12:52,564 utils 288830 140314215962304 PBI: resolve dataset via https://api.powerbi.com/v1.0/myorg/groups/dc152d8a-7555-42d7-b53d-fbe1ce0dff28/reports/65c888d8-6d60-4abd-a0cb-4ad942e1ecc7
DEBUG 2025-10-23 10:12:52,615 utils 288830 140314224355008 PBI: resolve dataset via https://api.powerbi.com/v1.0/myorg/groups/dc152d8a-7555-42d7-b53d-fbe1ce0dff28/reports/47311a50-0344-4766-bd51-29c2f96f8977
DEBUG 2025-10-23 10:12:52,618 utils 288830 140314081744576 PBI: resolve dataset via https://api.powerbi.com/v1.0/myorg/groups/dc152d8a-7555-42d7-b53d-fbe1ce0dff28/reports/8588e4b0-d643-4395-9b8c-129fa6857837
DEBUG 2025-10-23 10:12:52,795 utils 288830 140314224355008 PBI: reports/{id} HTTP 200
DEBUG 2025-10-23 10:12:52,796 utils 288830 140314224355008 PBI: report→dataset: dataset_id=9c183037-64d4-49cc-b22e-a3714cd8d926 | ds_group_id=dc152d8a-7555-42d7-b53d-fbe1ce0dff28
DEBUG 2025-10-23 10:12:52,812 utils 288830 140314215962304 PBI: reports/{id} HTTP 200
DEBUG 2025-10-23 10:12:52,813 utils 288830 140314215962304 PBI: report→dataset: dataset_id=8ac0c4d9-4409-472f-8412-e7465fcdb839 | ds_group_id=dc152d8a-7555-42d7-b53d-fbe1ce0dff28
DEBUG 2025-10-23 10:12:52,837 utils 288830 140314081744576 PBI: reports/{id} HTTP 404
DEBUG 2025-10-23 10:12:52,837 utils 288830 140314081744576 PBI: reports/{id} body: {"error":{"code":"PowerBIEntityNotFound","pbi.error":{"code":"PowerBIEntityNotFound","parameters":{},"details":[],"exceptionCulprit":1}}}
ERROR 2025-10-23 10:12:52,837 utils 288830 140314081744576 PBI: erro obtendo report 8588e4b0-d643-4395-9b8c-129fa6857837 — 404 Client Error: Not Found for url: https://api.powerbi.com/v1.0/myorg/groups/dc152d8a-7555-42d7-b53d-fbe1ce0dff28/reports/8588e4b0-d643-4395-9b8c-129fa6857837
DEBUG 2025-10-23 10:12:52,987 utils 288830 140314224355008 PBI: probe dataset 9c183037-64d4-49cc-b22e-a3714cd8d926 → HTTP 200 (group dc152d8a-7555-42d7-b53d-fbe1ce0dff28)
DEBUG 2025-10-23 10:12:52,988 utils 288830 140314215962304 PBI: probe dataset 8ac0c4d9-4409-472f-8412-e7465fcdb839 → HTTP 200 (group dc152d8a-7555-42d7-b53d-fbe1ce0dff28)
DEBUG 2025-10-23 10:12:52,990 utils 288830 140314215962304 RT: GET refreshes https://api.powerbi.com/v1.0/myorg/groups/dc152d8a-7555-42d7-b53d-fbe1ce0dff28/datasets/8ac0c4d9-4409-472f-8412-e7465fcdb839/refreshes?$top=50
DEBUG 2025-10-23 10:12:52,992 utils 288830 140314224355008 RT: GET refreshes https://api.powerbi.com/v1.0/myorg/groups/dc152d8a-7555-42d7-b53d-fbe1ce0dff28/datasets/9c183037-64d4-49cc-b22e-a3714cd8d926/refreshes?$top=50
DEBUG 2025-10-23 10:12:53,329 utils 288830 140314215962304 RT: refreshes HTTP 200
DEBUG 2025-10-23 10:12:53,333 utils 288830 140314224355008 RT: refreshes HTTP 200
DEBUG 2025-10-23 10:13:03,466 utils 288830 140314215962304 PBI: resolve cache HIT → pbi:resolve:dc152d8a-7555-42d7-b53d-fbe1ce0dff28:6659c548-6093-4bea-80ac-54b8026e4970
DEBUG 2025-10-23 10:13:03,470 utils 288830 140314215962304 RT: GET refreshes https://api.powerbi.com/v1.0/myorg/groups/dc152d8a-7555-42d7-b53d-fbe1ce0dff28/datasets/35d23203-83e3-4d29-8e01-dcadfa84eebc/refreshes?$top=50
DEBUG 2025-10-23 10:13:03,718 utils 288830 140314215962304 RT: refreshes HTTP 200
DEBUG 2025-10-23 10:13:53,113 utils 288830 140314048173760 PBI: resolve cache HIT → pbi:resolve:dc152d8a-7555-42d7-b53d-fbe1ce0dff28:01c33348-8c83-4712-9406-56c9fa7c0322
DEBUG 2025-10-23 10:13:53,119 utils 288830 140314048173760 RT: GET refreshes https://api.powerbi.com/v1.0/myorg/groups/dc152d8a-7555-42d7-b53d-fbe1ce0dff28/datasets/e47999ad-d869-41f1-b88b-ff4b449fffa8/refreshes?$top=50
DEBUG 2025-10-23 10:13:53,132 utils 288830 140314064959168 PBI: resolve cache HIT → pbi:resolve:dc152d8a-7555-42d7-b53d-fbe1ce0dff28:ef896c5d-a882-4b0c-bdcf-ec8e350917e2
DEBUG 2025-10-23 10:13:53,133 utils 288830 140314064959168 RT: GET refreshes https://api.powerbi.com/v1.0/myorg/groups/dc152d8a-7555-42d7-b53d-fbe1ce0dff28/datasets/99fddc6d-4de3-4d63-beba-a143fe297fba/refreshes?$top=50
DEBUG 2025-10-23 10:13:53,139 utils 288830 140314039781056 PBI: resolve cache HIT → pbi:resolve:dc152d8a-7555-42d7-b53d-fbe1ce0dff28:90cab255-b6c1-4525-9185-0b282462f6c8
DEBUG 2025-10-23 10:13:53,139 utils 288830 140314039781056 RT: GET refreshes https://api.powerbi.com/v1.0/myorg/groups/dc152d8a-7555-42d7-b53d-fbe1ce0dff28/datasets/f8c974eb-7f48-4ea5-b7e7-2cdbb92903fe/refreshes?$top=50
DEBUG 2025-10-23 10:13:53,256 utils 288830 140314056566464 PBI: resolve cache HIT → pbi:resolve:dc152d8a-7555-42d7-b53d-fbe1ce0dff28:87e7d9da-6b98-4a42-a8f4-f12732d3ddec
DEBUG 2025-10-23 10:13:53,257 utils 288830 140314056566464 RT: GET refreshes https://api.powerbi.com/v1.0/myorg/groups/dc152d8a-7555-42d7-b53d-fbe1ce0dff28/datasets/47f7ff6c-09f8-4d2b-abc5-7b9d5e81e1ea/refreshes?$top=50
DEBUG 2025-10-23 10:13:53,309 utils 288830 140314039781056 RT: refreshes HTTP 200
DEBUG 2025-10-23 10:13:53,361 utils 288830 140314064959168 RT: refreshes HTTP 200
DEBUG 2025-10-23 10:13:53,409 utils 288830 140314039781056 PBI: resolve cache HIT → pbi:resolve:dc152d8a-7555-42d7-b53d-fbe1ce0dff28:65c888d8-6d60-4abd-a0cb-4ad942e1ecc7
DEBUG 2025-10-23 10:13:53,410 utils 288830 140314039781056 RT: GET refreshes https://api.powerbi.com/v1.0/myorg/groups/dc152d8a-7555-42d7-b53d-fbe1ce0dff28/datasets/8ac0c4d9-4409-472f-8412-e7465fcdb839/refreshes?$top=50
DEBUG 2025-10-23 10:13:53,430 utils 288830 140314056566464 RT: refreshes HTTP 200
DEBUG 2025-10-23 10:13:53,518 utils 288830 140314064959168 PBI: resolve cache HIT → pbi:resolve:dc152d8a-7555-42d7-b53d-fbe1ce0dff28:47311a50-0344-4766-bd51-29c2f96f8977
DEBUG 2025-10-23 10:13:53,519 utils 288830 140314064959168 RT: GET refreshes https://api.powerbi.com/v1.0/myorg/groups/dc152d8a-7555-42d7-b53d-fbe1ce0dff28/datasets/9c183037-64d4-49cc-b22e-a3714cd8d926/refreshes?$top=50
DEBUG 2025-10-23 10:13:53,550 utils 288830 140314048173760 RT: refreshes HTTP 200
DEBUG 2025-10-23 10:13:53,572 utils 288830 140314056566464 PBI: resolve dataset via https://api.powerbi.com/v1.0/myorg/groups/dc152d8a-7555-42d7-b53d-fbe1ce0dff28/reports/8588e4b0-d643-4395-9b8c-129fa6857837
DEBUG 2025-10-23 10:13:53,594 utils 288830 140314039781056 RT: refreshes HTTP 200
DEBUG 2025-10-23 10:13:53,745 utils 288830 140314064959168 RT: refreshes HTTP 200
DEBUG 2025-10-23 10:13:53,832 utils 288830 140314056566464 PBI: reports/{id} HTTP 404
DEBUG 2025-10-23 10:13:53,832 utils 288830 140314056566464 PBI: reports/{id} body: {"error":{"code":"PowerBIEntityNotFound","pbi.error":{"code":"PowerBIEntityNotFound","parameters":{},"details":[],"exceptionCulprit":1}}}
ERROR 2025-10-23 10:13:53,832 utils 288830 140314056566464 PBI: erro obtendo report 8588e4b0-d643-4395-9b8c-129fa6857837 — 404 Client Error: Not Found for url: https://api.powerbi.com/v1.0/myorg/groups/dc152d8a-7555-42d7-b53d-fbe1ce0dff28/reports/8588e4b0-d643-4395-9b8c-129fa6857837
DEBUG 2025-10-23 10:19:47,844 utils 932 140176316519104 PBI-Auth: client_credentials (service principal).
DEBUG 2025-10-23 10:19:48,296 utils 932 140176316519104 PBI-Auth: token adquirido, expires_in=3599
DEBUG 2025-10-23 10:19:48,298 utils 932 140176316519104 PBI: resolve dataset via https://api.powerbi.com/v1.0/myorg/groups/dc152d8a-7555-42d7-b53d-fbe1ce0dff28/reports/ef896c5d-a882-4b0c-bdcf-ec8e350917e2
DEBUG 2025-10-23 10:19:48,594 utils 932 140176316519104 PBI: reports/{id} HTTP 200
DEBUG 2025-10-23 10:19:48,594 utils 932 140176316519104 PBI: report→dataset: dataset_id=99fddc6d-4de3-4d63-beba-a143fe297fba | ds_group_id=dc152d8a-7555-42d7-b53d-fbe1ce0dff28
DEBUG 2025-10-23 10:19:48,827 utils 932 140176316519104 PBI: probe dataset 99fddc6d-4de3-4d63-beba-a143fe297fba → HTTP 200 (group dc152d8a-7555-42d7-b53d-fbe1ce0dff28)
DEBUG 2025-10-23 10:19:48,828 utils 932 140176316519104 RT: GET refreshes https://api.powerbi.com/v1.0/myorg/groups/dc152d8a-7555-42d7-b53d-fbe1ce0dff28/datasets/99fddc6d-4de3-4d63-beba-a143fe297fba/refreshes?$top=50
DEBUG 2025-10-23 10:19:49,078 utils 932 140176316519104 RT: refreshes HTTP 200
DEBUG 2025-10-23 10:19:49,119 utils 932 140176316519104 PBI: resolve dataset via https://api.powerbi.com/v1.0/myorg/groups/dc152d8a-7555-42d7-b53d-fbe1ce0dff28/reports/6659c548-6093-4bea-80ac-54b8026e4970
DEBUG 2025-10-23 10:19:49,346 utils 932 140176316519104 PBI: reports/{id} HTTP 200
DEBUG 2025-10-23 10:19:49,347 utils 932 140176316519104 PBI: report→dataset: dataset_id=35d23203-83e3-4d29-8e01-dcadfa84eebc | ds_group_id=dc152d8a-7555-42d7-b53d-fbe1ce0dff28
DEBUG 2025-10-23 10:19:49,545 utils 932 140176316519104 PBI: probe dataset 35d23203-83e3-4d29-8e01-dcadfa84eebc → HTTP 200 (group dc152d8a-7555-42d7-b53d-fbe1ce0dff28)
DEBUG 2025-10-23 10:19:49,545 utils 932 140176316519104 RT: GET refreshes https://api.powerbi.com/v1.0/myorg/groups/dc152d8a-7555-42d7-b53d-fbe1ce0dff28/datasets/35d23203-83e3-4d29-8e01-dcadfa84eebc/refreshes?$top=50
DEBUG 2025-10-23 10:19:50,325 utils 932 140176316519104 RT: refreshes HTTP 200
DEBUG 2025-10-23 10:19:50,367 utils 932 140176316519104 PBI: resolve dataset via https://api.powerbi.com/v1.0/myorg/groups/dc152d8a-7555-42d7-b53d-fbe1ce0dff28/reports/01c33348-8c83-4712-9406-56c9fa7c0322
DEBUG 2025-10-23 10:19:50,541 utils 932 140176316519104 PBI: reports/{id} HTTP 200
DEBUG 2025-10-23 10:19:50,541 utils 932 140176316519104 PBI: report→dataset: dataset_id=e47999ad-d869-41f1-b88b-ff4b449fffa8 | ds_group_id=dc152d8a-7555-42d7-b53d-fbe1ce0dff28
DEBUG 2025-10-23 10:19:50,729 utils 932 140176316519104 PBI: probe dataset e47999ad-d869-41f1-b88b-ff4b449fffa8 → HTTP 200 (group dc152d8a-7555-42d7-b53d-fbe1ce0dff28)
DEBUG 2025-10-23 10:19:50,730 utils 932 140176316519104 RT: GET refreshes https://api.powerbi.com/v1.0/myorg/groups/dc152d8a-7555-42d7-b53d-fbe1ce0dff28/datasets/e47999ad-d869-41f1-b88b-ff4b449fffa8/refreshes?$top=50
DEBUG 2025-10-23 10:19:51,585 utils 932 140176316519104 RT: refreshes HTTP 200
DEBUG 2025-10-23 10:19:51,642 utils 932 140176316519104 PBI: resolve dataset via https://api.powerbi.com/v1.0/myorg/groups/dc152d8a-7555-42d7-b53d-fbe1ce0dff28/reports/90cab255-b6c1-4525-9185-0b282462f6c8
DEBUG 2025-10-23 10:19:51,841 utils 932 140176316519104 PBI: reports/{id} HTTP 200
DEBUG 2025-10-23 10:19:51,841 utils 932 140176316519104 PBI: report→dataset: dataset_id=f8c974eb-7f48-4ea5-b7e7-2cdbb92903fe | ds_group_id=dc152d8a-7555-42d7-b53d-fbe1ce0dff28
DEBUG 2025-10-23 10:19:52,087 utils 932 140176316519104 PBI: probe dataset f8c974eb-7f48-4ea5-b7e7-2cdbb92903fe → HTTP 200 (group dc152d8a-7555-42d7-b53d-fbe1ce0dff28)
DEBUG 2025-10-23 10:19:52,088 utils 932 140176316519104 RT: GET refreshes https://api.powerbi.com/v1.0/myorg/groups/dc152d8a-7555-42d7-b53d-fbe1ce0dff28/datasets/f8c974eb-7f48-4ea5-b7e7-2cdbb92903fe/refreshes?$top=50
DEBUG 2025-10-23 10:19:52,851 utils 932 140176316519104 RT: refreshes HTTP 200
DEBUG 2025-10-23 10:19:52,914 utils 932 140176316519104 PBI: resolve dataset via https://api.powerbi.com/v1.0/myorg/groups/dc152d8a-7555-42d7-b53d-fbe1ce0dff28/reports/87e7d9da-6b98-4a42-a8f4-f12732d3ddec
DEBUG 2025-10-23 10:19:53,166 utils 932 140176316519104 PBI: reports/{id} HTTP 200
DEBUG 2025-10-23 10:19:53,167 utils 932 140176316519104 PBI: report→dataset: dataset_id=47f7ff6c-09f8-4d2b-abc5-7b9d5e81e1ea | ds_group_id=dc152d8a-7555-42d7-b53d-fbe1ce0dff28
DEBUG 2025-10-23 10:19:53,471 utils 932 140176316519104 PBI: probe dataset 47f7ff6c-09f8-4d2b-abc5-7b9d5e81e1ea → HTTP 200 (group dc152d8a-7555-42d7-b53d-fbe1ce0dff28)
DEBUG 2025-10-23 10:19:53,472 utils 932 140176316519104 RT: GET refreshes https://api.powerbi.com/v1.0/myorg/groups/dc152d8a-7555-42d7-b53d-fbe1ce0dff28/datasets/47f7ff6c-09f8-4d2b-abc5-7b9d5e81e1ea/refreshes?$top=50
DEBUG 2025-10-23 10:19:54,509 utils 932 140176316519104 RT: refreshes HTTP 200
DEBUG 2025-10-23 10:19:54,563 utils 932 140176316519104 PBI: resolve dataset via https://api.powerbi.com/v1.0/myorg/groups/dc152d8a-7555-42d7-b53d-fbe1ce0dff28/reports/65c888d8-6d60-4abd-a0cb-4ad942e1ecc7
DEBUG 2025-10-23 10:19:54,867 utils 932 140176316519104 PBI: reports/{id} HTTP 200
DEBUG 2025-10-23 10:19:54,868 utils 932 140176316519104 PBI: report→dataset: dataset_id=8ac0c4d9-4409-472f-8412-e7465fcdb839 | ds_group_id=dc152d8a-7555-42d7-b53d-fbe1ce0dff28
DEBUG 2025-10-23 10:19:55,294 utils 932 140176316519104 PBI: probe dataset 8ac0c4d9-4409-472f-8412-e7465fcdb839 → HTTP 200 (group dc152d8a-7555-42d7-b53d-fbe1ce0dff28)
DEBUG 2025-10-23 10:19:55,295 utils 932 140176316519104 RT: GET refreshes https://api.powerbi.com/v1.0/myorg/groups/dc152d8a-7555-42d7-b53d-fbe1ce0dff28/datasets/8ac0c4d9-4409-472f-8412-e7465fcdb839/refreshes?$top=50
DEBUG 2025-10-23 10:19:55,698 utils 932 140176316519104 RT: refreshes HTTP 200
DEBUG 2025-10-23 10:19:55,745 utils 932 140176316519104 PBI: resolve dataset via https://api.powerbi.com/v1.0/myorg/groups/dc152d8a-7555-42d7-b53d-fbe1ce0dff28/reports/47311a50-0344-4766-bd51-29c2f96f8977
DEBUG 2025-10-23 10:19:56,005 utils 932 140176316519104 PBI: reports/{id} HTTP 200
DEBUG 2025-10-23 10:19:56,005 utils 932 140176316519104 PBI: report→dataset: dataset_id=9c183037-64d4-49cc-b22e-a3714cd8d926 | ds_group_id=dc152d8a-7555-42d7-b53d-fbe1ce0dff28
DEBUG 2025-10-23 10:19:56,385 utils 932 140176316519104 PBI: probe dataset 9c183037-64d4-49cc-b22e-a3714cd8d926 → HTTP 200 (group dc152d8a-7555-42d7-b53d-fbe1ce0dff28)
DEBUG 2025-10-23 10:19:56,386 utils 932 140176316519104 RT: GET refreshes https://api.powerbi.com/v1.0/myorg/groups/dc152d8a-7555-42d7-b53d-fbe1ce0dff28/datasets/9c183037-64d4-49cc-b22e-a3714cd8d926/refreshes?$top=50
DEBUG 2025-10-23 10:19:57,744 utils 932 140176316519104 RT: refreshes HTTP 200
DEBUG 2025-10-23 10:19:57,804 utils 932 140176316519104 PBI: resolve dataset via https://api.powerbi.com/v1.0/myorg/groups/dc152d8a-7555-42d7-b53d-fbe1ce0dff28/reports/8588e4b0-d643-4395-9b8c-129fa6857837
DEBUG 2025-10-23 10:19:57,986 utils 932 140176316519104 PBI: reports/{id} HTTP 404
DEBUG 2025-10-23 10:19:57,987 utils 932 140176316519104 PBI: reports/{id} body: {"error":{"code":"PowerBIEntityNotFound","pbi.error":{"code":"PowerBIEntityNotFound","parameters":{},"details":[],"exceptionCulprit":1}}}
ERROR 2025-10-23 10:19:57,987 utils 932 140176316519104 PBI: erro obtendo report 8588e4b0-d643-4395-9b8c-129fa6857837 — 404 Client Error: Not Found for url: https://api.powerbi.com/v1.0/myorg/groups/dc152d8a-7555-42d7-b53d-fbe1ce0dff28/reports/8588e4b0-d643-4395-9b8c-129fa6857837
DEBUG 2025-10-23 10:20:39,635 utils 932 140176316519104 PBI: GET report info → https://api.powerbi.com/v1.0/myorg/groups/dc152d8a-7555-42d7-b53d-fbe1ce0dff28/reports/ef896c5d-a882-4b0c-bdcf-ec8e350917e2
DEBUG 2025-10-23 10:20:39,840 utils 932 140176316519104 PBI: report info HTTP 200
DEBUG 2025-10-23 10:20:39,841 utils 932 140176316519104 PBI: report SGQ → dataset_id=99fddc6d-4de3-4d63-beba-a143fe297fba
DEBUG 2025-10-23 10:20:40,095 utils 932 140176316519104 PBI-DBG: GET dataset (myorg) HTTP 403
DEBUG 2025-10-23 10:20:40,096 utils 932 140176316519104 PBI-DBG: dataset body: {"Message":"API is not accessible for application"}
DEBUG 2025-10-23 10:20:40,303 utils 932 140176316519104 PBI: GenerateToken HTTP 200
INFO 2025-10-23 10:20:40,304 utils 932 140176316519104 PBI: [SGQ] embed_token gerado e cacheado (3000s).
DEBUG 2025-10-23 10:20:59,000 utils 932 140176316519104 PBI: resolve cache HIT → pbi:resolve:dc152d8a-7555-42d7-b53d-fbe1ce0dff28:ef896c5d-a882-4b0c-bdcf-ec8e350917e2
DEBUG 2025-10-23 10:20:59,000 utils 932 140176316519104 RT: GET refreshes https://api.powerbi.com/v1.0/myorg/groups/dc152d8a-7555-42d7-b53d-fbe1ce0dff28/datasets/99fddc6d-4de3-4d63-beba-a143fe297fba/refreshes?$top=50
DEBUG 2025-10-23 10:20:59,233 utils 932 140176316519104 RT: refreshes HTTP 200
DEBUG 2025-10-23 10:21:11,001 utils 932 140176316519104 PBI: resolve cache HIT → pbi:resolve:dc152d8a-7555-42d7-b53d-fbe1ce0dff28:6659c548-6093-4bea-80ac-54b8026e4970
DEBUG 2025-10-23 10:21:11,003 utils 932 140176316519104 RT: GET refreshes https://api.powerbi.com/v1.0/myorg/groups/dc152d8a-7555-42d7-b53d-fbe1ce0dff28/datasets/35d23203-83e3-4d29-8e01-dcadfa84eebc/refreshes?$top=50
DEBUG 2025-10-23 10:21:11,365 utils 932 140176316519104 RT: refreshes HTTP 200
DEBUG 2025-10-23 10:21:11,452 utils 932 140176316519104 PBI: resolve cache HIT → pbi:resolve:dc152d8a-7555-42d7-b53d-fbe1ce0dff28:01c33348-8c83-4712-9406-56c9fa7c0322
DEBUG 2025-10-23 10:21:11,453 utils 932 140176316519104 RT: GET refreshes https://api.powerbi.com/v1.0/myorg/groups/dc152d8a-7555-42d7-b53d-fbe1ce0dff28/datasets/e47999ad-d869-41f1-b88b-ff4b449fffa8/refreshes?$top=50
DEBUG 2025-10-23 10:21:11,628 utils 932 140176316519104 RT: refreshes HTTP 200
DEBUG 2025-10-23 10:21:11,669 utils 932 140176316519104 PBI: resolve cache HIT → pbi:resolve:dc152d8a-7555-42d7-b53d-fbe1ce0dff28:90cab255-b6c1-4525-9185-0b282462f6c8
DEBUG 2025-10-23 10:21:11,669 utils 932 140176316519104 RT: GET refreshes https://api.powerbi.com/v1.0/myorg/groups/dc152d8a-7555-42d7-b53d-fbe1ce0dff28/datasets/f8c974eb-7f48-4ea5-b7e7-2cdbb92903fe/refreshes?$top=50
DEBUG 2025-10-23 10:21:11,993 utils 932 140176316519104 RT: refreshes HTTP 200
DEBUG 2025-10-23 10:21:12,051 utils 932 140176316519104 PBI: resolve cache HIT → pbi:resolve:dc152d8a-7555-42d7-b53d-fbe1ce0dff28:87e7d9da-6b98-4a42-a8f4-f12732d3ddec
DEBUG 2025-10-23 10:21:12,051 utils 932 140176316519104 RT: GET refreshes https://api.powerbi.com/v1.0/myorg/groups/dc152d8a-7555-42d7-b53d-fbe1ce0dff28/datasets/47f7ff6c-09f8-4d2b-abc5-7b9d5e81e1ea/refreshes?$top=50
DEBUG 2025-10-23 10:21:12,344 utils 932 140176316519104 RT: refreshes HTTP 200
DEBUG 2025-10-23 10:21:12,409 utils 932 140176316519104 PBI: resolve cache HIT → pbi:resolve:dc152d8a-7555-42d7-b53d-fbe1ce0dff28:65c888d8-6d60-4abd-a0cb-4ad942e1ecc7
DEBUG 2025-10-23 10:21:12,409 utils 932 140176316519104 RT: GET refreshes https://api.powerbi.com/v1.0/myorg/groups/dc152d8a-7555-42d7-b53d-fbe1ce0dff28/datasets/8ac0c4d9-4409-472f-8412-e7465fcdb839/refreshes?$top=50
DEBUG 2025-10-23 10:21:12,598 utils 932 140176316519104 RT: refreshes HTTP 200
DEBUG 2025-10-23 10:21:12,639 utils 932 140176316519104 PBI: resolve cache HIT → pbi:resolve:dc152d8a-7555-42d7-b53d-fbe1ce0dff28:47311a50-0344-4766-bd51-29c2f96f8977
DEBUG 2025-10-23 10:21:12,639 utils 932 140176316519104 RT: GET refreshes https://api.powerbi.com/v1.0/myorg/groups/dc152d8a-7555-42d7-b53d-fbe1ce0dff28/datasets/9c183037-64d4-49cc-b22e-a3714cd8d926/refreshes?$top=50
DEBUG 2025-10-23 10:21:12,872 utils 932 140176316519104 RT: refreshes HTTP 200
DEBUG 2025-10-23 10:21:12,910 utils 932 140176316519104 PBI: resolve dataset via https://api.powerbi.com/v1.0/myorg/groups/dc152d8a-7555-42d7-b53d-fbe1ce0dff28/reports/8588e4b0-d643-4395-9b8c-129fa6857837
DEBUG 2025-10-23 10:21:13,140 utils 932 140176316519104 PBI: reports/{id} HTTP 404
DEBUG 2025-10-23 10:21:13,141 utils 932 140176316519104 PBI: reports/{id} body: {"error":{"code":"PowerBIEntityNotFound","pbi.error":{"code":"PowerBIEntityNotFound","parameters":{},"details":[],"exceptionCulprit":1}}}
ERROR 2025-10-23 10:21:13,141 utils 932 140176316519104 PBI: erro obtendo report 8588e4b0-d643-4395-9b8c-129fa6857837 — 404 Client Error: Not Found for url: https://api.powerbi.com/v1.0/myorg/groups/dc152d8a-7555-42d7-b53d-fbe1ce0dff28/reports/8588e4b0-d643-4395-9b8c-129fa6857837
DEBUG 2025-10-23 10:21:55,354 utils 932 140176316519104 PBI: resolve cache HIT → pbi:resolve:dc152d8a-7555-42d7-b53d-fbe1ce0dff28:ef896c5d-a882-4b0c-bdcf-ec8e350917e2
DEBUG 2025-10-23 10:21:55,355 utils 932 140176316519104 RT: GET refreshes https://api.powerbi.com/v1.0/myorg/groups/dc152d8a-7555-42d7-b53d-fbe1ce0dff28/datasets/99fddc6d-4de3-4d63-beba-a143fe297fba/refreshes?$top=50
DEBUG 2025-10-23 10:21:55,591 utils 932 140176316519104 RT: refreshes HTTP 200
DEBUG 2025-10-23 10:22:07,469 utils 932 140176316519104 PBI: resolve cache HIT → pbi:resolve:dc152d8a-7555-42d7-b53d-fbe1ce0dff28:6659c548-6093-4bea-80ac-54b8026e4970
DEBUG 2025-10-23 10:22:07,470 utils 932 140176316519104 RT: GET refreshes https://api.powerbi.com/v1.0/myorg/groups/dc152d8a-7555-42d7-b53d-fbe1ce0dff28/datasets/35d23203-83e3-4d29-8e01-dcadfa84eebc/refreshes?$top=50
DEBUG 2025-10-23 10:22:07,805 utils 932 140176316519104 RT: refreshes HTTP 200
DEBUG 2025-10-23 10:22:07,865 utils 932 140176316519104 PBI: resolve cache HIT → pbi:resolve:dc152d8a-7555-42d7-b53d-fbe1ce0dff28:90cab255-b6c1-4525-9185-0b282462f6c8
DEBUG 2025-10-23 10:22:07,865 utils 932 140176316519104 RT: GET refreshes https://api.powerbi.com/v1.0/myorg/groups/dc152d8a-7555-42d7-b53d-fbe1ce0dff28/datasets/f8c974eb-7f48-4ea5-b7e7-2cdbb92903fe/refreshes?$top=50
DEBUG 2025-10-23 10:22:08,128 utils 932 140176316519104 RT: refreshes HTTP 200
DEBUG 2025-10-23 10:22:08,169 utils 932 140176316519104 PBI: resolve cache HIT → pbi:resolve:dc152d8a-7555-42d7-b53d-fbe1ce0dff28:01c33348-8c83-4712-9406-56c9fa7c0322
DEBUG 2025-10-23 10:22:08,170 utils 932 140176316519104 RT: GET refreshes https://api.powerbi.com/v1.0/myorg/groups/dc152d8a-7555-42d7-b53d-fbe1ce0dff28/datasets/e47999ad-d869-41f1-b88b-ff4b449fffa8/refreshes?$top=50
DEBUG 2025-10-23 10:22:08,385 utils 932 140176316519104 RT: refreshes HTTP 200
DEBUG 2025-10-23 10:22:08,440 utils 932 140176316519104 PBI: resolve cache HIT → pbi:resolve:dc152d8a-7555-42d7-b53d-fbe1ce0dff28:87e7d9da-6b98-4a42-a8f4-f12732d3ddec
DEBUG 2025-10-23 10:22:08,440 utils 932 140176316519104 RT: GET refreshes https://api.powerbi.com/v1.0/myorg/groups/dc152d8a-7555-42d7-b53d-fbe1ce0dff28/datasets/47f7ff6c-09f8-4d2b-abc5-7b9d5e81e1ea/refreshes?$top=50
DEBUG 2025-10-23 10:22:08,746 utils 932 140176316519104 RT: refreshes HTTP 200
DEBUG 2025-10-23 10:22:08,807 utils 932 140176316519104 PBI: resolve cache HIT → pbi:resolve:dc152d8a-7555-42d7-b53d-fbe1ce0dff28:65c888d8-6d60-4abd-a0cb-4ad942e1ecc7
DEBUG 2025-10-23 10:22:08,808 utils 932 140176316519104 RT: GET refreshes https://api.powerbi.com/v1.0/myorg/groups/dc152d8a-7555-42d7-b53d-fbe1ce0dff28/datasets/8ac0c4d9-4409-472f-8412-e7465fcdb839/refreshes?$top=50
DEBUG 2025-10-23 10:22:08,984 utils 932 140176316519104 RT: refreshes HTTP 200
DEBUG 2025-10-23 10:22:09,032 utils 932 140176316519104 PBI: resolve cache HIT → pbi:resolve:dc152d8a-7555-42d7-b53d-fbe1ce0dff28:47311a50-0344-4766-bd51-29c2f96f8977
DEBUG 2025-10-23 10:22:09,032 utils 932 140176316519104 RT: GET refreshes https://api.powerbi.com/v1.0/myorg/groups/dc152d8a-7555-42d7-b53d-fbe1ce0dff28/datasets/9c183037-64d4-49cc-b22e-a3714cd8d926/refreshes?$top=50
DEBUG 2025-10-23 10:22:09,260 utils 932 140176316519104 RT: refreshes HTTP 200
DEBUG 2025-10-23 10:22:09,315 utils 932 140176316519104 PBI: resolve dataset via https://api.powerbi.com/v1.0/myorg/groups/dc152d8a-7555-42d7-b53d-fbe1ce0dff28/reports/8588e4b0-d643-4395-9b8c-129fa6857837
DEBUG 2025-10-23 10:22:09,475 utils 932 140176316519104 PBI: reports/{id} HTTP 404
DEBUG 2025-10-23 10:22:09,475 utils 932 140176316519104 PBI: reports/{id} body: {"error":{"code":"PowerBIEntityNotFound","pbi.error":{"code":"PowerBIEntityNotFound","parameters":{},"details":[],"exceptionCulprit":1}}}
ERROR 2025-10-23 10:22:09,475 utils 932 140176316519104 PBI: erro obtendo report 8588e4b0-d643-4395-9b8c-129fa6857837 — 404 Client Error: Not Found for url: https://api.powerbi.com/v1.0/myorg/groups/dc152d8a-7555-42d7-b53d-fbe1ce0dff28/reports/8588e4b0-d643-4395-9b8c-129fa6857837
DEBUG 2025-10-23 10:23:16,430 utils 932 140176316519104 PBI: resolve cache HIT → pbi:resolve:dc152d8a-7555-42d7-b53d-fbe1ce0dff28:6659c548-6093-4bea-80ac-54b8026e4970
DEBUG 2025-10-23 10:23:16,431 utils 932 140176316519104 RT: GET refreshes https://api.powerbi.com/v1.0/myorg/groups/dc152d8a-7555-42d7-b53d-fbe1ce0dff28/datasets/35d23203-83e3-4d29-8e01-dcadfa84eebc/refreshes?$top=50
DEBUG 2025-10-23 10:23:16,667 utils 932 140176316519104 RT: refreshes HTTP 200
DEBUG 2025-10-23 10:23:16,712 utils 932 140176316519104 PBI: resolve cache HIT → pbi:resolve:dc152d8a-7555-42d7-b53d-fbe1ce0dff28:01c33348-8c83-4712-9406-56c9fa7c0322
DEBUG 2025-10-23 10:23:16,712 utils 932 140176316519104 RT: GET refreshes https://api.powerbi.com/v1.0/myorg/groups/dc152d8a-7555-42d7-b53d-fbe1ce0dff28/datasets/e47999ad-d869-41f1-b88b-ff4b449fffa8/refreshes?$top=50
DEBUG 2025-10-23 10:23:16,905 utils 932 140176316519104 RT: refreshes HTTP 200
DEBUG 2025-10-23 10:23:16,948 utils 932 140176316519104 PBI: resolve cache HIT → pbi:resolve:dc152d8a-7555-42d7-b53d-fbe1ce0dff28:90cab255-b6c1-4525-9185-0b282462f6c8
DEBUG 2025-10-23 10:23:16,948 utils 932 140176316519104 RT: GET refreshes https://api.powerbi.com/v1.0/myorg/groups/dc152d8a-7555-42d7-b53d-fbe1ce0dff28/datasets/f8c974eb-7f48-4ea5-b7e7-2cdbb92903fe/refreshes?$top=50
DEBUG 2025-10-23 10:23:17,170 utils 932 140176316519104 RT: refreshes HTTP 200
DEBUG 2025-10-23 10:23:17,211 utils 932 140176316519104 PBI: resolve cache HIT → pbi:resolve:dc152d8a-7555-42d7-b53d-fbe1ce0dff28:87e7d9da-6b98-4a42-a8f4-f12732d3ddec
DEBUG 2025-10-23 10:23:17,211 utils 932 140176316519104 RT: GET refreshes https://api.powerbi.com/v1.0/myorg/groups/dc152d8a-7555-42d7-b53d-fbe1ce0dff28/datasets/47f7ff6c-09f8-4d2b-abc5-7b9d5e81e1ea/refreshes?$top=50
DEBUG 2025-10-23 10:23:17,376 utils 932 140176316519104 RT: refreshes HTTP 200
DEBUG 2025-10-23 10:23:17,416 utils 932 140176316519104 PBI: resolve cache HIT → pbi:resolve:dc152d8a-7555-42d7-b53d-fbe1ce0dff28:65c888d8-6d60-4abd-a0cb-4ad942e1ecc7
DEBUG 2025-10-23 10:23:17,416 utils 932 140176316519104 RT: GET refreshes https://api.powerbi.com/v1.0/myorg/groups/dc152d8a-7555-42d7-b53d-fbe1ce0dff28/datasets/8ac0c4d9-4409-472f-8412-e7465fcdb839/refreshes?$top=50
DEBUG 2025-10-23 10:23:17,695 utils 932 140176316519104 RT: refreshes HTTP 200
DEBUG 2025-10-23 10:23:17,735 utils 932 140176316519104 PBI: resolve cache HIT → pbi:resolve:dc152d8a-7555-42d7-b53d-fbe1ce0dff28:47311a50-0344-4766-bd51-29c2f96f8977
DEBUG 2025-10-23 10:23:17,735 utils 932 140176316519104 RT: GET refreshes https://api.powerbi.com/v1.0/myorg/groups/dc152d8a-7555-42d7-b53d-fbe1ce0dff28/datasets/9c183037-64d4-49cc-b22e-a3714cd8d926/refreshes?$top=50
DEBUG 2025-10-23 10:23:17,954 utils 932 140176316519104 RT: refreshes HTTP 200
DEBUG 2025-10-23 10:23:17,998 utils 932 140176316519104 PBI: resolve dataset via https://api.powerbi.com/v1.0/myorg/groups/dc152d8a-7555-42d7-b53d-fbe1ce0dff28/reports/8588e4b0-d643-4395-9b8c-129fa6857837
DEBUG 2025-10-23 10:23:18,227 utils 932 140176316519104 PBI: reports/{id} HTTP 404
DEBUG 2025-10-23 10:23:18,231 utils 932 140176316519104 PBI: reports/{id} body: {"error":{"code":"PowerBIEntityNotFound","pbi.error":{"code":"PowerBIEntityNotFound","parameters":{},"details":[],"exceptionCulprit":1}}}
ERROR 2025-10-23 10:23:18,231 utils 932 140176316519104 PBI: erro obtendo report 8588e4b0-d643-4395-9b8c-129fa6857837 — 404 Client Error: Not Found for url: https://api.powerbi.com/v1.0/myorg/groups/dc152d8a-7555-42d7-b53d-fbe1ce0dff28/reports/8588e4b0-d643-4395-9b8c-129fa6857837
DEBUG 2025-10-23 10:23:21,447 utils 932 140176316519104 PBI: [SGQ] embed_token (cache) → pbi:embed:dc152d8a-7555-42d7-b53d-fbe1ce0dff28:ef896c5d-a882-4b0c-bdcf-ec8e350917e2
DEBUG 2025-10-23 10:23:21,970 utils 932 140176316519104 PBI: resolve cache HIT → pbi:resolve:dc152d8a-7555-42d7-b53d-fbe1ce0dff28:ef896c5d-a882-4b0c-bdcf-ec8e350917e2
DEBUG 2025-10-23 10:23:21,971 utils 932 140176316519104 RT: GET refreshes https://api.powerbi.com/v1.0/myorg/groups/dc152d8a-7555-42d7-b53d-fbe1ce0dff28/datasets/99fddc6d-4de3-4d63-beba-a143fe297fba/refreshes?$top=50
DEBUG 2025-10-23 10:23:22,392 utils 932 140176316519104 RT: refreshes HTTP 200
DEBUG 2025-10-23 10:28:16,462 utils 932 140176316519104 PBI: resolve dataset via https://api.powerbi.com/v1.0/myorg/groups/dc152d8a-7555-42d7-b53d-fbe1ce0dff28/reports/6659c548-6093-4bea-80ac-54b8026e4970
DEBUG 2025-10-23 10:28:17,618 utils 932 140176316519104 PBI: reports/{id} HTTP 200
DEBUG 2025-10-23 10:28:17,619 utils 932 140176316519104 PBI: report→dataset: dataset_id=35d23203-83e3-4d29-8e01-dcadfa84eebc | ds_group_id=dc152d8a-7555-42d7-b53d-fbe1ce0dff28
DEBUG 2025-10-23 10:28:17,782 utils 932 140176316519104 PBI: probe dataset 35d23203-83e3-4d29-8e01-dcadfa84eebc → HTTP 200 (group dc152d8a-7555-42d7-b53d-fbe1ce0dff28)
DEBUG 2025-10-23 10:28:17,783 utils 932 140176316519104 RT: GET refreshes https://api.powerbi.com/v1.0/myorg/groups/dc152d8a-7555-42d7-b53d-fbe1ce0dff28/datasets/35d23203-83e3-4d29-8e01-dcadfa84eebc/refreshes?$top=50
DEBUG 2025-10-23 10:28:18,511 utils 932 140176316519104 RT: refreshes HTTP 200
DEBUG 2025-10-23 10:28:18,571 utils 932 140176316519104 PBI: resolve dataset via https://api.powerbi.com/v1.0/myorg/groups/dc152d8a-7555-42d7-b53d-fbe1ce0dff28/reports/01c33348-8c83-4712-9406-56c9fa7c0322
DEBUG 2025-10-23 10:28:18,715 utils 932 140176316519104 PBI: reports/{id} HTTP 200
DEBUG 2025-10-23 10:28:18,715 utils 932 140176316519104 PBI: report→dataset: dataset_id=e47999ad-d869-41f1-b88b-ff4b449fffa8 | ds_group_id=dc152d8a-7555-42d7-b53d-fbe1ce0dff28
DEBUG 2025-10-23 10:28:18,870 utils 932 140176316519104 PBI: probe dataset e47999ad-d869-41f1-b88b-ff4b449fffa8 → HTTP 200 (group dc152d8a-7555-42d7-b53d-fbe1ce0dff28)
DEBUG 2025-10-23 10:28:18,871 utils 932 140176316519104 RT: GET refreshes https://api.powerbi.com/v1.0/myorg/groups/dc152d8a-7555-42d7-b53d-fbe1ce0dff28/datasets/e47999ad-d869-41f1-b88b-ff4b449fffa8/refreshes?$top=50
DEBUG 2025-10-23 10:28:19,408 utils 932 140176316519104 RT: refreshes HTTP 200
DEBUG 2025-10-23 10:28:19,453 utils 932 140176316519104 PBI: resolve dataset via https://api.powerbi.com/v1.0/myorg/groups/dc152d8a-7555-42d7-b53d-fbe1ce0dff28/reports/90cab255-b6c1-4525-9185-0b282462f6c8
DEBUG 2025-10-23 10:28:19,581 utils 932 140176316519104 PBI: reports/{id} HTTP 200
DEBUG 2025-10-23 10:28:19,582 utils 932 140176316519104 PBI: report→dataset: dataset_id=f8c974eb-7f48-4ea5-b7e7-2cdbb92903fe | ds_group_id=dc152d8a-7555-42d7-b53d-fbe1ce0dff28
DEBUG 2025-10-23 10:28:19,768 utils 932 140176316519104 PBI: probe dataset f8c974eb-7f48-4ea5-b7e7-2cdbb92903fe → HTTP 200 (group dc152d8a-7555-42d7-b53d-fbe1ce0dff28)
DEBUG 2025-10-23 10:28:19,769 utils 932 140176316519104 RT: GET refreshes https://api.powerbi.com/v1.0/myorg/groups/dc152d8a-7555-42d7-b53d-fbe1ce0dff28/datasets/f8c974eb-7f48-4ea5-b7e7-2cdbb92903fe/refreshes?$top=50
DEBUG 2025-10-23 10:28:20,328 utils 932 140176316519104 RT: refreshes HTTP 200
DEBUG 2025-10-23 10:28:20,369 utils 932 140176316519104 PBI: resolve dataset via https://api.powerbi.com/v1.0/myorg/groups/dc152d8a-7555-42d7-b53d-fbe1ce0dff28/reports/87e7d9da-6b98-4a42-a8f4-f12732d3ddec
DEBUG 2025-10-23 10:28:20,549 utils 932 140176316519104 PBI: reports/{id} HTTP 200
DEBUG 2025-10-23 10:28:20,549 utils 932 140176316519104 PBI: report→dataset: dataset_id=47f7ff6c-09f8-4d2b-abc5-7b9d5e81e1ea | ds_group_id=dc152d8a-7555-42d7-b53d-fbe1ce0dff28
DEBUG 2025-10-23 10:28:20,768 utils 932 140176316519104 PBI: probe dataset 47f7ff6c-09f8-4d2b-abc5-7b9d5e81e1ea → HTTP 200 (group dc152d8a-7555-42d7-b53d-fbe1ce0dff28)
DEBUG 2025-10-23 10:28:20,769 utils 932 140176316519104 RT: GET refreshes https://api.powerbi.com/v1.0/myorg/groups/dc152d8a-7555-42d7-b53d-fbe1ce0dff28/datasets/47f7ff6c-09f8-4d2b-abc5-7b9d5e81e1ea/refreshes?$top=50
DEBUG 2025-10-23 10:28:21,050 utils 932 140176316519104 RT: refreshes HTTP 200
DEBUG 2025-10-23 10:33:31,655 utils 1796 140542271813312 PBI-Auth: client_credentials (service principal).
DEBUG 2025-10-23 10:33:31,788 utils 1796 140542251882176 PBI-Auth: client_credentials (service principal).
DEBUG 2025-10-23 10:33:32,001 utils 1796 140542243489472 PBI-Auth: client_credentials (service principal).
DEBUG 2025-10-23 10:33:32,009 utils 1796 140542235096768 PBI-Auth: client_credentials (service principal).
DEBUG 2025-10-23 10:33:32,152 utils 1796 140542271813312 PBI-Auth: token adquirido, expires_in=3599
DEBUG 2025-10-23 10:33:32,153 utils 1796 140542271813312 PBI: resolve dataset via https://api.powerbi.com/v1.0/myorg/groups/dc152d8a-7555-42d7-b53d-fbe1ce0dff28/reports/6659c548-6093-4bea-80ac-54b8026e4970
DEBUG 2025-10-23 10:33:32,248 utils 1796 140542251882176 PBI-Auth: token adquirido, expires_in=3599
DEBUG 2025-10-23 10:33:32,252 utils 1796 140542251882176 PBI: resolve dataset via https://api.powerbi.com/v1.0/myorg/groups/dc152d8a-7555-42d7-b53d-fbe1ce0dff28/reports/90cab255-b6c1-4525-9185-0b282462f6c8
DEBUG 2025-10-23 10:33:32,424 utils 1796 140542271813312 PBI: reports/{id} HTTP 200
DEBUG 2025-10-23 10:33:32,425 utils 1796 140542271813312 PBI: report→dataset: dataset_id=35d23203-83e3-4d29-8e01-dcadfa84eebc | ds_group_id=dc152d8a-7555-42d7-b53d-fbe1ce0dff28
DEBUG 2025-10-23 10:33:32,452 utils 1796 140542243489472 PBI-Auth: token adquirido, expires_in=3599
DEBUG 2025-10-23 10:33:32,453 utils 1796 140542243489472 PBI: resolve dataset via https://api.powerbi.com/v1.0/myorg/groups/dc152d8a-7555-42d7-b53d-fbe1ce0dff28/reports/01c33348-8c83-4712-9406-56c9fa7c0322
DEBUG 2025-10-23 10:33:32,517 utils 1796 140542235096768 PBI-Auth: token adquirido, expires_in=3599
DEBUG 2025-10-23 10:33:32,518 utils 1796 140542235096768 PBI: resolve dataset via https://api.powerbi.com/v1.0/myorg/groups/dc152d8a-7555-42d7-b53d-fbe1ce0dff28/reports/87e7d9da-6b98-4a42-a8f4-f12732d3ddec
DEBUG 2025-10-23 10:33:32,578 utils 1796 140542251882176 PBI: reports/{id} HTTP 200
DEBUG 2025-10-23 10:33:32,579 utils 1796 140542251882176 PBI: report→dataset: dataset_id=f8c974eb-7f48-4ea5-b7e7-2cdbb92903fe | ds_group_id=dc152d8a-7555-42d7-b53d-fbe1ce0dff28
DEBUG 2025-10-23 10:33:32,641 utils 1796 140542243489472 PBI: reports/{id} HTTP 200
DEBUG 2025-10-23 10:33:32,642 utils 1796 140542243489472 PBI: report→dataset: dataset_id=e47999ad-d869-41f1-b88b-ff4b449fffa8 | ds_group_id=dc152d8a-7555-42d7-b53d-fbe1ce0dff28
DEBUG 2025-10-23 10:33:32,647 utils 1796 140542271813312 PBI: probe dataset 35d23203-83e3-4d29-8e01-dcadfa84eebc → HTTP 200 (group dc152d8a-7555-42d7-b53d-fbe1ce0dff28)
DEBUG 2025-10-23 10:33:32,652 utils 1796 140542271813312 RT: GET refreshes https://api.powerbi.com/v1.0/myorg/groups/dc152d8a-7555-42d7-b53d-fbe1ce0dff28/datasets/35d23203-83e3-4d29-8e01-dcadfa84eebc/refreshes?$top=50
DEBUG 2025-10-23 10:33:32,811 utils 1796 140542251882176 PBI: probe dataset f8c974eb-7f48-4ea5-b7e7-2cdbb92903fe → HTTP 200 (group dc152d8a-7555-42d7-b53d-fbe1ce0dff28)
DEBUG 2025-10-23 10:33:32,813 utils 1796 140542251882176 RT: GET refreshes https://api.powerbi.com/v1.0/myorg/groups/dc152d8a-7555-42d7-b53d-fbe1ce0dff28/datasets/f8c974eb-7f48-4ea5-b7e7-2cdbb92903fe/refreshes?$top=50
DEBUG 2025-10-23 10:33:32,838 utils 1796 140542243489472 PBI: probe dataset e47999ad-d869-41f1-b88b-ff4b449fffa8 → HTTP 200 (group dc152d8a-7555-42d7-b53d-fbe1ce0dff28)
DEBUG 2025-10-23 10:33:32,839 utils 1796 140542243489472 RT: GET refreshes https://api.powerbi.com/v1.0/myorg/groups/dc152d8a-7555-42d7-b53d-fbe1ce0dff28/datasets/e47999ad-d869-41f1-b88b-ff4b449fffa8/refreshes?$top=50
DEBUG 2025-10-23 10:33:32,964 utils 1796 140542235096768 PBI: reports/{id} HTTP 200
DEBUG 2025-10-23 10:33:32,966 utils 1796 140542235096768 PBI: report→dataset: dataset_id=47f7ff6c-09f8-4d2b-abc5-7b9d5e81e1ea | ds_group_id=dc152d8a-7555-42d7-b53d-fbe1ce0dff28
DEBUG 2025-10-23 10:33:33,238 utils 1796 140542251882176 RT: refreshes HTTP 200
DEBUG 2025-10-23 10:33:33,239 utils 1796 140542243489472 RT: refreshes HTTP 200
DEBUG 2025-10-23 10:33:33,248 utils 1796 140542271813312 RT: refreshes HTTP 200
DEBUG 2025-10-23 10:33:33,300 utils 1796 140542235096768 PBI: probe dataset 47f7ff6c-09f8-4d2b-abc5-7b9d5e81e1ea → HTTP 200 (group dc152d8a-7555-42d7-b53d-fbe1ce0dff28)
DEBUG 2025-10-23 10:33:33,302 utils 1796 140542235096768 RT: GET refreshes https://api.powerbi.com/v1.0/myorg/groups/dc152d8a-7555-42d7-b53d-fbe1ce0dff28/datasets/47f7ff6c-09f8-4d2b-abc5-7b9d5e81e1ea/refreshes?$top=50
DEBUG 2025-10-23 10:33:33,461 utils 1796 140542243489472 PBI: resolve dataset via https://api.powerbi.com/v1.0/myorg/groups/dc152d8a-7555-42d7-b53d-fbe1ce0dff28/reports/65c888d8-6d60-4abd-a0cb-4ad942e1ecc7
DEBUG 2025-10-23 10:33:33,480 utils 1796 140542251882176 PBI: resolve dataset via https://api.powerbi.com/v1.0/myorg/groups/dc152d8a-7555-42d7-b53d-fbe1ce0dff28/reports/47311a50-0344-4766-bd51-29c2f96f8977
DEBUG 2025-10-23 10:33:33,513 utils 1796 140542271813312 PBI: resolve dataset via https://api.powerbi.com/v1.0/myorg/groups/dc152d8a-7555-42d7-b53d-fbe1ce0dff28/reports/8588e4b0-d643-4395-9b8c-129fa6857837
DEBUG 2025-10-23 10:33:33,654 utils 1796 140542243489472 PBI: reports/{id} HTTP 200
DEBUG 2025-10-23 10:33:33,655 utils 1796 140542243489472 PBI: report→dataset: dataset_id=8ac0c4d9-4409-472f-8412-e7465fcdb839 | ds_group_id=dc152d8a-7555-42d7-b53d-fbe1ce0dff28
DEBUG 2025-10-23 10:33:33,687 utils 1796 140542251882176 PBI: reports/{id} HTTP 200
DEBUG 2025-10-23 10:33:33,687 utils 1796 140542251882176 PBI: report→dataset: dataset_id=9c183037-64d4-49cc-b22e-a3714cd8d926 | ds_group_id=dc152d8a-7555-42d7-b53d-fbe1ce0dff28
DEBUG 2025-10-23 10:33:33,748 utils 1796 140542271813312 PBI: reports/{id} HTTP 404
DEBUG 2025-10-23 10:33:33,749 utils 1796 140542271813312 PBI: reports/{id} body: {"error":{"code":"PowerBIEntityNotFound","pbi.error":{"code":"PowerBIEntityNotFound","parameters":{},"details":[],"exceptionCulprit":1}}}
ERROR 2025-10-23 10:33:33,749 utils 1796 140542271813312 PBI: erro obtendo report 8588e4b0-d643-4395-9b8c-129fa6857837 — 404 Client Error: Not Found for url: https://api.powerbi.com/v1.0/myorg/groups/dc152d8a-7555-42d7-b53d-fbe1ce0dff28/reports/8588e4b0-d643-4395-9b8c-129fa6857837
DEBUG 2025-10-23 10:33:33,904 utils 1796 140542243489472 PBI: probe dataset 8ac0c4d9-4409-472f-8412-e7465fcdb839 → HTTP 200 (group dc152d8a-7555-42d7-b53d-fbe1ce0dff28)
DEBUG 2025-10-23 10:33:33,906 utils 1796 140542243489472 RT: GET refreshes https://api.powerbi.com/v1.0/myorg/groups/dc152d8a-7555-42d7-b53d-fbe1ce0dff28/datasets/8ac0c4d9-4409-472f-8412-e7465fcdb839/refreshes?$top=50
DEBUG 2025-10-23 10:33:33,908 utils 1796 140542251882176 PBI: probe dataset 9c183037-64d4-49cc-b22e-a3714cd8d926 → HTTP 200 (group dc152d8a-7555-42d7-b53d-fbe1ce0dff28)
DEBUG 2025-10-23 10:33:33,909 utils 1796 140542251882176 RT: GET refreshes https://api.powerbi.com/v1.0/myorg/groups/dc152d8a-7555-42d7-b53d-fbe1ce0dff28/datasets/9c183037-64d4-49cc-b22e-a3714cd8d926/refreshes?$top=50
DEBUG 2025-10-23 10:33:34,072 utils 1796 140542235096768 RT: refreshes HTTP 200
DEBUG 2025-10-23 10:33:34,156 utils 1796 140542243489472 RT: refreshes HTTP 200
DEBUG 2025-10-23 10:33:34,206 utils 1796 140542251882176 RT: refreshes HTTP 200
DEBUG 2025-10-23 10:33:35,798 utils 1796 140542251882176 PBI: GET report info → https://api.powerbi.com/v1.0/myorg/groups/dc152d8a-7555-42d7-b53d-fbe1ce0dff28/reports/65c888d8-6d60-4abd-a0cb-4ad942e1ecc7
DEBUG 2025-10-23 10:33:36,005 utils 1796 140542251882176 PBI: report info HTTP 200
DEBUG 2025-10-23 10:33:36,006 utils 1796 140542251882176 PBI: report TI → dataset_id=8ac0c4d9-4409-472f-8412-e7465fcdb839
DEBUG 2025-10-23 10:33:36,140 utils 1796 140542251882176 PBI-DBG: GET dataset (myorg) HTTP 403
DEBUG 2025-10-23 10:33:36,141 utils 1796 140542251882176 PBI-DBG: dataset body: {"Message":"API is not accessible for application"}
DEBUG 2025-10-23 10:33:36,383 utils 1796 140542251882176 PBI: GenerateToken HTTP 200
INFO 2025-10-23 10:33:36,385 utils 1796 140542251882176 PBI: [TI] embed_token gerado e cacheado (3000s).
DEBUG 2025-10-23 10:37:10,844 utils 1796 140541731796672 PBI: [TI] embed_token (cache) → pbi:embed:dc152d8a-7555-42d7-b53d-fbe1ce0dff28:65c888d8-6d60-4abd-a0cb-4ad942e1ecc7
DEBUG 2025-10-23 10:37:11,731 utils 1796 140541731796672 PBI: resolve cache HIT → pbi:resolve:dc152d8a-7555-42d7-b53d-fbe1ce0dff28:65c888d8-6d60-4abd-a0cb-4ad942e1ecc7
DEBUG 2025-10-23 10:37:11,733 utils 1796 140541731796672 RT: GET refreshes https://api.powerbi.com/v1.0/myorg/groups/dc152d8a-7555-42d7-b53d-fbe1ce0dff28/datasets/8ac0c4d9-4409-472f-8412-e7465fcdb839/refreshes?$top=50
DEBUG 2025-10-23 10:37:11,923 utils 1796 140541731796672 RT: refreshes HTTP 200
DEBUG 2025-10-23 10:37:30,778 utils 1796 140541715011264 PBI: [TI] embed_token (cache) → pbi:embed:dc152d8a-7555-42d7-b53d-fbe1ce0dff28:65c888d8-6d60-4abd-a0cb-4ad942e1ecc7
DEBUG 2025-10-23 10:37:53,393 utils 1796 140541731796672 PBI: resolve cache HIT → pbi:resolve:dc152d8a-7555-42d7-b53d-fbe1ce0dff28:65c888d8-6d60-4abd-a0cb-4ad942e1ecc7
DEBUG 2025-10-23 10:37:53,394 utils 1796 140541731796672 PBI: cascade para dataset=8ac0c4d9-4409-472f-8412-e7465fcdb839 ds_group=dc152d8a-7555-42d7-b53d-fbe1ce0dff28 (report_group=dc152d8a-7555-42d7-b53d-fbe1ce0dff28)
DEBUG 2025-10-23 10:37:53,395 utils 1796 140541731796672 PBI: upstream via UI → ['dc152d8a-7555-42d7-b53d-fbe1ce0dff28/6f9fbc2c-e3ec-412c-ab63-843f960d51ec']
DEBUG 2025-10-23 10:37:53,396 utils 1796 140541731796672 PBI: POST refresh dataflow url=https://api.powerbi.com/v1.0/myorg/groups/dc152d8a-7555-42d7-b53d-fbe1ce0dff28/dataflows/6f9fbc2c-e3ec-412c-ab63-843f960d51ec/refreshes
DEBUG 2025-10-23 10:37:53,613 utils 1796 140541731796672 PBI: refresh dataflow HTTP 400
ERROR 2025-10-23 10:37:53,614 utils 1796 140541731796672 PBI: refresh dataflow falhou 400 — {'error': {'code': 'InvalidRequest', 'message': 'Unexpected dataflow error: '}}
DEBUG 2025-10-23 10:37:53,614 utils 1796 140541731796672 PBI: resolve cache HIT → pbi:resolve:dc152d8a-7555-42d7-b53d-fbe1ce0dff28:65c888d8-6d60-4abd-a0cb-4ad942e1ecc7
DEBUG 2025-10-23 10:37:53,615 utils 1796 140541731796672 PBI: POST refresh dataset url=https://api.powerbi.com/v1.0/myorg/groups/dc152d8a-7555-42d7-b53d-fbe1ce0dff28/datasets/8ac0c4d9-4409-472f-8412-e7465fcdb839/refreshes payload={'type': 'Full', 'notifyOption': 'NoNotification'}
DEBUG 2025-10-23 10:37:54,120 utils 1796 140541731796672 PBI: refresh dataset HTTP 202
INFO 2025-10-23 10:37:54,120 utils 1796 140541731796672 PBI: refresh acionado para dataset 8ac0c4d9-4409-472f-8412-e7465fcdb839 (group dc152d8a-7555-42d7-b53d-fbe1ce0dff28) [Full]
INFO 2025-10-23 10:37:54,121 views 1796 140541731796672 DATASET_REFRESH | ts=2025-10-23T10:37:54.121226 | user=admin | report_title=TI | report_id=65c888d8-6d60-4abd-a0cb-4ad942e1ecc7 | group_id=dc152d8a-7555-42d7-b53d-fbe1ce0dff28 | type=Full | ok=True | detail=accepted
INFO 2025-10-23 10:37:54,121 views 1796 140541731796672 DATAFLOW_REFRESH | ts=2025-10-23T10:37:54.121226 | user=admin | report_title=TI | group_id=dc152d8a-7555-42d7-b53d-fbe1ce0dff28 | dataflow_id=6f9fbc2c-e3ec-412c-ab63-843f960d51ec | ok=False | detail=http_400:InvalidRequest — Unexpected dataflow error:
DEBUG 2025-10-23 10:38:05,219 utils 1796 140541731796672 PBI: resolve cache HIT → pbi:resolve:dc152d8a-7555-42d7-b53d-fbe1ce0dff28:65c888d8-6d60-4abd-a0cb-4ad942e1ecc7
DEBUG 2025-10-23 10:38:05,219 utils 1796 140541731796672 PBI: latest refresh GET https://api.powerbi.com/v1.0/myorg/groups/dc152d8a-7555-42d7-b53d-fbe1ce0dff28/datasets/8ac0c4d9-4409-472f-8412-e7465fcdb839/refreshes?$top=1
DEBUG 2025-10-23 10:38:05,386 utils 1796 140541731796672 PBI: latest refresh HTTP 200
DEBUG 2025-10-23 10:38:16,148 utils 1796 140541731796672 PBI: resolve cache HIT → pbi:resolve:dc152d8a-7555-42d7-b53d-fbe1ce0dff28:65c888d8-6d60-4abd-a0cb-4ad942e1ecc7
DEBUG 2025-10-23 10:38:16,149 utils 1796 140541731796672 RT: GET refreshes https://api.powerbi.com/v1.0/myorg/groups/dc152d8a-7555-42d7-b53d-fbe1ce0dff28/datasets/8ac0c4d9-4409-472f-8412-e7465fcdb839/refreshes?$top=50
DEBUG 2025-10-23 10:38:16,319 utils 1796 140541731796672 RT: refreshes HTTP 200
DEBUG 2025-10-23 10:38:16,406 utils 1796 140541731796672 PBI: resolve cache HIT → pbi:resolve:dc152d8a-7555-42d7-b53d-fbe1ce0dff28:65c888d8-6d60-4abd-a0cb-4ad942e1ecc7
DEBUG 2025-10-23 10:38:16,407 utils 1796 140541731796672 PBI: latest refresh GET https://api.powerbi.com/v1.0/myorg/groups/dc152d8a-7555-42d7-b53d-fbe1ce0dff28/datasets/8ac0c4d9-4409-472f-8412-e7465fcdb839/refreshes?$top=1
DEBUG 2025-10-23 10:38:16,580 utils 1796 140541731796672 PBI: latest refresh HTTP 200
DEBUG 2025-10-23 10:38:27,206 utils 1796 140541731796672 PBI: resolve cache HIT → pbi:resolve:dc152d8a-7555-42d7-b53d-fbe1ce0dff28:65c888d8-6d60-4abd-a0cb-4ad942e1ecc7
DEBUG 2025-10-23 10:38:27,206 utils 1796 140541731796672 PBI: latest refresh GET https://api.powerbi.com/v1.0/myorg/groups/dc152d8a-7555-42d7-b53d-fbe1ce0dff28/datasets/8ac0c4d9-4409-472f-8412-e7465fcdb839/refreshes?$top=1
DEBUG 2025-10-23 10:38:27,384 utils 1796 140541731796672 PBI: latest refresh HTTP 200
DEBUG 2025-10-23 10:38:38,209 utils 1796 140541731796672 PBI: resolve dataset via https://api.powerbi.com/v1.0/myorg/groups/dc152d8a-7555-42d7-b53d-fbe1ce0dff28/reports/65c888d8-6d60-4abd-a0cb-4ad942e1ecc7
DEBUG 2025-10-23 10:38:38,422 utils 1796 140541731796672 PBI: reports/{id} HTTP 200
DEBUG 2025-10-23 10:38:38,422 utils 1796 140541731796672 PBI: report→dataset: dataset_id=8ac0c4d9-4409-472f-8412-e7465fcdb839 | ds_group_id=dc152d8a-7555-42d7-b53d-fbe1ce0dff28
DEBUG 2025-10-23 10:38:38,759 utils 1796 140541731796672 PBI: probe dataset 8ac0c4d9-4409-472f-8412-e7465fcdb839 → HTTP 200 (group dc152d8a-7555-42d7-b53d-fbe1ce0dff28)
DEBUG 2025-10-23 10:38:38,760 utils 1796 140541731796672 PBI: latest refresh GET https://api.powerbi.com/v1.0/myorg/groups/dc152d8a-7555-42d7-b53d-fbe1ce0dff28/datasets/8ac0c4d9-4409-472f-8412-e7465fcdb839/refreshes?$top=1
DEBUG 2025-10-23 10:38:39,763 utils 1796 140541731796672 PBI: latest refresh HTTP 200
DEBUG 2025-10-23 10:38:50,228 utils 1796 140541731796672 PBI: resolve cache HIT → pbi:resolve:dc152d8a-7555-42d7-b53d-fbe1ce0dff28:65c888d8-6d60-4abd-a0cb-4ad942e1ecc7
DEBUG 2025-10-23 10:38:50,228 utils 1796 140541731796672 PBI: latest refresh GET https://api.powerbi.com/v1.0/myorg/groups/dc152d8a-7555-42d7-b53d-fbe1ce0dff28/datasets/8ac0c4d9-4409-472f-8412-e7465fcdb839/refreshes?$top=1
DEBUG 2025-10-23 10:38:51,157 utils 1796 140541731796672 PBI: latest refresh HTTP 200
DEBUG 2025-10-23 10:39:02,208 utils 1796 140541731796672 PBI: resolve cache HIT → pbi:resolve:dc152d8a-7555-42d7-b53d-fbe1ce0dff28:65c888d8-6d60-4abd-a0cb-4ad942e1ecc7
DEBUG 2025-10-23 10:39:02,209 utils 1796 140541731796672 PBI: latest refresh GET https://api.powerbi.com/v1.0/myorg/groups/dc152d8a-7555-42d7-b53d-fbe1ce0dff28/datasets/8ac0c4d9-4409-472f-8412-e7465fcdb839/refreshes?$top=1
DEBUG 2025-10-23 10:39:02,672 utils 1796 140541731796672 PBI: latest refresh HTTP 200
DEBUG 2025-10-23 10:39:13,141 utils 1796 140541731796672 PBI: resolve cache HIT → pbi:resolve:dc152d8a-7555-42d7-b53d-fbe1ce0dff28:65c888d8-6d60-4abd-a0cb-4ad942e1ecc7
DEBUG 2025-10-23 10:39:13,142 utils 1796 140541731796672 RT: GET refreshes https://api.powerbi.com/v1.0/myorg/groups/dc152d8a-7555-42d7-b53d-fbe1ce0dff28/datasets/8ac0c4d9-4409-472f-8412-e7465fcdb839/refreshes?$top=50
DEBUG 2025-10-23 10:39:13,337 utils 1796 140541731796672 RT: refreshes HTTP 200
DEBUG 2025-10-23 10:52:15,090 utils 1796 140541664655040 PBI: resolve dataset via https://api.powerbi.com/v1.0/myorg/groups/dc152d8a-7555-42d7-b53d-fbe1ce0dff28/reports/87e7d9da-6b98-4a42-a8f4-f12732d3ddec
DEBUG 2025-10-23 10:52:15,095 utils 1796 140541622691520 PBI: resolve dataset via https://api.powerbi.com/v1.0/myorg/groups/dc152d8a-7555-42d7-b53d-fbe1ce0dff28/reports/90cab255-b6c1-4525-9185-0b282462f6c8
DEBUG 2025-10-23 10:52:15,099 utils 1796 140541647869632 PBI: resolve dataset via https://api.powerbi.com/v1.0/myorg/groups/dc152d8a-7555-42d7-b53d-fbe1ce0dff28/reports/01c33348-8c83-4712-9406-56c9fa7c0322
DEBUG 2025-10-23 10:52:15,108 utils 1796 140541631084224 PBI: resolve dataset via https://api.powerbi.com/v1.0/myorg/groups/dc152d8a-7555-42d7-b53d-fbe1ce0dff28/reports/6659c548-6093-4bea-80ac-54b8026e4970
DEBUG 2025-10-23 10:52:15,293 utils 1796 140541664655040 PBI: reports/{id} HTTP 200
DEBUG 2025-10-23 10:52:15,294 utils 1796 140541664655040 PBI: report→dataset: dataset_id=47f7ff6c-09f8-4d2b-abc5-7b9d5e81e1ea | ds_group_id=dc152d8a-7555-42d7-b53d-fbe1ce0dff28
DEBUG 2025-10-23 10:52:15,345 utils 1796 140541622691520 PBI: reports/{id} HTTP 200
DEBUG 2025-10-23 10:52:15,346 utils 1796 140541622691520 PBI: report→dataset: dataset_id=f8c974eb-7f48-4ea5-b7e7-2cdbb92903fe | ds_group_id=dc152d8a-7555-42d7-b53d-fbe1ce0dff28
DEBUG 2025-10-23 10:52:15,359 utils 1796 140541647869632 PBI: reports/{id} HTTP 200
DEBUG 2025-10-23 10:52:15,360 utils 1796 140541647869632 PBI: report→dataset: dataset_id=e47999ad-d869-41f1-b88b-ff4b449fffa8 | ds_group_id=dc152d8a-7555-42d7-b53d-fbe1ce0dff28
DEBUG 2025-10-23 10:52:15,372 utils 1796 140541631084224 PBI: reports/{id} HTTP 200
DEBUG 2025-10-23 10:52:15,373 utils 1796 140541631084224 PBI: report→dataset: dataset_id=35d23203-83e3-4d29-8e01-dcadfa84eebc | ds_group_id=dc152d8a-7555-42d7-b53d-fbe1ce0dff28
DEBUG 2025-10-23 10:52:15,457 utils 1796 140541664655040 PBI: probe dataset 47f7ff6c-09f8-4d2b-abc5-7b9d5e81e1ea → HTTP 200 (group dc152d8a-7555-42d7-b53d-fbe1ce0dff28)
DEBUG 2025-10-23 10:52:15,458 utils 1796 140541664655040 RT: GET refreshes https://api.powerbi.com/v1.0/myorg/groups/dc152d8a-7555-42d7-b53d-fbe1ce0dff28/datasets/47f7ff6c-09f8-4d2b-abc5-7b9d5e81e1ea/refreshes?$top=50
DEBUG 2025-10-23 10:52:15,522 utils 1796 140541622691520 PBI: probe dataset f8c974eb-7f48-4ea5-b7e7-2cdbb92903fe → HTTP 200 (group dc152d8a-7555-42d7-b53d-fbe1ce0dff28)
DEBUG 2025-10-23 10:52:15,523 utils 1796 140541647869632 PBI: probe dataset e47999ad-d869-41f1-b88b-ff4b449fffa8 → HTTP 200 (group dc152d8a-7555-42d7-b53d-fbe1ce0dff28)
DEBUG 2025-10-23 10:52:15,524 utils 1796 140541647869632 RT: GET refreshes https://api.powerbi.com/v1.0/myorg/groups/dc152d8a-7555-42d7-b53d-fbe1ce0dff28/datasets/e47999ad-d869-41f1-b88b-ff4b449fffa8/refreshes?$top=50
DEBUG 2025-10-23 10:52:15,527 utils 1796 140541622691520 RT: GET refreshes https://api.powerbi.com/v1.0/myorg/groups/dc152d8a-7555-42d7-b53d-fbe1ce0dff28/datasets/f8c974eb-7f48-4ea5-b7e7-2cdbb92903fe/refreshes?$top=50
DEBUG 2025-10-23 10:52:15,574 utils 1796 140541631084224 PBI: probe dataset 35d23203-83e3-4d29-8e01-dcadfa84eebc → HTTP 200 (group dc152d8a-7555-42d7-b53d-fbe1ce0dff28)
DEBUG 2025-10-23 10:52:15,575 utils 1796 140541631084224 RT: GET refreshes https://api.powerbi.com/v1.0/myorg/groups/dc152d8a-7555-42d7-b53d-fbe1ce0dff28/datasets/35d23203-83e3-4d29-8e01-dcadfa84eebc/refreshes?$top=50
DEBUG 2025-10-23 10:52:16,258 utils 1796 140541647869632 RT: refreshes HTTP 200
DEBUG 2025-10-23 10:52:16,261 utils 1796 140541631084224 RT: refreshes HTTP 200
DEBUG 2025-10-23 10:52:16,263 utils 1796 140541664655040 RT: refreshes HTTP 200
DEBUG 2025-10-23 10:52:16,270 utils 1796 140541622691520 RT: refreshes HTTP 200
DEBUG 2025-10-23 10:52:16,375 utils 1796 140541647869632 PBI: resolve dataset via https://api.powerbi.com/v1.0/myorg/groups/dc152d8a-7555-42d7-b53d-fbe1ce0dff28/reports/65c888d8-6d60-4abd-a0cb-4ad942e1ecc7
DEBUG 2025-10-23 10:52:16,392 utils 1796 140541664655040 PBI: resolve dataset via https://api.powerbi.com/v1.0/myorg/groups/dc152d8a-7555-42d7-b53d-fbe1ce0dff28/reports/8588e4b0-d643-4395-9b8c-129fa6857837
DEBUG 2025-10-23 10:52:16,393 utils 1796 140541622691520 PBI: resolve dataset via https://api.powerbi.com/v1.0/myorg/groups/dc152d8a-7555-42d7-b53d-fbe1ce0dff28/reports/47311a50-0344-4766-bd51-29c2f96f8977
DEBUG 2025-10-23 10:52:16,535 utils 1796 140541622691520 PBI: reports/{id} HTTP 200
DEBUG 2025-10-23 10:52:16,536 utils 1796 140541622691520 PBI: report→dataset: dataset_id=9c183037-64d4-49cc-b22e-a3714cd8d926 | ds_group_id=dc152d8a-7555-42d7-b53d-fbe1ce0dff28
DEBUG 2025-10-23 10:52:16,558 utils 1796 140541647869632 PBI: reports/{id} HTTP 200
DEBUG 2025-10-23 10:52:16,559 utils 1796 140541647869632 PBI: report→dataset: dataset_id=8ac0c4d9-4409-472f-8412-e7465fcdb839 | ds_group_id=dc152d8a-7555-42d7-b53d-fbe1ce0dff28
DEBUG 2025-10-23 10:52:16,616 utils 1796 140541664655040 PBI: reports/{id} HTTP 404
DEBUG 2025-10-23 10:52:16,617 utils 1796 140541664655040 PBI: reports/{id} body: {"error":{"code":"PowerBIEntityNotFound","pbi.error":{"code":"PowerBIEntityNotFound","parameters":{},"details":[],"exceptionCulprit":1}}}
ERROR 2025-10-23 10:52:16,617 utils 1796 140541664655040 PBI: erro obtendo report 8588e4b0-d643-4395-9b8c-129fa6857837 — 404 Client Error: Not Found for url: https://api.powerbi.com/v1.0/myorg/groups/dc152d8a-7555-42d7-b53d-fbe1ce0dff28/reports/8588e4b0-d643-4395-9b8c-129fa6857837
DEBUG 2025-10-23 10:52:16,762 utils 1796 140541647869632 PBI: probe dataset 8ac0c4d9-4409-472f-8412-e7465fcdb839 → HTTP 200 (group dc152d8a-7555-42d7-b53d-fbe1ce0dff28)
DEBUG 2025-10-23 10:52:16,763 utils 1796 140541647869632 RT: GET refreshes https://api.powerbi.com/v1.0/myorg/groups/dc152d8a-7555-42d7-b53d-fbe1ce0dff28/datasets/8ac0c4d9-4409-472f-8412-e7465fcdb839/refreshes?$top=50
DEBUG 2025-10-23 10:52:16,765 utils 1796 140541622691520 PBI: probe dataset 9c183037-64d4-49cc-b22e-a3714cd8d926 → HTTP 200 (group dc152d8a-7555-42d7-b53d-fbe1ce0dff28)
DEBUG 2025-10-23 10:52:16,766 utils 1796 140541622691520 RT: GET refreshes https://api.powerbi.com/v1.0/myorg/groups/dc152d8a-7555-42d7-b53d-fbe1ce0dff28/datasets/9c183037-64d4-49cc-b22e-a3714cd8d926/refreshes?$top=50
DEBUG 2025-10-23 10:52:17,385 utils 1796 140541647869632 RT: refreshes HTTP 200
DEBUG 2025-10-23 10:52:17,403 utils 1796 140541622691520 RT: refreshes HTTP 200
DEBUG 2025-10-23 10:52:18,932 utils 1796 140541622691520 PBI: [PCP_APONTAMENTO] embed_token (cache) → pbi:embed:dc152d8a-7555-42d7-b53d-fbe1ce0dff28:6659c548-6093-4bea-80ac-54b8026e4970
DEBUG 2025-10-23 10:55:58,115 utils 1796 140541664655040 PBI: GET report info → https://api.powerbi.com/v1.0/myorg/groups/dc152d8a-7555-42d7-b53d-fbe1ce0dff28/reports/6659c548-6093-4bea-80ac-54b8026e4970
DEBUG 2025-10-23 10:55:58,280 utils 1796 140541664655040 PBI: report info HTTP 200
DEBUG 2025-10-23 10:55:58,280 utils 1796 140541664655040 PBI: report PCP_APONTAMENTO → dataset_id=35d23203-83e3-4d29-8e01-dcadfa84eebc
DEBUG 2025-10-23 10:55:58,418 utils 1796 140541664655040 PBI-DBG: GET dataset (myorg) HTTP 403
DEBUG 2025-10-23 10:55:58,418 utils 1796 140541664655040 PBI-DBG: dataset body: {"Message":"API is not accessible for application"}
DEBUG 2025-10-23 10:55:58,673 utils 1796 140541664655040 PBI: GenerateToken HTTP 200
INFO 2025-10-23 10:55:58,674 utils 1796 140541664655040 PBI: [PCP_APONTAMENTO] embed_token gerado e cacheado (3000s).
DEBUG 2025-10-23 10:55:59,223 utils 1796 140541664655040 PBI: [PCP_APONTAMENTO] embed_token (cache) → pbi:embed:dc152d8a-7555-42d7-b53d-fbe1ce0dff28:6659c548-6093-4bea-80ac-54b8026e4970
DEBUG 2025-10-23 10:56:04,656 utils 1796 140541664655040 PBI: resolve cache HIT → pbi:resolve:dc152d8a-7555-42d7-b53d-fbe1ce0dff28:6659c548-6093-4bea-80ac-54b8026e4970
DEBUG 2025-10-23 10:56:04,657 utils 1796 140541664655040 RT: GET refreshes https://api.powerbi.com/v1.0/myorg/groups/dc152d8a-7555-42d7-b53d-fbe1ce0dff28/datasets/35d23203-83e3-4d29-8e01-dcadfa84eebc/refreshes?$top=50
DEBUG 2025-10-23 10:56:04,812 utils 1796 140541664655040 RT: refreshes HTTP 200
DEBUG 2025-10-23 10:57:19,231 utils 1796 140541664655040 PBI: resolve dataset via https://api.powerbi.com/v1.0/myorg/groups/dc152d8a-7555-42d7-b53d-fbe1ce0dff28/reports/6659c548-6093-4bea-80ac-54b8026e4970
DEBUG 2025-10-23 10:57:19,406 utils 1796 140541664655040 PBI: reports/{id} HTTP 200
DEBUG 2025-10-23 10:57:19,407 utils 1796 140541664655040 PBI: report→dataset: dataset_id=35d23203-83e3-4d29-8e01-dcadfa84eebc | ds_group_id=dc152d8a-7555-42d7-b53d-fbe1ce0dff28
DEBUG 2025-10-23 10:57:19,610 utils 1796 140541664655040 PBI: probe dataset 35d23203-83e3-4d29-8e01-dcadfa84eebc → HTTP 200 (group dc152d8a-7555-42d7-b53d-fbe1ce0dff28)
DEBUG 2025-10-23 10:57:19,611 utils 1796 140541664655040 RT: GET refreshes https://api.powerbi.com/v1.0/myorg/groups/dc152d8a-7555-42d7-b53d-fbe1ce0dff28/datasets/35d23203-83e3-4d29-8e01-dcadfa84eebc/refreshes?$top=50
DEBUG 2025-10-23 10:57:20,202 utils 1796 140541664655040 RT: refreshes HTTP 200
DEBUG 2025-10-23 11:02:19,223 utils 1796 140541664655040 PBI: resolve cache HIT → pbi:resolve:dc152d8a-7555-42d7-b53d-fbe1ce0dff28:6659c548-6093-4bea-80ac-54b8026e4970
DEBUG 2025-10-23 11:02:19,227 utils 1796 140541664655040 RT: GET refreshes https://api.powerbi.com/v1.0/myorg/groups/dc152d8a-7555-42d7-b53d-fbe1ce0dff28/datasets/35d23203-83e3-4d29-8e01-dcadfa84eebc/refreshes?$top=50
DEBUG 2025-10-23 11:02:19,613 utils 1796 140541664655040 RT: refreshes HTTP 200
DEBUG 2025-10-23 11:07:19,600 utils 1796 140541614298816 PBI: resolve dataset via https://api.powerbi.com/v1.0/myorg/groups/dc152d8a-7555-42d7-b53d-fbe1ce0dff28/reports/6659c548-6093-4bea-80ac-54b8026e4970
DEBUG 2025-10-23 11:07:19,773 utils 1796 140541614298816 PBI: reports/{id} HTTP 200
DEBUG 2025-10-23 11:07:19,774 utils 1796 140541614298816 PBI: report→dataset: dataset_id=35d23203-83e3-4d29-8e01-dcadfa84eebc | ds_group_id=dc152d8a-7555-42d7-b53d-fbe1ce0dff28
DEBUG 2025-10-23 11:07:20,207 utils 1796 140541614298816 PBI: probe dataset 35d23203-83e3-4d29-8e01-dcadfa84eebc → HTTP 200 (group dc152d8a-7555-42d7-b53d-fbe1ce0dff28)
DEBUG 2025-10-23 11:07:20,208 utils 1796 140541614298816 RT: GET refreshes https://api.powerbi.com/v1.0/myorg/groups/dc152d8a-7555-42d7-b53d-fbe1ce0dff28/datasets/35d23203-83e3-4d29-8e01-dcadfa84eebc/refreshes?$top=50
DEBUG 2025-10-23 11:07:20,645 utils 1796 140541614298816 RT: refreshes HTTP 200
DEBUG 2025-10-23 11:12:19,260 utils 1796 140541614298816 PBI: resolve cache HIT → pbi:resolve:dc152d8a-7555-42d7-b53d-fbe1ce0dff28:6659c548-6093-4bea-80ac-54b8026e4970
DEBUG 2025-10-23 11:12:19,261 utils 1796 140541614298816 RT: GET refreshes https://api.powerbi.com/v1.0/myorg/groups/dc152d8a-7555-42d7-b53d-fbe1ce0dff28/datasets/35d23203-83e3-4d29-8e01-dcadfa84eebc/refreshes?$top=50
DEBUG 2025-10-23 11:12:19,464 utils 1796 140541614298816 RT: refreshes HTTP 200
DEBUG 2025-10-23 11:17:19,273 utils 1796 140541614298816 PBI: resolve dataset via https://api.powerbi.com/v1.0/myorg/groups/dc152d8a-7555-42d7-b53d-fbe1ce0dff28/reports/6659c548-6093-4bea-80ac-54b8026e4970
DEBUG 2025-10-23 11:17:19,749 utils 1796 140541614298816 PBI: reports/{id} HTTP 200
DEBUG 2025-10-23 11:17:19,750 utils 1796 140541614298816 PBI: report→dataset: dataset_id=35d23203-83e3-4d29-8e01-dcadfa84eebc | ds_group_id=dc152d8a-7555-42d7-b53d-fbe1ce0dff28
DEBUG 2025-10-23 11:17:19,923 utils 1796 140541614298816 PBI: probe dataset 35d23203-83e3-4d29-8e01-dcadfa84eebc → HTTP 200 (group dc152d8a-7555-42d7-b53d-fbe1ce0dff28)
DEBUG 2025-10-23 11:17:19,924 utils 1796 140541614298816 RT: GET refreshes https://api.powerbi.com/v1.0/myorg/groups/dc152d8a-7555-42d7-b53d-fbe1ce0dff28/datasets/35d23203-83e3-4d29-8e01-dcadfa84eebc/refreshes?$top=50
DEBUG 2025-10-23 11:17:20,292 utils 1796 140541614298816 RT: refreshes HTTP 200
DEBUG 2025-10-23 11:22:19,284 utils 1796 140541614298816 PBI: resolve cache HIT → pbi:resolve:dc152d8a-7555-42d7-b53d-fbe1ce0dff28:6659c548-6093-4bea-80ac-54b8026e4970
DEBUG 2025-10-23 11:22:19,285 utils 1796 140541614298816 RT: GET refreshes https://api.powerbi.com/v1.0/myorg/groups/dc152d8a-7555-42d7-b53d-fbe1ce0dff28/datasets/35d23203-83e3-4d29-8e01-dcadfa84eebc/refreshes?$top=50
DEBUG 2025-10-23 11:22:19,483 utils 1796 140541614298816 RT: refreshes HTTP 200
DEBUG 2025-10-23 11:27:26,659 utils 1796 140541597513408 PBI: resolve dataset via https://api.powerbi.com/v1.0/myorg/groups/dc152d8a-7555-42d7-b53d-fbe1ce0dff28/reports/6659c548-6093-4bea-80ac-54b8026e4970
DEBUG 2025-10-23 11:27:26,921 utils 1796 140541597513408 PBI: reports/{id} HTTP 200
DEBUG 2025-10-23 11:27:26,921 utils 1796 140541597513408 PBI: report→dataset: dataset_id=35d23203-83e3-4d29-8e01-dcadfa84eebc | ds_group_id=dc152d8a-7555-42d7-b53d-fbe1ce0dff28
DEBUG 2025-10-23 11:27:27,237 utils 1796 140541597513408 PBI: probe dataset 35d23203-83e3-4d29-8e01-dcadfa84eebc → HTTP 200 (group dc152d8a-7555-42d7-b53d-fbe1ce0dff28)
DEBUG 2025-10-23 11:27:27,239 utils 1796 140541597513408 RT: GET refreshes https://api.powerbi.com/v1.0/myorg/groups/dc152d8a-7555-42d7-b53d-fbe1ce0dff28/datasets/35d23203-83e3-4d29-8e01-dcadfa84eebc/refreshes?$top=50
DEBUG 2025-10-23 11:27:27,799 utils 1796 140541597513408 RT: refreshes HTTP 200
DEBUG 2025-10-23 11:32:31,669 utils 1796 140541580728000 PBI-Auth: client_credentials (service principal).
DEBUG 2025-10-23 11:32:32,171 utils 1796 140541580728000 PBI-Auth: token adquirido, expires_in=3599
DEBUG 2025-10-23 11:32:32,172 utils 1796 140541580728000 PBI: resolve dataset via https://api.powerbi.com/v1.0/myorg/groups/dc152d8a-7555-42d7-b53d-fbe1ce0dff28/reports/6659c548-6093-4bea-80ac-54b8026e4970
DEBUG 2025-10-23 11:32:32,379 utils 1796 140541580728000 PBI: reports/{id} HTTP 200
DEBUG 2025-10-23 11:32:32,380 utils 1796 140541580728000 PBI: report→dataset: dataset_id=35d23203-83e3-4d29-8e01-dcadfa84eebc | ds_group_id=dc152d8a-7555-42d7-b53d-fbe1ce0dff28
DEBUG 2025-10-23 11:32:32,570 utils 1796 140541580728000 PBI: probe dataset 35d23203-83e3-4d29-8e01-dcadfa84eebc → HTTP 200 (group dc152d8a-7555-42d7-b53d-fbe1ce0dff28)
DEBUG 2025-10-23 11:32:32,571 utils 1796 140541580728000 RT: GET refreshes https://api.powerbi.com/v1.0/myorg/groups/dc152d8a-7555-42d7-b53d-fbe1ce0dff28/datasets/35d23203-83e3-4d29-8e01-dcadfa84eebc/refreshes?$top=50
DEBUG 2025-10-23 11:32:33,484 utils 1796 140541580728000 RT: refreshes HTTP 200
DEBUG 2025-10-23 11:37:19,652 utils 1796 140541563942592 PBI: resolve cache HIT → pbi:resolve:dc152d8a-7555-42d7-b53d-fbe1ce0dff28:6659c548-6093-4bea-80ac-54b8026e4970
DEBUG 2025-10-23 11:37:19,652 utils 1796 140541563942592 RT: GET refreshes https://api.powerbi.com/v1.0/myorg/groups/dc152d8a-7555-42d7-b53d-fbe1ce0dff28/datasets/35d23203-83e3-4d29-8e01-dcadfa84eebc/refreshes?$top=50
DEBUG 2025-10-23 11:37:19,871 utils 1796 140541563942592 RT: refreshes HTTP 200
DEBUG 2025-10-23 11:42:19,369 utils 1796 140541563942592 PBI: [PCP_APONTAMENTO] token a <5min de expirar – descartando cache.
DEBUG 2025-10-23 11:42:19,370 utils 1796 140541563942592 PBI: GET report info → https://api.powerbi.com/v1.0/myorg/groups/dc152d8a-7555-42d7-b53d-fbe1ce0dff28/reports/6659c548-6093-4bea-80ac-54b8026e4970
DEBUG 2025-10-23 11:42:19,610 utils 1796 140541563942592 PBI: report info HTTP 200
DEBUG 2025-10-23 11:42:19,610 utils 1796 140541563942592 PBI: report PCP_APONTAMENTO → dataset_id=35d23203-83e3-4d29-8e01-dcadfa84eebc
DEBUG 2025-10-23 11:42:19,761 utils 1796 140541563942592 PBI-DBG: GET dataset (myorg) HTTP 403
DEBUG 2025-10-23 11:42:19,761 utils 1796 140541563942592 PBI-DBG: dataset body: {"Message":"API is not accessible for application"}
DEBUG 2025-10-23 11:42:20,052 utils 1796 140541563942592 PBI: GenerateToken HTTP 200
INFO 2025-10-23 11:42:20,054 utils 1796 140541563942592 PBI: [PCP_APONTAMENTO] embed_token gerado e cacheado (3000s).
DEBUG 2025-10-23 11:42:20,359 utils 1796 140541563942592 PBI: resolve dataset via https://api.powerbi.com/v1.0/myorg/groups/dc152d8a-7555-42d7-b53d-fbe1ce0dff28/reports/6659c548-6093-4bea-80ac-54b8026e4970
DEBUG 2025-10-23 11:42:20,589 utils 1796 140541563942592 PBI: reports/{id} HTTP 200
DEBUG 2025-10-23 11:42:20,590 utils 1796 140541563942592 PBI: report→dataset: dataset_id=35d23203-83e3-4d29-8e01-dcadfa84eebc | ds_group_id=dc152d8a-7555-42d7-b53d-fbe1ce0dff28
DEBUG 2025-10-23 11:42:20,788 utils 1796 140541563942592 PBI: probe dataset 35d23203-83e3-4d29-8e01-dcadfa84eebc → HTTP 200 (group dc152d8a-7555-42d7-b53d-fbe1ce0dff28)
DEBUG 2025-10-23 11:42:20,789 utils 1796 140541563942592 RT: GET refreshes https://api.powerbi.com/v1.0/myorg/groups/dc152d8a-7555-42d7-b53d-fbe1ce0dff28/datasets/35d23203-83e3-4d29-8e01-dcadfa84eebc/refreshes?$top=50
DEBUG 2025-10-23 11:42:21,514 utils 1796 140541563942592 RT: refreshes HTTP 200
DEBUG 2025-10-23 11:47:20,363 utils 1796 140541563942592 PBI: resolve cache HIT → pbi:resolve:dc152d8a-7555-42d7-b53d-fbe1ce0dff28:6659c548-6093-4bea-80ac-54b8026e4970
DEBUG 2025-10-23 11:47:20,364 utils 1796 140541563942592 RT: GET refreshes https://api.powerbi.com/v1.0/myorg/groups/dc152d8a-7555-42d7-b53d-fbe1ce0dff28/datasets/35d23203-83e3-4d29-8e01-dcadfa84eebc/refreshes?$top=50
DEBUG 2025-10-23 11:47:20,564 utils 1796 140541563942592 RT: refreshes HTTP 200
DEBUG 2025-10-23 11:52:19,359 utils 1796 140541563942592 PBI: resolve dataset via https://api.powerbi.com/v1.0/myorg/groups/dc152d8a-7555-42d7-b53d-fbe1ce0dff28/reports/6659c548-6093-4bea-80ac-54b8026e4970
DEBUG 2025-10-23 11:52:19,561 utils 1796 140541563942592 PBI: reports/{id} HTTP 200
DEBUG 2025-10-23 11:52:19,562 utils 1796 140541563942592 PBI: report→dataset: dataset_id=35d23203-83e3-4d29-8e01-dcadfa84eebc | ds_group_id=dc152d8a-7555-42d7-b53d-fbe1ce0dff28
DEBUG 2025-10-23 11:52:19,704 utils 1796 140541563942592 PBI: probe dataset 35d23203-83e3-4d29-8e01-dcadfa84eebc → HTTP 200 (group dc152d8a-7555-42d7-b53d-fbe1ce0dff28)
DEBUG 2025-10-23 11:52:19,706 utils 1796 140541563942592 RT: GET refreshes https://api.powerbi.com/v1.0/myorg/groups/dc152d8a-7555-42d7-b53d-fbe1ce0dff28/datasets/35d23203-83e3-4d29-8e01-dcadfa84eebc/refreshes?$top=50
DEBUG 2025-10-23 11:52:22,308 utils 1796 140541563942592 RT: refreshes HTTP 200
