WARNING 2025-03-19 15:44:17,069 tasks Usuário admin não possui e-mail cadastrado.
WARNING 2025-03-19 15:44:17,113 tasks Usuário admin não possui e-mail cadastrado.
INFO 2025-03-19 15:44:20,359 tasks E-mail de notificação enviado para matheus.oliveira@rotoplastyc.com.br
INFO 2025-03-19 15:44:23,564 tasks E-mail de notificação enviado para matheus.oliveira@rotoplastyc.com.br
WARNING 2025-03-19 15:44:23,612 tasks Usuário admin não possui e-mail cadastrado.
WARNING 2025-03-19 15:44:23,649 tasks Usuário admin não possui e-mail cadastrado.
WARNING 2025-03-19 15:44:23,690 tasks Usuário admin não possui e-mail cadastrado.
WARNING 2025-03-19 15:44:23,725 tasks Usuário admin não possui e-mail cadastrado.
INFO 2025-03-19 15:44:27,085 tasks E-mail de notificação enviado para matheus.oliveira@rotoplastyc.com.br
INFO 2025-03-19 15:44:30,306 tasks E-mail de notificação enviado para matheus.oliveira@rotoplastyc.com.br
WARNING 2025-03-19 15:44:30,372 tasks Usuário admin não possui e-mail cadastrado.
WARNING 2025-03-19 15:44:30,438 tasks Usuário admin não possui e-mail cadastrado.
INFO 2025-03-19 15:44:33,918 tasks E-mail de notificação enviado para matheus.oliveira@rotoplastyc.com.br
INFO 2025-03-19 15:44:36,993 tasks E-mail de notificação enviado para matheus.oliveira@rotoplastyc.com.br
INFO 2025-03-19 15:44:39,976 tasks E-mail de notificação enviado para matheus.oliveira@rotoplastyc.com.br
INFO 2025-03-19 15:44:42,974 tasks E-mail de notificação enviado para matheus.oliveira@rotoplastyc.com.br
WARNING 2025-03-19 15:44:43,011 tasks Usuário admin não possui e-mail cadastrado.
WARNING 2025-03-19 15:44:43,047 tasks Usuário admin não possui e-mail cadastrado.
WARNING 2025-03-19 15:44:43,084 tasks Usuário admin não possui e-mail cadastrado.
WARNING 2025-03-19 15:44:43,119 tasks Usuário admin não possui e-mail cadastrado.
INFO 2025-03-19 15:44:43,123 tasks Iniciando envio de e-mail interno.
INFO 2025-03-19 15:44:46,324 tasks E-mail interno enviado com sucesso para interno@rotoplastyc.com.br. Assunto: Documento Publicado: teste2 (Revisão 00)
INFO 2025-03-19 15:44:46,327 tasks Iniciando envio de e-mail interno.
INFO 2025-03-19 15:44:49,423 tasks E-mail interno enviado com sucesso para interno@rotoplastyc.com.br. Assunto: Documento Publicado: teste PDF (Revisão 00)
WARNING 2025-03-19 15:44:49,457 tasks Usuário admin não possui e-mail cadastrado.
WARNING 2025-03-19 15:44:49,492 tasks Usuário admin não possui e-mail cadastrado.
INFO 2025-03-19 15:44:52,484 tasks E-mail de notificação enviado para matheus.oliveira@rotoplastyc.com.br
INFO 2025-03-19 15:44:55,509 tasks E-mail de notificação enviado para matheus.oliveira@rotoplastyc.com.br
INFO 2025-03-19 15:44:58,762 tasks E-mail de notificação enviado para matheus.oliveira@rotoplastyc.com.br
INFO 2025-03-19 15:45:02,070 tasks E-mail de notificação enviado para matheus.oliveira@rotoplastyc.com.br
WARNING 2025-03-19 15:45:02,109 tasks Usuário admin não possui e-mail cadastrado.
WARNING 2025-03-19 15:45:02,146 tasks Usuário admin não possui e-mail cadastrado.
INFO 2025-03-19 15:45:05,447 tasks E-mail de notificação enviado para matheus.oliveira@rotoplastyc.com.br
INFO 2025-03-19 15:45:09,468 tasks E-mail de notificação enviado para matheus.oliveira@rotoplastyc.com.br
INFO 2025-03-19 15:45:12,467 tasks E-mail de notificação enviado para matheus.oliveira@rotoplastyc.com.br
INFO 2025-03-19 15:45:15,706 tasks E-mail de notificação enviado para matheus.oliveira@rotoplastyc.com.br
WARNING 2025-03-19 15:45:15,740 tasks Usuário admin não possui e-mail cadastrado.
WARNING 2025-03-19 15:45:15,773 tasks Usuário admin não possui e-mail cadastrado.
INFO 2025-03-19 15:45:18,890 tasks E-mail de notificação enviado para matheus.oliveira@rotoplastyc.com.br
INFO 2025-03-19 15:45:22,231 tasks E-mail de notificação enviado para matheus.oliveira@rotoplastyc.com.br
ERROR 2025-03-19 15:45:22,292 tasks Notificação com ID 1786 não encontrada.
ERROR 2025-03-19 15:45:22,347 tasks Notificação com ID 1786 não encontrada.
ERROR 2025-03-19 15:45:22,381 tasks Notificação com ID 1787 não encontrada.
ERROR 2025-03-19 15:45:22,416 tasks Notificação com ID 1787 não encontrada.
ERROR 2025-03-19 15:45:22,451 tasks Notificação com ID 1788 não encontrada.
ERROR 2025-03-19 15:45:22,486 tasks Notificação com ID 1788 não encontrada.
ERROR 2025-03-19 15:45:22,522 tasks Notificação com ID 1789 não encontrada.
ERROR 2025-03-19 15:45:22,558 tasks Notificação com ID 1789 não encontrada.
ERROR 2025-03-19 15:45:22,592 tasks Notificação com ID 1790 não encontrada.
ERROR 2025-03-19 15:45:22,626 tasks Notificação com ID 1790 não encontrada.
ERROR 2025-03-19 15:45:22,660 tasks Notificação com ID 1791 não encontrada.
ERROR 2025-03-19 15:45:22,705 tasks Notificação com ID 1791 não encontrada.
ERROR 2025-03-19 15:45:22,739 tasks Notificação com ID 1792 não encontrada.
ERROR 2025-03-19 15:45:22,777 tasks Notificação com ID 1792 não encontrada.
ERROR 2025-03-19 15:45:22,813 tasks Notificação com ID 1793 não encontrada.
ERROR 2025-03-19 15:45:22,846 tasks Notificação com ID 1793 não encontrada.
ERROR 2025-03-19 15:45:22,883 tasks Notificação com ID 1794 não encontrada.
ERROR 2025-03-19 15:45:22,916 tasks Notificação com ID 1794 não encontrada.
ERROR 2025-03-19 15:45:22,951 tasks Notificação com ID 1795 não encontrada.
ERROR 2025-03-19 15:45:22,990 tasks Notificação com ID 1795 não encontrada.
ERROR 2025-03-19 15:45:23,023 tasks Notificação com ID 1796 não encontrada.
ERROR 2025-03-19 15:45:23,057 tasks Notificação com ID 1796 não encontrada.
ERROR 2025-03-19 15:45:23,090 tasks Notificação com ID 1797 não encontrada.
ERROR 2025-03-19 15:45:23,124 tasks Notificação com ID 1797 não encontrada.
ERROR 2025-03-19 15:45:23,164 tasks Notificação com ID 1798 não encontrada.
ERROR 2025-03-19 15:45:23,198 tasks Notificação com ID 1798 não encontrada.
ERROR 2025-03-19 15:45:23,233 tasks Notificação com ID 1799 não encontrada.
ERROR 2025-03-19 15:45:23,273 tasks Notificação com ID 1799 não encontrada.
ERROR 2025-03-19 15:45:23,306 tasks Notificação com ID 1800 não encontrada.
ERROR 2025-03-19 15:45:23,339 tasks Notificação com ID 1800 não encontrada.
ERROR 2025-03-19 15:45:23,371 tasks Notificação com ID 1801 não encontrada.
ERROR 2025-03-19 15:45:23,403 tasks Notificação com ID 1801 não encontrada.
ERROR 2025-03-19 15:45:23,436 tasks Notificação com ID 1802 não encontrada.
ERROR 2025-03-19 15:45:23,469 tasks Notificação com ID 1802 não encontrada.
ERROR 2025-03-19 15:45:23,501 tasks Notificação com ID 1803 não encontrada.
ERROR 2025-03-19 15:45:23,534 tasks Notificação com ID 1803 não encontrada.
INFO 2025-03-19 15:45:26,532 tasks E-mail de notificação enviado para matheus.oliveira@rotoplastyc.com.br
INFO 2025-03-19 15:45:29,557 tasks E-mail de notificação enviado para matheus.oliveira@rotoplastyc.com.br
WARNING 2025-03-19 15:45:29,594 tasks Usuário admin não possui e-mail cadastrado.
WARNING 2025-03-19 15:45:29,631 tasks Usuário admin não possui e-mail cadastrado.
INFO 2025-03-19 15:45:32,635 tasks E-mail de notificação enviado para matheus.oliveira@rotoplastyc.com.br
INFO 2025-03-19 15:45:35,694 tasks E-mail de notificação enviado para matheus.oliveira@rotoplastyc.com.br
INFO 2025-03-19 15:45:38,750 tasks E-mail de notificação enviado para matheus.oliveira@rotoplastyc.com.br
INFO 2025-03-19 15:45:42,967 tasks E-mail de notificação enviado para matheus.oliveira@rotoplastyc.com.br
WARNING 2025-03-19 15:45:43,004 tasks Usuário admin não possui e-mail cadastrado.
WARNING 2025-03-19 15:45:43,039 tasks Usuário admin não possui e-mail cadastrado.
INFO 2025-03-19 15:45:46,315 tasks E-mail de notificação enviado para matheus.oliveira@rotoplastyc.com.br
INFO 2025-03-19 15:45:49,335 tasks E-mail de notificação enviado para matheus.oliveira@rotoplastyc.com.br
INFO 2025-03-19 15:45:53,057 tasks E-mail de notificação enviado para matheus.oliveira@rotoplastyc.com.br
INFO 2025-03-19 15:45:57,625 tasks E-mail de notificação enviado para matheus.oliveira@rotoplastyc.com.br
WARNING 2025-03-19 15:45:57,660 tasks Usuário admin não possui e-mail cadastrado.
WARNING 2025-03-19 15:45:57,694 tasks Usuário admin não possui e-mail cadastrado.
INFO 2025-03-19 15:46:00,915 tasks E-mail de notificação enviado para matheus.oliveira@rotoplastyc.com.br
INFO 2025-03-19 15:46:04,231 tasks E-mail de notificação enviado para matheus.oliveira@rotoplastyc.com.br
INFO 2025-03-19 15:46:07,249 tasks E-mail de notificação enviado para matheus.oliveira@rotoplastyc.com.br
INFO 2025-03-19 15:46:10,302 tasks E-mail de notificação enviado para matheus.oliveira@rotoplastyc.com.br
WARNING 2025-03-19 15:46:10,338 tasks Usuário admin não possui e-mail cadastrado.
WARNING 2025-03-19 15:46:10,371 tasks Usuário admin não possui e-mail cadastrado.
INFO 2025-03-19 15:46:13,568 tasks E-mail de notificação enviado para matheus.oliveira@rotoplastyc.com.br
INFO 2025-03-19 15:46:16,719 tasks E-mail de notificação enviado para matheus.oliveira@rotoplastyc.com.br
WARNING 2025-03-19 15:46:16,777 tasks Usuário admin não possui e-mail cadastrado.
WARNING 2025-03-19 15:46:16,838 tasks Usuário admin não possui e-mail cadastrado.
INFO 2025-03-19 15:46:19,813 tasks E-mail de notificação enviado para matheus.oliveira@rotoplastyc.com.br
INFO 2025-03-19 15:46:22,825 tasks E-mail de notificação enviado para matheus.oliveira@rotoplastyc.com.br
INFO 2025-03-19 15:46:25,800 tasks E-mail de notificação enviado para matheus.oliveira@rotoplastyc.com.br
INFO 2025-03-19 15:46:28,867 tasks E-mail de notificação enviado para matheus.oliveira@rotoplastyc.com.br
WARNING 2025-03-19 15:46:28,902 tasks Usuário admin não possui e-mail cadastrado.
WARNING 2025-03-19 15:46:28,939 tasks Usuário admin não possui e-mail cadastrado.
INFO 2025-03-19 15:46:32,223 tasks E-mail de notificação enviado para matheus.oliveira@rotoplastyc.com.br
INFO 2025-03-19 15:46:35,173 tasks E-mail de notificação enviado para matheus.oliveira@rotoplastyc.com.br
ERROR 2025-03-19 15:46:35,210 tasks Notificação com ID 1821 não encontrada.
ERROR 2025-03-19 15:46:35,243 tasks Notificação com ID 1821 não encontrada.
ERROR 2025-03-19 15:46:35,289 tasks Notificação com ID 1822 não encontrada.
ERROR 2025-03-19 15:46:35,326 tasks Notificação com ID 1822 não encontrada.
ERROR 2025-03-19 15:46:35,369 tasks Notificação com ID 1823 não encontrada.
ERROR 2025-03-19 15:46:35,402 tasks Notificação com ID 1823 não encontrada.
INFO 2025-03-19 15:46:38,547 tasks E-mail de notificação enviado para matheus.oliveira@rotoplastyc.com.br
INFO 2025-03-19 15:46:41,618 tasks E-mail de notificação enviado para matheus.oliveira@rotoplastyc.com.br
ERROR 2025-03-19 15:46:41,668 tasks Notificação com ID 1825 não encontrada.
ERROR 2025-03-19 15:46:41,702 tasks Notificação com ID 1825 não encontrada.
INFO 2025-03-19 15:46:41,708 tasks Iniciando envio de e-mail interno.
INFO 2025-03-19 15:46:44,718 tasks E-mail interno enviado com sucesso para interno@rotoplastyc.com.br. Assunto: Documento Publicado: 1515 (Revisão 00)
INFO 2025-03-19 15:46:47,881 tasks E-mail de notificação enviado para matheus.oliveira@rotoplastyc.com.br
INFO 2025-03-19 15:46:51,087 tasks E-mail de notificação enviado para matheus.oliveira@rotoplastyc.com.br
INFO 2025-03-19 15:46:54,089 tasks E-mail de notificação enviado para matheus.oliveira@rotoplastyc.com.br
INFO 2025-03-19 15:46:57,328 tasks E-mail de notificação enviado para matheus.oliveira@rotoplastyc.com.br
INFO 2025-03-19 15:47:00,518 tasks E-mail de notificação enviado para matheus.oliveira@rotoplastyc.com.br
INFO 2025-03-19 15:47:03,671 tasks E-mail de notificação enviado para matheus.oliveira@rotoplastyc.com.br
INFO 2025-03-19 15:47:07,333 tasks E-mail de notificação enviado para matheus.oliveira@rotoplastyc.com.br
INFO 2025-03-19 15:47:10,598 tasks E-mail de notificação enviado para matheus.oliveira@rotoplastyc.com.br
INFO 2025-03-19 15:47:13,901 tasks E-mail de notificação enviado para matheus.oliveira@rotoplastyc.com.br
INFO 2025-03-19 15:47:17,243 tasks E-mail de notificação enviado para matheus.oliveira@rotoplastyc.com.br
INFO 2025-03-19 15:47:20,269 tasks E-mail de notificação enviado para matheus.oliveira@rotoplastyc.com.br
INFO 2025-03-19 15:47:23,300 tasks E-mail de notificação enviado para matheus.oliveira@rotoplastyc.com.br
INFO 2025-03-19 15:47:23,306 tasks Iniciando envio de e-mail interno.
INFO 2025-03-19 15:47:26,260 tasks E-mail interno enviado com sucesso para interno@rotoplastyc.com.br. Assunto: Documento Publicado: teste (Revisão 00)
INFO 2025-03-19 15:47:26,262 tasks Iniciando envio de e-mail interno.
INFO 2025-03-19 15:47:29,242 tasks E-mail interno enviado com sucesso para interno@rotoplastyc.com.br. Assunto: Documento Publicado: teste 16 (Revisão 00)
WARNING 2025-03-19 15:47:29,277 tasks Usuário admin não possui e-mail cadastrado.
WARNING 2025-03-19 15:47:29,312 tasks Usuário admin não possui e-mail cadastrado.
INFO 2025-03-19 15:47:32,348 tasks E-mail de notificação enviado para matheus.oliveira@rotoplastyc.com.br
INFO 2025-03-19 15:47:35,912 tasks E-mail de notificação enviado para matheus.oliveira@rotoplastyc.com.br
WARNING 2025-03-19 15:47:35,950 tasks Usuário admin não possui e-mail cadastrado.
WARNING 2025-03-19 15:47:35,989 tasks Usuário admin não possui e-mail cadastrado.
INFO 2025-03-19 15:47:39,029 tasks E-mail de notificação enviado para matheus.oliveira@rotoplastyc.com.br
INFO 2025-03-19 15:47:42,245 tasks E-mail de notificação enviado para matheus.oliveira@rotoplastyc.com.br
INFO 2025-03-19 15:47:45,481 tasks E-mail de notificação enviado para matheus.oliveira@rotoplastyc.com.br
INFO 2025-03-19 15:47:48,577 tasks E-mail de notificação enviado para matheus.oliveira@rotoplastyc.com.br
INFO 2025-03-19 15:47:51,857 tasks E-mail de notificação enviado para matheus.oliveira@rotoplastyc.com.br
INFO 2025-03-19 15:47:55,069 tasks E-mail de notificação enviado para matheus.oliveira@rotoplastyc.com.br
INFO 2025-03-19 15:47:55,076 tasks Iniciando envio de e-mail interno.
INFO 2025-03-19 15:47:58,074 tasks E-mail interno enviado com sucesso para interno@rotoplastyc.com.br. Assunto: Documento Publicado: Registro de Qualidade2 (Revisão 00)
WARNING 2025-03-19 15:47:58,121 tasks Usuário admin não possui e-mail cadastrado.
WARNING 2025-03-19 15:47:58,173 tasks Usuário admin não possui e-mail cadastrado.
INFO 2025-03-19 15:48:01,255 tasks E-mail de notificação enviado para matheus.oliveira@rotoplastyc.com.br
INFO 2025-03-19 15:48:04,500 tasks E-mail de notificação enviado para matheus.oliveira@rotoplastyc.com.br
INFO 2025-03-19 15:48:07,816 tasks E-mail de notificação enviado para matheus.oliveira@rotoplastyc.com.br
INFO 2025-03-19 15:48:11,197 tasks E-mail de notificação enviado para matheus.oliveira@rotoplastyc.com.br
INFO 2025-03-19 15:48:14,767 tasks E-mail de notificação enviado para matheus.oliveira@rotoplastyc.com.br
INFO 2025-03-19 15:48:18,026 tasks E-mail de notificação enviado para matheus.oliveira@rotoplastyc.com.br
INFO 2025-03-19 15:48:18,030 tasks Iniciando envio de e-mail interno.
INFO 2025-03-19 15:48:21,393 tasks E-mail interno enviado com sucesso para interno@rotoplastyc.com.br. Assunto: Documento Publicado: teste 17 (Revisão 00)
ERROR 2025-03-19 16:02:28,013 tasks Notificação com ID 1842 não encontrada.
ERROR 2025-03-19 16:02:28,069 tasks Notificação com ID 1842 não encontrada.
INFO 2025-03-19 16:02:35,645 tasks E-mail de notificação enviado para matheus.oliveira@rotoplastyc.com.br
INFO 2025-03-19 16:02:38,841 tasks E-mail de notificação enviado para matheus.oliveira@rotoplastyc.com.br
INFO 2025-03-19 16:08:51,912 tasks E-mail de notificação enviado para matheus.oliveira@rotoplastyc.com.br
INFO 2025-03-19 16:08:54,967 tasks E-mail de notificação enviado para matheus.oliveira@rotoplastyc.com.br
WARNING 2025-03-19 16:09:06,424 tasks Usuário admin não possui e-mail cadastrado.
WARNING 2025-03-19 16:09:06,465 tasks Usuário admin não possui e-mail cadastrado.
INFO 2025-03-19 16:09:10,026 tasks E-mail de notificação enviado para matheus.oliveira@rotoplastyc.com.br
INFO 2025-03-19 16:09:13,732 tasks E-mail de notificação enviado para matheus.oliveira@rotoplastyc.com.br
WARNING 2025-03-19 16:30:07,875 tasks Usuário admin não possui e-mail cadastrado.
WARNING 2025-03-19 16:30:07,952 tasks Usuário admin não possui e-mail cadastrado.
INFO 2025-03-19 16:30:11,080 tasks E-mail de notificação enviado para matheus.oliveira@rotoplastyc.com.br
INFO 2025-03-19 16:30:14,343 tasks E-mail de notificação enviado para matheus.oliveira@rotoplastyc.com.br
WARNING 2025-03-19 16:30:24,362 tasks Usuário admin não possui e-mail cadastrado.
WARNING 2025-03-19 16:30:24,433 tasks Usuário admin não possui e-mail cadastrado.
INFO 2025-03-19 16:30:27,640 tasks E-mail de notificação enviado para matheus.oliveira@rotoplastyc.com.br
INFO 2025-03-19 16:30:30,879 tasks E-mail de notificação enviado para matheus.oliveira@rotoplastyc.com.br
INFO 2025-03-19 16:34:45,801 tasks E-mail de notificação enviado para matheus.oliveira@rotoplastyc.com.br
INFO 2025-03-19 16:34:48,889 tasks E-mail de notificação enviado para matheus.oliveira@rotoplastyc.com.br
INFO 2025-03-19 16:34:52,086 tasks E-mail de notificação enviado para matheus.oliveira@rotoplastyc.com.br
INFO 2025-03-19 16:34:55,313 tasks E-mail de notificação enviado para matheus.oliveira@rotoplastyc.com.br
WARNING 2025-03-19 16:35:03,312 tasks Usuário admin não possui e-mail cadastrado.
WARNING 2025-03-19 16:35:03,376 tasks Usuário admin não possui e-mail cadastrado.
INFO 2025-03-19 16:35:06,349 tasks E-mail de notificação enviado para matheus.oliveira@rotoplastyc.com.br
INFO 2025-03-19 16:35:09,332 tasks E-mail de notificação enviado para matheus.oliveira@rotoplastyc.com.br
WARNING 2025-03-19 16:35:30,108 tasks Usuário admin não possui e-mail cadastrado.
WARNING 2025-03-19 16:35:30,162 tasks Usuário admin não possui e-mail cadastrado.
INFO 2025-03-19 16:35:33,430 tasks E-mail de notificação enviado para matheus.oliveira@rotoplastyc.com.br
INFO 2025-03-19 16:35:36,694 tasks E-mail de notificação enviado para matheus.oliveira@rotoplastyc.com.br
INFO 2025-03-19 16:35:43,239 tasks E-mail de notificação enviado para matheus.oliveira@rotoplastyc.com.br
INFO 2025-03-19 16:35:46,353 tasks E-mail de notificação enviado para matheus.oliveira@rotoplastyc.com.br
INFO 2025-03-19 16:35:49,590 tasks E-mail de notificação enviado para matheus.oliveira@rotoplastyc.com.br
INFO 2025-03-19 16:35:52,724 tasks E-mail de notificação enviado para matheus.oliveira@rotoplastyc.com.br
INFO 2025-03-19 16:36:24,906 tasks E-mail de notificação enviado para matheus.oliveira@rotoplastyc.com.br
INFO 2025-03-19 16:36:28,802 tasks E-mail de notificação enviado para matheus.oliveira@rotoplastyc.com.br
INFO 2025-03-19 16:36:32,175 tasks E-mail de notificação enviado para matheus.oliveira@rotoplastyc.com.br
INFO 2025-03-19 16:36:35,792 tasks E-mail de notificação enviado para matheus.oliveira@rotoplastyc.com.br
INFO 2025-03-19 16:36:38,945 tasks E-mail de notificação enviado para matheus.oliveira@rotoplastyc.com.br
INFO 2025-03-19 16:36:41,923 tasks E-mail de notificação enviado para matheus.oliveira@rotoplastyc.com.br
INFO 2025-03-19 16:36:44,976 tasks E-mail de notificação enviado para matheus.oliveira@rotoplastyc.com.br
INFO 2025-03-19 16:36:48,281 tasks E-mail de notificação enviado para matheus.oliveira@rotoplastyc.com.br
INFO 2025-03-19 16:36:48,285 tasks Iniciando envio de e-mail interno.
INFO 2025-03-19 16:36:51,600 tasks E-mail interno enviado com sucesso para interno@rotoplastyc.com.br. Assunto: Documento Publicado: Primeiro Teste (Revisão 00)
INFO 2025-03-19 16:36:51,603 tasks Iniciando envio de e-mail interno.
INFO 2025-03-19 16:36:54,834 tasks E-mail interno enviado com sucesso para interno@rotoplastyc.com.br. Assunto: Documento Publicado: Segundo teste (Revisão 00)
INFO 2025-03-19 16:36:54,837 tasks Iniciando envio de e-mail interno.
INFO 2025-03-19 16:36:57,903 tasks E-mail interno enviado com sucesso para interno@rotoplastyc.com.br. Assunto: Documento Publicado: Terceiro teste (Revisão 00)
INFO 2025-03-19 16:36:57,906 tasks Iniciando envio de e-mail interno.
INFO 2025-03-19 16:37:00,829 tasks E-mail interno enviado com sucesso para interno@rotoplastyc.com.br. Assunto: Documento Publicado: Quarto teste (Revisão 00)
WARNING 2025-03-19 16:42:16,286 tasks Usuário admin não possui e-mail cadastrado.
WARNING 2025-03-19 16:42:16,355 tasks Usuário admin não possui e-mail cadastrado.
INFO 2025-03-19 16:42:19,579 tasks E-mail de notificação enviado para matheus.oliveira@rotoplastyc.com.br
INFO 2025-03-19 16:42:23,622 tasks E-mail de notificação enviado para matheus.oliveira@rotoplastyc.com.br
INFO 2025-03-19 16:42:26,684 tasks E-mail de notificação enviado para matheus.oliveira@rotoplastyc.com.br
INFO 2025-03-19 16:42:29,753 tasks E-mail de notificação enviado para matheus.oliveira@rotoplastyc.com.br
INFO 2025-03-19 16:42:33,630 tasks E-mail de notificação enviado para matheus.oliveira@rotoplastyc.com.br
INFO 2025-03-19 16:42:36,848 tasks E-mail de notificação enviado para matheus.oliveira@rotoplastyc.com.br
INFO 2025-03-19 16:42:36,853 tasks Iniciando envio de e-mail interno.
INFO 2025-03-19 16:42:39,830 tasks E-mail interno enviado com sucesso para interno@rotoplastyc.com.br. Assunto: Documento Publicado: Quinto teste (Revisão 00)
WARNING 2025-03-19 16:53:20,244 tasks Usuário admin não possui e-mail cadastrado.
WARNING 2025-03-19 16:53:20,304 tasks Usuário admin não possui e-mail cadastrado.
INFO 2025-03-19 16:53:24,028 tasks E-mail de notificação enviado para matheus.oliveira@rotoplastyc.com.br
INFO 2025-03-19 16:53:27,831 tasks E-mail de notificação enviado para matheus.oliveira@rotoplastyc.com.br
WARNING 2025-03-19 16:54:43,764 tasks Usuário admin não possui e-mail cadastrado.
WARNING 2025-03-19 16:54:43,836 tasks Usuário admin não possui e-mail cadastrado.
INFO 2025-03-19 16:54:47,408 tasks E-mail de notificação enviado para matheus.oliveira@rotoplastyc.com.br
INFO 2025-03-19 16:54:51,054 tasks E-mail de notificação enviado para matheus.oliveira@rotoplastyc.com.br
INFO 2025-03-19 16:55:17,668 tasks E-mail de notificação enviado para matheus.oliveira@rotoplastyc.com.br
INFO 2025-03-19 16:55:20,751 tasks E-mail de notificação enviado para matheus.oliveira@rotoplastyc.com.br
INFO 2025-03-19 16:56:11,873 tasks E-mail de notificação enviado para matheus.oliveira@rotoplastyc.com.br
INFO 2025-03-19 16:56:14,945 tasks E-mail de notificação enviado para matheus.oliveira@rotoplastyc.com.br
