DEBUG 2025-09-11 14:15:05,934 views 3121 140499599132352 Render exibir_formulario form=43 embed=False
DEBUG 2025-09-11 14:23:17,260 views 3463 140071608161984 Render exibir_formulario form=43 embed=False
DEBUG 2025-09-11 14:29:22,165 views 3953 139771657582272 Render exibir_formulario form=43 embed=False
DEBUG 2025-09-11 14:30:32,569 views 4189 140208380049088 Render exibir_formulario form=43 embed=False
DEBUG 2025-09-11 14:43:40,904 views 4448 139704013944512 Render exibir_formulario form=43 embed=False
DEBUG 2025-09-11 14:43:55,804 views 4519 140612993017536 Render exibir_formulario form=43 embed=False
DEBUG 2025-09-11 14:47:42,219 views 4519 140612548400832 Render exibir_formulario form=43 embed=False
DEBUG 2025-09-11 14:48:08,089 views 4950 139786329429696 Render exibir_formulario form=43 embed=False
DEBUG 2025-09-11 14:48:26,647 views 4950 139786329429696 Render exibir_formulario form=43 embed=False
DEBUG 2025-09-11 14:48:38,875 views 5116 140460104349376 Render exibir_formulario form=43 embed=False
DEBUG 2025-09-11 14:49:55,877 views 5362 139979969787584 Render exibir_formulario form=43 embed=False
DEBUG 2025-09-11 14:50:22,170 views 5523 140120790570688 Render exibir_formulario form=43 embed=False
DEBUG 2025-09-11 14:50:44,177 views 5645 139969270118080 Render exibir_formulario form=43 embed=False
DEBUG 2025-09-11 14:59:30,702 views 6021 139972963378880 Render exibir_formulario form=43 embed=False
DEBUG 2025-09-11 15:00:53,058 views 6218 140023299036864 Listando meus formulários: meus=3, compartilhados=1
DEBUG 2025-09-11 15:00:54,082 views 6218 140023299036864 Abrindo builder form=43 campos_ativos=3
DEBUG 2025-09-11 15:00:54,429 views 6218 140023299036864 campo_vazio renderizado para prefix=campo_set-__prefix__
DEBUG 2025-09-11 15:00:54,433 views 6218 140023290644160 colabs_fragment form_id=43 total=0 ids=[]
DEBUG 2025-09-11 15:01:01,693 views 6218 140023290644160 REQ [BUILDER-SAVE] POST /formularios/43/builder/ | user=admin auth=True ip=127.0.0.1 | HTMX=True | POST keys=['csrfmiddlewaretoken', 'aceita_respostas', 'titulo', 'descricao', 'campo_set-TOTAL_FORMS', 'campo_set-INITIAL_FORMS', 'campo_set-MIN_NUM_FORMS', 'campo_set-MAX_NUM_FORMS', 'campo_set-0-id', 'campo_set-0-ordem', 'campo_set-0-obrigatorio', 'campo_set-0-rotulo', 'campo_set-0-tipo', 'campo_set-0-ajuda', 'campo_set-0-origem_choice', 'campo_set-0-origem_opcoes', 'campo_set-0-sqlhub_connection_id', 'campo_set-0-sqlhub_query_id', 'campo_set-0-sqlhub_value_field', 'campo_set-0-sqlhub_label_field', 'campo_set-1-id', 'campo_set-1-ordem', 'campo_set-1-rotulo', 'campo_set-1-tipo', 'campo_set-1-ajuda', 'campo_set-1-origem_choice', 'campo_set-1-origem_opcoes', 'campo_set-1-sqlhub_connection_id', 'campo_set-1-sqlhub_query_id', 'campo_set-1-sqlhub_value_field', 'campo_set-1-sqlhub_label_field', 'campo_set-1-opcoes_json', 'campo_set-2-id', 'campo_set-2-ordem', 'campo_set-2-rotulo', 'campo_set-2-tipo', 'campo_set-2-ajuda', 'campo_set-2-origem_choice', 'campo_set-2-origem_opcoes', 'campo_set-2-sqlhub_connection_id', 'campo_set-2-sqlhub_query_id', 'campo_set-2-sqlhub_value_field', 'campo_set-2-sqlhub_label_field', 'campo_set-2-opcoes_json', 'abre_em', 'fecha_em', 'repetir_cada_str', 'alvo_resposta'] | FILES={}
DEBUG 2025-09-11 15:01:01,705 views 6218 140023290644160 POST builder: 0 campos com -valid_json no payload: []
INFO 2025-09-11 15:01:01,709 views 6218 140023290644160 Formulário 43 atualizado
DEBUG 2025-09-11 15:01:01,718 views 6218 140023290644160 Opções (manuais) atualizadas p/ campo=209 (4 itens)
DEBUG 2025-09-11 15:01:01,720 views 6218 140023290644160 Campo 212 usando origem SQLHub – opções manuais removidas/ignoradas
DEBUG 2025-09-11 15:01:01,721 views 6218 140023290644160 Campos salvos(ids): [208, 209, 212]
DEBUG 2025-09-11 15:01:02,102 views 6218 140023290644160 REQ [BUILDER-SAVE] POST /formularios/43/builder/ | user=admin auth=True ip=127.0.0.1 | HTMX=True | POST keys=['csrfmiddlewaretoken', 'aceita_respostas', 'titulo', 'descricao', 'campo_set-TOTAL_FORMS', 'campo_set-INITIAL_FORMS', 'campo_set-MIN_NUM_FORMS', 'campo_set-MAX_NUM_FORMS', 'campo_set-0-id', 'campo_set-0-ordem', 'campo_set-0-obrigatorio', 'campo_set-0-rotulo', 'campo_set-0-tipo', 'campo_set-0-ajuda', 'campo_set-0-origem_choice', 'campo_set-0-origem_opcoes', 'campo_set-0-sqlhub_connection_id', 'campo_set-0-sqlhub_query_id', 'campo_set-0-sqlhub_value_field', 'campo_set-0-sqlhub_label_field', 'campo_set-1-id', 'campo_set-1-ordem', 'campo_set-1-rotulo', 'campo_set-1-tipo', 'campo_set-1-ajuda', 'campo_set-1-origem_choice', 'campo_set-1-origem_opcoes', 'campo_set-1-sqlhub_connection_id', 'campo_set-1-sqlhub_query_id', 'campo_set-1-sqlhub_value_field', 'campo_set-1-sqlhub_label_field', 'campo_set-1-opcoes_json', 'campo_set-2-id', 'campo_set-2-ordem', 'campo_set-2-rotulo', 'campo_set-2-tipo', 'campo_set-2-ajuda', 'campo_set-2-origem_choice', 'campo_set-2-origem_opcoes', 'campo_set-2-sqlhub_connection_id', 'campo_set-2-sqlhub_query_id', 'campo_set-2-sqlhub_value_field', 'campo_set-2-sqlhub_label_field', 'campo_set-2-opcoes_json', 'abre_em', 'fecha_em', 'repetir_cada_str', 'alvo_resposta'] | FILES={}
DEBUG 2025-09-11 15:01:02,113 views 6218 140023290644160 POST builder: 0 campos com -valid_json no payload: []
INFO 2025-09-11 15:01:02,121 views 6218 140023290644160 Formulário 43 atualizado
DEBUG 2025-09-11 15:01:02,130 views 6218 140023290644160 Opções (manuais) atualizadas p/ campo=209 (4 itens)
DEBUG 2025-09-11 15:01:02,132 views 6218 140023290644160 Campo 212 usando origem SQLHub – opções manuais removidas/ignoradas
DEBUG 2025-09-11 15:01:02,133 views 6218 140023290644160 Campos salvos(ids): [208, 209, 212]
DEBUG 2025-09-11 15:01:02,804 views 6218 140023290644160 Abrindo builder form=43 campos_ativos=3
DEBUG 2025-09-11 15:01:03,743 views 6218 140023265466048 campo_vazio renderizado para prefix=campo_set-__prefix__
DEBUG 2025-09-11 15:01:03,748 views 6218 140022913169088 colabs_fragment form_id=43 total=0 ids=[]
DEBUG 2025-09-11 15:01:05,746 views 6218 140023265466048 Render exibir_formulario form=43 embed=False
DEBUG 2025-09-11 15:08:52,416 views 6635 140357375354560 Render exibir_formulario form=43 embed=False
DEBUG 2025-09-11 15:12:26,325 views 6635 140357366961856 Render exibir_formulario form=43 embed=False
DEBUG 2025-09-11 15:12:33,128 views 6635 140357341783744 Render exibir_formulario form=43 embed=False
DEBUG 2025-09-11 15:40:21,623 views 1575 139892135818944 Listando meus formulários: meus=3, compartilhados=1
DEBUG 2025-09-11 15:40:24,874 views 1575 139892135818944 Abrindo builder form=43 campos_ativos=3
DEBUG 2025-09-11 15:40:25,173 views 1575 139892050884288 colabs_fragment form_id=43 total=0 ids=[]
DEBUG 2025-09-11 15:40:25,206 views 1575 139892135818944 campo_vazio renderizado para prefix=campo_set-__prefix__
DEBUG 2025-09-11 15:40:27,150 views 1575 139892050884288 Render exibir_formulario form=43 embed=False
DEBUG 2025-09-11 15:43:08,146 views 1575 139892007872192 REQ [BUILDER-SAVE] POST /formularios/43/builder/ | user=admin auth=True ip=127.0.0.1 | HTMX=True | POST keys=['csrfmiddlewaretoken', 'aceita_respostas', 'titulo', 'descricao', 'campo_set-TOTAL_FORMS', 'campo_set-INITIAL_FORMS', 'campo_set-MIN_NUM_FORMS', 'campo_set-MAX_NUM_FORMS', 'campo_set-0-id', 'campo_set-0-ordem', 'campo_set-0-obrigatorio', 'campo_set-0-rotulo', 'campo_set-0-tipo', 'campo_set-0-ajuda', 'campo_set-0-origem_choice', 'campo_set-0-origem_opcoes', 'campo_set-0-sqlhub_connection_id', 'campo_set-0-sqlhub_query_id', 'campo_set-0-sqlhub_value_field', 'campo_set-0-sqlhub_label_field', 'campo_set-1-id', 'campo_set-1-ordem', 'campo_set-1-rotulo', 'campo_set-1-tipo', 'campo_set-1-ajuda', 'campo_set-1-origem_choice', 'campo_set-1-origem_opcoes', 'campo_set-1-sqlhub_connection_id', 'campo_set-1-sqlhub_query_id', 'campo_set-1-sqlhub_value_field', 'campo_set-1-sqlhub_label_field', 'campo_set-1-opcoes_json', 'campo_set-2-id', 'campo_set-2-ordem', 'campo_set-2-rotulo', 'campo_set-2-tipo', 'campo_set-2-ajuda', 'campo_set-2-origem_choice', 'campo_set-2-origem_opcoes', 'campo_set-2-sqlhub_connection_id', 'campo_set-2-sqlhub_query_id', 'campo_set-2-sqlhub_value_field', 'campo_set-2-sqlhub_label_field', 'campo_set-2-opcoes_json', 'abre_em', 'fecha_em', 'repetir_cada_str', 'alvo_resposta'] | FILES={}
DEBUG 2025-09-11 15:43:08,153 views 1575 139892007872192 POST builder: 0 campos com -valid_json no payload: []
INFO 2025-09-11 15:43:08,156 views 1575 139892007872192 Formulário 43 atualizado
DEBUG 2025-09-11 15:43:08,164 views 1575 139892007872192 Opções (manuais) atualizadas p/ campo=209 (4 itens)
DEBUG 2025-09-11 15:43:08,166 views 1575 139892007872192 Campo 212 usando origem SQLHub – opções manuais removidas/ignoradas
DEBUG 2025-09-11 15:43:08,167 views 1575 139892007872192 Campos salvos(ids): [208, 209, 212]
DEBUG 2025-09-11 15:43:08,543 views 1575 139892007872192 REQ [BUILDER-SAVE] POST /formularios/43/builder/ | user=admin auth=True ip=127.0.0.1 | HTMX=True | POST keys=['csrfmiddlewaretoken', 'aceita_respostas', 'titulo', 'descricao', 'campo_set-TOTAL_FORMS', 'campo_set-INITIAL_FORMS', 'campo_set-MIN_NUM_FORMS', 'campo_set-MAX_NUM_FORMS', 'campo_set-0-id', 'campo_set-0-ordem', 'campo_set-0-obrigatorio', 'campo_set-0-rotulo', 'campo_set-0-tipo', 'campo_set-0-ajuda', 'campo_set-0-origem_choice', 'campo_set-0-origem_opcoes', 'campo_set-0-sqlhub_connection_id', 'campo_set-0-sqlhub_query_id', 'campo_set-0-sqlhub_value_field', 'campo_set-0-sqlhub_label_field', 'campo_set-1-id', 'campo_set-1-ordem', 'campo_set-1-rotulo', 'campo_set-1-tipo', 'campo_set-1-ajuda', 'campo_set-1-origem_choice', 'campo_set-1-origem_opcoes', 'campo_set-1-sqlhub_connection_id', 'campo_set-1-sqlhub_query_id', 'campo_set-1-sqlhub_value_field', 'campo_set-1-sqlhub_label_field', 'campo_set-1-opcoes_json', 'campo_set-2-id', 'campo_set-2-ordem', 'campo_set-2-rotulo', 'campo_set-2-tipo', 'campo_set-2-ajuda', 'campo_set-2-origem_choice', 'campo_set-2-origem_opcoes', 'campo_set-2-sqlhub_connection_id', 'campo_set-2-sqlhub_query_id', 'campo_set-2-sqlhub_value_field', 'campo_set-2-sqlhub_label_field', 'campo_set-2-opcoes_json', 'abre_em', 'fecha_em', 'repetir_cada_str', 'alvo_resposta'] | FILES={}
DEBUG 2025-09-11 15:43:08,550 views 1575 139892007872192 POST builder: 0 campos com -valid_json no payload: []
INFO 2025-09-11 15:43:08,553 views 1575 139892007872192 Formulário 43 atualizado
DEBUG 2025-09-11 15:43:08,560 views 1575 139892007872192 Opções (manuais) atualizadas p/ campo=209 (4 itens)
DEBUG 2025-09-11 15:43:08,561 views 1575 139892007872192 Campo 212 usando origem SQLHub – opções manuais removidas/ignoradas
DEBUG 2025-09-11 15:43:08,562 views 1575 139892007872192 Campos salvos(ids): [208, 209, 212]
DEBUG 2025-09-11 15:43:10,580 views 1575 139891648231104 Render exibir_formulario form=43 embed=False
DEBUG 2025-09-11 15:44:18,780 views 1575 139891623052992 REQ [BUILDER-SAVE] POST /formularios/43/builder/ | user=admin auth=True ip=127.0.0.1 | HTMX=True | POST keys=['csrfmiddlewaretoken', 'aceita_respostas', 'titulo', 'descricao', 'campo_set-TOTAL_FORMS', 'campo_set-INITIAL_FORMS', 'campo_set-MIN_NUM_FORMS', 'campo_set-MAX_NUM_FORMS', 'campo_set-0-id', 'campo_set-0-ordem', 'campo_set-0-obrigatorio', 'campo_set-0-rotulo', 'campo_set-0-tipo', 'campo_set-0-ajuda', 'campo_set-0-origem_choice', 'campo_set-0-origem_opcoes', 'campo_set-0-sqlhub_connection_id', 'campo_set-0-sqlhub_query_id', 'campo_set-0-sqlhub_value_field', 'campo_set-0-sqlhub_label_field', 'campo_set-1-id', 'campo_set-1-ordem', 'campo_set-1-rotulo', 'campo_set-1-tipo', 'campo_set-1-ajuda', 'campo_set-1-origem_choice', 'campo_set-1-origem_opcoes', 'campo_set-1-sqlhub_connection_id', 'campo_set-1-sqlhub_query_id', 'campo_set-1-sqlhub_value_field', 'campo_set-1-sqlhub_label_field', 'campo_set-1-opcoes_json', 'campo_set-2-id', 'campo_set-2-ordem', 'campo_set-2-rotulo', 'campo_set-2-tipo', 'campo_set-2-ajuda', 'campo_set-2-origem_choice', 'campo_set-2-origem_opcoes', 'campo_set-2-sqlhub_connection_id', 'campo_set-2-sqlhub_query_id', 'campo_set-2-sqlhub_value_field', 'campo_set-2-sqlhub_label_field', 'campo_set-2-opcoes_json', 'abre_em', 'fecha_em', 'repetir_cada_str', 'alvo_resposta'] | FILES={}
DEBUG 2025-09-11 15:44:18,795 views 1575 139891623052992 POST builder: 0 campos com -valid_json no payload: []
INFO 2025-09-11 15:44:18,798 views 1575 139891623052992 Formulário 43 atualizado
DEBUG 2025-09-11 15:44:18,804 views 1575 139891623052992 Opções (manuais) atualizadas p/ campo=209 (4 itens)
DEBUG 2025-09-11 15:44:18,806 views 1575 139891623052992 Campo 212 usando origem SQLHub – opções manuais removidas/ignoradas
DEBUG 2025-09-11 15:44:18,806 views 1575 139891623052992 Campos salvos(ids): [208, 209, 212]
DEBUG 2025-09-11 15:44:19,230 views 1575 139891623052992 REQ [BUILDER-SAVE] POST /formularios/43/builder/ | user=admin auth=True ip=127.0.0.1 | HTMX=True | POST keys=['csrfmiddlewaretoken', 'aceita_respostas', 'titulo', 'descricao', 'campo_set-TOTAL_FORMS', 'campo_set-INITIAL_FORMS', 'campo_set-MIN_NUM_FORMS', 'campo_set-MAX_NUM_FORMS', 'campo_set-0-id', 'campo_set-0-ordem', 'campo_set-0-obrigatorio', 'campo_set-0-rotulo', 'campo_set-0-tipo', 'campo_set-0-ajuda', 'campo_set-0-origem_choice', 'campo_set-0-origem_opcoes', 'campo_set-0-sqlhub_connection_id', 'campo_set-0-sqlhub_query_id', 'campo_set-0-sqlhub_value_field', 'campo_set-0-sqlhub_label_field', 'campo_set-1-id', 'campo_set-1-ordem', 'campo_set-1-rotulo', 'campo_set-1-tipo', 'campo_set-1-ajuda', 'campo_set-1-origem_choice', 'campo_set-1-origem_opcoes', 'campo_set-1-sqlhub_connection_id', 'campo_set-1-sqlhub_query_id', 'campo_set-1-sqlhub_value_field', 'campo_set-1-sqlhub_label_field', 'campo_set-1-opcoes_json', 'campo_set-2-id', 'campo_set-2-ordem', 'campo_set-2-rotulo', 'campo_set-2-tipo', 'campo_set-2-ajuda', 'campo_set-2-origem_choice', 'campo_set-2-origem_opcoes', 'campo_set-2-sqlhub_connection_id', 'campo_set-2-sqlhub_query_id', 'campo_set-2-sqlhub_value_field', 'campo_set-2-sqlhub_label_field', 'campo_set-2-opcoes_json', 'abre_em', 'fecha_em', 'repetir_cada_str', 'alvo_resposta'] | FILES={}
DEBUG 2025-09-11 15:44:19,240 views 1575 139891623052992 POST builder: 0 campos com -valid_json no payload: []
INFO 2025-09-11 15:44:19,243 views 1575 139891623052992 Formulário 43 atualizado
DEBUG 2025-09-11 15:44:19,251 views 1575 139891623052992 Opções (manuais) atualizadas p/ campo=209 (4 itens)
DEBUG 2025-09-11 15:44:19,253 views 1575 139891623052992 Campo 212 usando origem SQLHub – opções manuais removidas/ignoradas
DEBUG 2025-09-11 15:44:19,254 views 1575 139891623052992 Campos salvos(ids): [208, 209, 212]
DEBUG 2025-09-11 15:44:24,738 views 1575 139891623052992 Render exibir_formulario form=43 embed=False
DEBUG 2025-09-11 15:44:44,702 views 1575 139891514013376 REQ [BUILDER-SAVE] POST /formularios/43/builder/ | user=admin auth=True ip=127.0.0.1 | HTMX=True | POST keys=['csrfmiddlewaretoken', 'aceita_respostas', 'titulo', 'descricao', 'campo_set-TOTAL_FORMS', 'campo_set-INITIAL_FORMS', 'campo_set-MIN_NUM_FORMS', 'campo_set-MAX_NUM_FORMS', 'campo_set-0-id', 'campo_set-0-ordem', 'campo_set-0-obrigatorio', 'campo_set-0-rotulo', 'campo_set-0-tipo', 'campo_set-0-ajuda', 'campo_set-0-origem_choice', 'campo_set-0-origem_opcoes', 'campo_set-0-sqlhub_connection_id', 'campo_set-0-sqlhub_query_id', 'campo_set-0-sqlhub_value_field', 'campo_set-0-sqlhub_label_field', 'campo_set-1-id', 'campo_set-1-ordem', 'campo_set-1-rotulo', 'campo_set-1-tipo', 'campo_set-1-ajuda', 'campo_set-1-origem_choice', 'campo_set-1-origem_opcoes', 'campo_set-1-sqlhub_connection_id', 'campo_set-1-sqlhub_query_id', 'campo_set-1-sqlhub_value_field', 'campo_set-1-sqlhub_label_field', 'campo_set-1-opcoes_json', 'campo_set-2-id', 'campo_set-2-ordem', 'campo_set-2-rotulo', 'campo_set-2-tipo', 'campo_set-2-ajuda', 'campo_set-2-origem_choice', 'campo_set-2-origem_opcoes', 'campo_set-2-sqlhub_connection_id', 'campo_set-2-sqlhub_query_id', 'campo_set-2-sqlhub_value_field', 'campo_set-2-sqlhub_label_field', 'campo_set-2-opcoes_json', 'abre_em', 'fecha_em', 'repetir_cada_str', 'alvo_resposta'] | FILES={}
DEBUG 2025-09-11 15:44:44,717 views 1575 139891514013376 POST builder: 0 campos com -valid_json no payload: []
INFO 2025-09-11 15:44:44,723 views 1575 139891514013376 Formulário 43 atualizado
DEBUG 2025-09-11 15:44:44,730 views 1575 139891514013376 Opções (manuais) atualizadas p/ campo=209 (4 itens)
DEBUG 2025-09-11 15:44:44,732 views 1575 139891514013376 Campo 212 usando origem SQLHub – opções manuais removidas/ignoradas
DEBUG 2025-09-11 15:44:44,732 views 1575 139891514013376 Campos salvos(ids): [208, 209, 212]
DEBUG 2025-09-11 15:44:45,108 views 1575 139891514013376 REQ [BUILDER-SAVE] POST /formularios/43/builder/ | user=admin auth=True ip=127.0.0.1 | HTMX=True | POST keys=['csrfmiddlewaretoken', 'aceita_respostas', 'titulo', 'descricao', 'campo_set-TOTAL_FORMS', 'campo_set-INITIAL_FORMS', 'campo_set-MIN_NUM_FORMS', 'campo_set-MAX_NUM_FORMS', 'campo_set-0-id', 'campo_set-0-ordem', 'campo_set-0-obrigatorio', 'campo_set-0-rotulo', 'campo_set-0-tipo', 'campo_set-0-ajuda', 'campo_set-0-origem_choice', 'campo_set-0-origem_opcoes', 'campo_set-0-sqlhub_connection_id', 'campo_set-0-sqlhub_query_id', 'campo_set-0-sqlhub_value_field', 'campo_set-0-sqlhub_label_field', 'campo_set-1-id', 'campo_set-1-ordem', 'campo_set-1-rotulo', 'campo_set-1-tipo', 'campo_set-1-ajuda', 'campo_set-1-origem_choice', 'campo_set-1-origem_opcoes', 'campo_set-1-sqlhub_connection_id', 'campo_set-1-sqlhub_query_id', 'campo_set-1-sqlhub_value_field', 'campo_set-1-sqlhub_label_field', 'campo_set-1-opcoes_json', 'campo_set-2-id', 'campo_set-2-ordem', 'campo_set-2-rotulo', 'campo_set-2-tipo', 'campo_set-2-ajuda', 'campo_set-2-origem_choice', 'campo_set-2-origem_opcoes', 'campo_set-2-sqlhub_connection_id', 'campo_set-2-sqlhub_query_id', 'campo_set-2-sqlhub_value_field', 'campo_set-2-sqlhub_label_field', 'campo_set-2-opcoes_json', 'abre_em', 'fecha_em', 'repetir_cada_str', 'alvo_resposta'] | FILES={}
DEBUG 2025-09-11 15:44:45,116 views 1575 139891514013376 POST builder: 0 campos com -valid_json no payload: []
INFO 2025-09-11 15:44:45,119 views 1575 139891514013376 Formulário 43 atualizado
DEBUG 2025-09-11 15:44:45,125 views 1575 139891514013376 Opções (manuais) atualizadas p/ campo=209 (4 itens)
DEBUG 2025-09-11 15:44:45,127 views 1575 139891514013376 Campo 212 usando origem SQLHub – opções manuais removidas/ignoradas
DEBUG 2025-09-11 15:44:45,127 views 1575 139891514013376 Campos salvos(ids): [208, 209, 212]
DEBUG 2025-09-11 15:44:48,060 views 1575 139891623052992 Render exibir_formulario form=43 embed=False
DEBUG 2025-09-11 15:50:17,989 views 1575 139891480442560 Listando meus formulários: meus=3, compartilhados=1
DEBUG 2025-09-11 15:56:40,272 views 1575 139891463657152 Render exibir_formulario form=43 embed=False
DEBUG 2025-09-11 16:05:29,734 views 1575 139891404908224 Render exibir_formulario form=43 embed=False
DEBUG 2025-09-11 16:05:39,577 views 1575 139891379730112 Render exibir_formulario form=43 embed=False
DEBUG 2025-09-11 16:06:01,616 views 1575 139891371337408 Render exibir_formulario form=43 embed=False
DEBUG 2025-09-11 16:07:05,800 views 1575 139891388122816 Render exibir_formulario form=43 embed=False
DEBUG 2025-09-11 16:12:45,731 views 3195 140400498214592 Render exibir_formulario form=43 embed=False
DEBUG 2025-09-11 16:18:09,406 views 3195 140400115308224 Render exibir_formulario form=43 embed=False
DEBUG 2025-09-11 16:18:12,991 views 3195 140400106915520 Render exibir_formulario form=43 embed=False
DEBUG 2025-09-11 16:28:52,886 views 3963 140158821201600 Render exibir_formulario form=43 embed=False
DEBUG 2025-09-11 16:29:04,881 views 3963 140158821201600 Render exibir_formulario form=43 embed=False
DEBUG 2025-09-11 16:33:16,573 views 4266 140004734006976 Render exibir_formulario form=43 embed=False
DEBUG 2025-09-11 16:36:37,508 views 4504 139794038384320 Render exibir_formulario form=43 embed=False
DEBUG 2025-09-11 16:42:32,490 views 4862 140037601617600 Render exibir_formulario form=43 embed=False
DEBUG 2025-09-11 17:08:57,757 views 5110 140030689404608 Render exibir_formulario form=43 embed=False
DEBUG 2025-09-11 17:09:18,890 views 5110 140030672619200 Render exibir_formulario form=43 embed=False
DEBUG 2025-09-11 17:09:27,241 views 5110 140030697797312 Render exibir_formulario form=43 embed=False
DEBUG 2025-09-11 17:09:37,006 views 5110 140030681011904 Render exibir_formulario form=43 embed=False
DEBUG 2025-09-11 17:10:03,385 views 5110 140030563579584 Render exibir_formulario form=43 embed=False
DEBUG 2025-09-11 17:14:28,223 views 5110 140030563579584 Render exibir_formulario form=43 embed=False
DEBUG 2025-09-11 17:14:51,661 views 5110 140030521616064 Render exibir_formulario form=43 embed=False
DEBUG 2025-09-11 17:30:58,769 views 6021 140297994499776 Render exibir_formulario form=43 embed=False
DEBUG 2025-09-11 17:31:02,639 views 6021 140297976665792 Render exibir_formulario form=43 embed=False
DEBUG 2025-09-11 17:34:04,835 views 6021 140297986107072 Render exibir_formulario form=43 embed=False
DEBUG 2025-09-11 17:35:33,958 views 6021 140297581356736 Render exibir_formulario form=43 embed=False
DEBUG 2025-09-11 17:35:52,174 views 6021 140297539393216 Render exibir_formulario form=43 embed=False
DEBUG 2025-09-11 17:35:58,068 views 6021 140297547785920 Render exibir_formulario form=43 embed=False
DEBUG 2025-09-11 17:36:06,342 views 6021 140297564571328 Render exibir_formulario form=43 embed=False
DEBUG 2025-09-11 17:36:41,751 views 6021 140297388422848 Render exibir_formulario form=43 embed=False
DEBUG 2025-09-11 17:37:03,820 views 6021 140297388422848 Render exibir_formulario form=43 embed=False
DEBUG 2025-09-11 18:40:03,916 views 6021 140297363244736 Render exibir_formulario form=43 embed=False
