DEBUG 2025-09-11 17:34:05,313 views 6021 140297986107072 options_api pk=1 Fallback scan_limit=2000 (soft_max=5000) q='' engine=firebird
DEBUG 2025-09-11 17:34:05,313 views 6021 140297986107072 options_api pk=1 Fallback search cols idx=[1, 2, 0] names=['REFERENCIA', 'DESCRICAO', 'COD_PRODUTO']
DEBUG 2025-09-11 17:34:05,439 views 6021 140297986107072 options_api pk=1 Fallback looked=200 found=200 limit=200 q=''
DEBUG 2025-09-11 17:34:05,454 views 6021 140297986107072 options_api pk=1 returning 200 options (limit=200) vf_idx=1 lf_idx=0
DEBUG 2025-09-11 17:34:09,974 views 6021 140297986107072 options_api DB-FILTER sql=SELECT * FROM (
SELECT 
CPRODUTO AS COD_PRODUTO,
REF_FORNECE AS REFERENCIA,
DESCRICAO
FROM PRODUTO

WHERE ATIVO = 'S' AND REF_FORNECE IS NOT NULL
) src WHERE (src.REFERENCIA STARTING WITH ?) OR (src.DESCRICAO STARTING WITH ?) OR (CAST(src.COD_PRODUTO AS VARCHAR(64)) STARTING WITH ?) ORDER BY 1 ROWS 120 | search_cols=['REFERENCIA', 'DESCRICAO', 'COD_PRODUTO'] | params_count=3
DEBUG 2025-09-11 17:34:10,093 views 6021 140297986107072 options_api pk=1 DB-FILTER OK engine=firebird q='103' -> 120 row(s)
DEBUG 2025-09-11 17:34:10,252 views 6021 140297976665792 options_api DB-FILTER sql=SELECT * FROM (
SELECT 
CPRODUTO AS COD_PRODUTO,
REF_FORNECE AS REFERENCIA,
DESCRICAO
FROM PRODUTO

WHERE ATIVO = 'S' AND REF_FORNECE IS NOT NULL
) src WHERE (src.REFERENCIA STARTING WITH ?) OR (src.DESCRICAO STARTING WITH ?) OR (CAST(src.COD_PRODUTO AS VARCHAR(64)) STARTING WITH ?) ORDER BY 1 ROWS 120 | search_cols=['REFERENCIA', 'DESCRICAO', 'COD_PRODUTO'] | params_count=3
DEBUG 2025-09-11 17:34:10,407 views 6021 140297976665792 options_api pk=1 DB-FILTER OK engine=firebird q='103.' -> 120 row(s)
DEBUG 2025-09-11 17:34:35,548 views 6021 140297976665792 options_api DB-FILTER sql=SELECT * FROM (
SELECT 
CPRODUTO AS COD_PRODUTO,
REF_FORNECE AS REFERENCIA,
DESCRICAO
FROM PRODUTO

WHERE ATIVO = 'S' AND REF_FORNECE IS NOT NULL
) src WHERE (src.REFERENCIA STARTING WITH ?) OR (src.DESCRICAO STARTING WITH ?) OR (CAST(src.COD_PRODUTO AS VARCHAR(64)) STARTING WITH ?) ORDER BY 1 ROWS 120 | search_cols=['REFERENCIA', 'DESCRICAO', 'COD_PRODUTO'] | params_count=3
DEBUG 2025-09-11 17:34:36,182 views 6021 140297976665792 options_api pk=1 DB-FILTER OK engine=firebird q='103.10' -> 15 row(s)
DEBUG 2025-09-11 17:34:36,254 views 6021 140297957783232 options_api DB-FILTER sql=SELECT * FROM (
SELECT 
CPRODUTO AS COD_PRODUTO,
REF_FORNECE AS REFERENCIA,
DESCRICAO
FROM PRODUTO

WHERE ATIVO = 'S' AND REF_FORNECE IS NOT NULL
) src WHERE (src.REFERENCIA STARTING WITH ?) OR (src.DESCRICAO STARTING WITH ?) OR (CAST(src.COD_PRODUTO AS VARCHAR(64)) STARTING WITH ?) ORDER BY 1 ROWS 120 | search_cols=['REFERENCIA', 'DESCRICAO', 'COD_PRODUTO'] | params_count=3
DEBUG 2025-09-11 17:34:36,827 views 6021 140297957783232 options_api pk=1 DB-FILTER OK engine=firebird q='103.106' -> 3 row(s)
DEBUG 2025-09-11 17:34:44,262 views 6021 140297957783232 options_api DB-FILTER sql=SELECT * FROM (
SELECT 
CPRODUTO AS COD_PRODUTO,
REF_FORNECE AS REFERENCIA,
DESCRICAO
FROM PRODUTO

WHERE ATIVO = 'S' AND REF_FORNECE IS NOT NULL
) src WHERE (src.REFERENCIA STARTING WITH ?) OR (src.DESCRICAO STARTING WITH ?) OR (CAST(src.COD_PRODUTO AS VARCHAR(64)) STARTING WITH ?) ORDER BY 1 ROWS 120 | search_cols=['REFERENCIA', 'DESCRICAO', 'COD_PRODUTO'] | params_count=3
DEBUG 2025-09-11 17:34:44,491 views 6021 140297957783232 options_api pk=1 DB-FILTER OK engine=firebird q='teste' -> 1 row(s)
DEBUG 2025-09-11 17:35:01,175 views 6021 140297957783232 options_api DB-FILTER sql=SELECT * FROM (
SELECT 
CPRODUTO AS COD_PRODUTO,
REF_FORNECE AS REFERENCIA,
DESCRICAO
FROM PRODUTO

WHERE ATIVO = 'S' AND REF_FORNECE IS NOT NULL
) src WHERE (src.REFERENCIA STARTING WITH ?) OR (src.DESCRICAO STARTING WITH ?) OR (CAST(src.COD_PRODUTO AS VARCHAR(64)) STARTING WITH ?) ORDER BY 1 ROWS 120 | search_cols=['REFERENCIA', 'DESCRICAO', 'COD_PRODUTO'] | params_count=3
DEBUG 2025-09-11 17:35:01,896 views 6021 140297957783232 options_api pk=1 DB-FILTER OK engine=firebird q='teste' -> 1 row(s)
DEBUG 2025-09-11 17:35:35,092 views 6021 140297556178624 options_api pk=1 Fallback scan_limit=2000 (soft_max=5000) q='' engine=firebird
DEBUG 2025-09-11 17:35:35,092 views 6021 140297556178624 options_api pk=1 Fallback search cols idx=[1, 2, 0] names=['REFERENCIA', 'DESCRICAO', 'COD_PRODUTO']
DEBUG 2025-09-11 17:35:35,275 views 6021 140297556178624 options_api pk=1 Fallback looked=200 found=200 limit=200 q=''
DEBUG 2025-09-11 17:35:35,294 views 6021 140297556178624 options_api pk=1 returning 200 options (limit=200) vf_idx=1 lf_idx=0
DEBUG 2025-09-11 17:35:52,124 views 6021 140297556178624 options_api DB-FILTER sql=SELECT * FROM (
SELECT 
CPRODUTO AS COD_PRODUTO,
REF_FORNECE AS REFERENCIA,
DESCRICAO
FROM PRODUTO

WHERE ATIVO = 'S' AND REF_FORNECE IS NOT NULL
) src WHERE (src.REFERENCIA STARTING WITH ?) OR (src.DESCRICAO STARTING WITH ?) OR (CAST(src.COD_PRODUTO AS VARCHAR(64)) STARTING WITH ?) ORDER BY 1 ROWS 120 | search_cols=['REFERENCIA', 'DESCRICAO', 'COD_PRODUTO'] | params_count=3
DEBUG 2025-09-11 17:35:52,485 views 6021 140297556178624 options_api pk=1 DB-FILTER OK engine=firebird q='116' -> 90 row(s)
DEBUG 2025-09-11 17:35:52,820 views 6021 140297547785920 options_api pk=1 Fallback scan_limit=2000 (soft_max=5000) q='' engine=firebird
DEBUG 2025-09-11 17:35:52,821 views 6021 140297547785920 options_api pk=1 Fallback search cols idx=[1, 2, 0] names=['REFERENCIA', 'DESCRICAO', 'COD_PRODUTO']
DEBUG 2025-09-11 17:35:53,084 views 6021 140297547785920 options_api pk=1 Fallback looked=200 found=200 limit=200 q=''
DEBUG 2025-09-11 17:35:53,114 views 6021 140297547785920 options_api pk=1 returning 200 options (limit=200) vf_idx=1 lf_idx=0
DEBUG 2025-09-11 17:35:58,886 views 6021 140297388422848 options_api pk=1 Fallback scan_limit=2000 (soft_max=5000) q='' engine=firebird
DEBUG 2025-09-11 17:35:58,887 views 6021 140297388422848 options_api pk=1 Fallback search cols idx=[1, 2, 0] names=['REFERENCIA', 'DESCRICAO', 'COD_PRODUTO']
DEBUG 2025-09-11 17:35:59,054 views 6021 140297388422848 options_api pk=1 Fallback looked=200 found=200 limit=200 q=''
DEBUG 2025-09-11 17:35:59,084 views 6021 140297388422848 options_api pk=1 returning 200 options (limit=200) vf_idx=1 lf_idx=0
DEBUG 2025-09-11 17:36:07,206 views 6021 140297539393216 options_api pk=1 Fallback scan_limit=2000 (soft_max=5000) q='' engine=firebird
DEBUG 2025-09-11 17:36:07,206 views 6021 140297539393216 options_api pk=1 Fallback search cols idx=[1, 2, 0] names=['REFERENCIA', 'DESCRICAO', 'COD_PRODUTO']
DEBUG 2025-09-11 17:36:07,572 views 6021 140297539393216 options_api pk=1 Fallback looked=200 found=200 limit=200 q=''
DEBUG 2025-09-11 17:36:07,602 views 6021 140297539393216 options_api pk=1 returning 200 options (limit=200) vf_idx=1 lf_idx=0
DEBUG 2025-09-11 17:36:41,650 views 6021 140297539393216 options_api DB-FILTER sql=SELECT * FROM (
SELECT 
CPRODUTO AS COD_PRODUTO,
REF_FORNECE AS REFERENCIA,
DESCRICAO
FROM PRODUTO

WHERE ATIVO = 'S' AND REF_FORNECE IS NOT NULL
) src WHERE (src.REFERENCIA STARTING WITH ?) OR (src.DESCRICAO STARTING WITH ?) OR (CAST(src.COD_PRODUTO AS VARCHAR(64)) STARTING WITH ?) ORDER BY 1 ROWS 120 | search_cols=['REFERENCIA', 'DESCRICAO', 'COD_PRODUTO'] | params_count=3
DEBUG 2025-09-11 17:36:41,910 views 6021 140297539393216 options_api pk=1 DB-FILTER OK engine=firebird q='116' -> 90 row(s)
DEBUG 2025-09-11 17:36:42,445 views 6021 140297388422848 options_api pk=1 Fallback scan_limit=2000 (soft_max=5000) q='' engine=firebird
DEBUG 2025-09-11 17:36:42,446 views 6021 140297388422848 options_api pk=1 Fallback search cols idx=[1, 2, 0] names=['REFERENCIA', 'DESCRICAO', 'COD_PRODUTO']
DEBUG 2025-09-11 17:36:42,601 views 6021 140297388422848 options_api pk=1 Fallback looked=200 found=200 limit=200 q=''
DEBUG 2025-09-11 17:36:42,621 views 6021 140297388422848 options_api pk=1 returning 200 options (limit=200) vf_idx=1 lf_idx=0
DEBUG 2025-09-11 17:37:01,563 views 6021 140297388422848 options_api DB-FILTER sql=SELECT * FROM (
SELECT 
CPRODUTO AS COD_PRODUTO,
REF_FORNECE AS REFERENCIA,
DESCRICAO
FROM PRODUTO

WHERE ATIVO = 'S' AND REF_FORNECE IS NOT NULL
) src WHERE (src.REFERENCIA STARTING WITH ?) OR (src.DESCRICAO STARTING WITH ?) OR (CAST(src.COD_PRODUTO AS VARCHAR(64)) STARTING WITH ?) ORDER BY 1 ROWS 120 | search_cols=['REFERENCIA', 'DESCRICAO', 'COD_PRODUTO'] | params_count=3
DEBUG 2025-09-11 17:37:01,909 views 6021 140297388422848 options_api pk=1 DB-FILTER OK engine=firebird q='116' -> 90 row(s)
DEBUG 2025-09-11 17:37:04,488 views 6021 140297380030144 options_api pk=1 Fallback scan_limit=2000 (soft_max=5000) q='' engine=firebird
DEBUG 2025-09-11 17:37:04,489 views 6021 140297380030144 options_api pk=1 Fallback search cols idx=[1, 2, 0] names=['REFERENCIA', 'DESCRICAO', 'COD_PRODUTO']
DEBUG 2025-09-11 17:37:04,618 views 6021 140297380030144 options_api pk=1 Fallback looked=200 found=200 limit=200 q=''
DEBUG 2025-09-11 17:37:04,640 views 6021 140297380030144 options_api pk=1 returning 200 options (limit=200) vf_idx=1 lf_idx=0
DEBUG 2025-09-11 17:37:17,694 views 6021 140297380030144 options_api DB-FILTER sql=SELECT * FROM (
SELECT 
CPRODUTO AS COD_PRODUTO,
REF_FORNECE AS REFERENCIA,
DESCRICAO
FROM PRODUTO

WHERE ATIVO = 'S' AND REF_FORNECE IS NOT NULL
) src WHERE (src.REFERENCIA STARTING WITH ?) OR (src.DESCRICAO STARTING WITH ?) OR (CAST(src.COD_PRODUTO AS VARCHAR(64)) STARTING WITH ?) ORDER BY 1 ROWS 120 | search_cols=['REFERENCIA', 'DESCRICAO', 'COD_PRODUTO'] | params_count=3
DEBUG 2025-09-11 17:37:17,975 views 6021 140297380030144 options_api pk=1 DB-FILTER OK engine=firebird q='109' -> 87 row(s)
DEBUG 2025-09-11 17:38:09,762 views 6021 140297380030144 options_api DB-FILTER sql=SELECT * FROM (
SELECT 
CPRODUTO AS COD_PRODUTO,
REF_FORNECE AS REFERENCIA,
DESCRICAO
FROM PRODUTO

WHERE ATIVO = 'S' AND REF_FORNECE IS NOT NULL
) src WHERE (src.REFERENCIA STARTING WITH ?) OR (src.DESCRICAO STARTING WITH ?) OR (CAST(src.COD_PRODUTO AS VARCHAR(64)) STARTING WITH ?) ORDER BY 1 ROWS 120 | search_cols=['REFERENCIA', 'DESCRICAO', 'COD_PRODUTO'] | params_count=3
DEBUG 2025-09-11 17:38:09,999 views 6021 140297380030144 options_api pk=1 DB-FILTER OK engine=firebird q='109' -> 87 row(s)
DEBUG 2025-09-11 17:38:55,973 views 6021 140297380030144 options_api DB-FILTER sql=SELECT * FROM (
SELECT 
CPRODUTO AS COD_PRODUTO,
REF_FORNECE AS REFERENCIA,
DESCRICAO
FROM PRODUTO

WHERE ATIVO = 'S' AND REF_FORNECE IS NOT NULL
) src WHERE (src.REFERENCIA STARTING WITH ?) OR (src.DESCRICAO STARTING WITH ?) OR (CAST(src.COD_PRODUTO AS VARCHAR(64)) STARTING WITH ?) ORDER BY 1 ROWS 120 | search_cols=['REFERENCIA', 'DESCRICAO', 'COD_PRODUTO'] | params_count=3
DEBUG 2025-09-11 17:38:56,203 views 6021 140297380030144 options_api pk=1 DB-FILTER OK engine=firebird q='109' -> 87 row(s)
DEBUG 2025-09-11 17:39:31,154 views 6021 140297380030144 options_api DB-FILTER sql=SELECT * FROM (
SELECT 
CPRODUTO AS COD_PRODUTO,
REF_FORNECE AS REFERENCIA,
DESCRICAO
FROM PRODUTO

WHERE ATIVO = 'S' AND REF_FORNECE IS NOT NULL
) src WHERE (src.REFERENCIA STARTING WITH ?) OR (src.DESCRICAO STARTING WITH ?) OR (CAST(src.COD_PRODUTO AS VARCHAR(64)) STARTING WITH ?) ORDER BY 1 ROWS 120 | search_cols=['REFERENCIA', 'DESCRICAO', 'COD_PRODUTO'] | params_count=3
DEBUG 2025-09-11 17:39:31,383 views 6021 140297380030144 options_api pk=1 DB-FILTER OK engine=firebird q='109' -> 87 row(s)
DEBUG 2025-09-11 17:42:34,684 views 6021 140297380030144 options_api DB-FILTER sql=SELECT * FROM (
SELECT 
CPRODUTO AS COD_PRODUTO,
REF_FORNECE AS REFERENCIA,
DESCRICAO
FROM PRODUTO

WHERE ATIVO = 'S' AND REF_FORNECE IS NOT NULL
) src WHERE (src.REFERENCIA STARTING WITH ?) OR (src.DESCRICAO STARTING WITH ?) OR (CAST(src.COD_PRODUTO AS VARCHAR(64)) STARTING WITH ?) ORDER BY 1 ROWS 120 | search_cols=['REFERENCIA', 'DESCRICAO', 'COD_PRODUTO'] | params_count=3
DEBUG 2025-09-11 17:42:34,875 views 6021 140297380030144 options_api pk=1 DB-FILTER OK engine=firebird q='109' -> 87 row(s)
DEBUG 2025-09-11 17:42:45,539 views 6021 140297380030144 options_api DB-FILTER sql=SELECT * FROM (
SELECT 
CPRODUTO AS COD_PRODUTO,
REF_FORNECE AS REFERENCIA,
DESCRICAO
FROM PRODUTO

WHERE ATIVO = 'S' AND REF_FORNECE IS NOT NULL
) src WHERE (src.REFERENCIA STARTING WITH ?) OR (src.DESCRICAO STARTING WITH ?) OR (CAST(src.COD_PRODUTO AS VARCHAR(64)) STARTING WITH ?) ORDER BY 1 ROWS 120 | search_cols=['REFERENCIA', 'DESCRICAO', 'COD_PRODUTO'] | params_count=3
DEBUG 2025-09-11 17:42:45,726 views 6021 140297380030144 options_api pk=1 DB-FILTER OK engine=firebird q='tes' -> 1 row(s)
DEBUG 2025-09-11 17:42:46,177 views 6021 140297371637440 options_api DB-FILTER sql=SELECT * FROM (
SELECT 
CPRODUTO AS COD_PRODUTO,
REF_FORNECE AS REFERENCIA,
DESCRICAO
FROM PRODUTO

WHERE ATIVO = 'S' AND REF_FORNECE IS NOT NULL
) src WHERE (src.REFERENCIA STARTING WITH ?) OR (src.DESCRICAO STARTING WITH ?) OR (CAST(src.COD_PRODUTO AS VARCHAR(64)) STARTING WITH ?) ORDER BY 1 ROWS 120 | search_cols=['REFERENCIA', 'DESCRICAO', 'COD_PRODUTO'] | params_count=3
DEBUG 2025-09-11 17:42:46,370 views 6021 140297371637440 options_api pk=1 DB-FILTER OK engine=firebird q='teste' -> 1 row(s)
DEBUG 2025-09-11 17:43:42,723 views 6021 140297371637440 options_api DB-FILTER sql=SELECT * FROM (
SELECT 
CPRODUTO AS COD_PRODUTO,
REF_FORNECE AS REFERENCIA,
DESCRICAO
FROM PRODUTO

WHERE ATIVO = 'S' AND REF_FORNECE IS NOT NULL
) src WHERE (src.REFERENCIA STARTING WITH ?) OR (src.DESCRICAO STARTING WITH ?) OR (CAST(src.COD_PRODUTO AS VARCHAR(64)) STARTING WITH ?) ORDER BY 1 ROWS 120 | search_cols=['REFERENCIA', 'DESCRICAO', 'COD_PRODUTO'] | params_count=3
DEBUG 2025-09-11 17:43:42,918 views 6021 140297371637440 options_api pk=1 DB-FILTER OK engine=firebird q='teste' -> 1 row(s)
DEBUG 2025-09-11 17:46:40,416 views 6021 140297371637440 options_api DB-FILTER sql=SELECT * FROM (
SELECT 
CPRODUTO AS COD_PRODUTO,
REF_FORNECE AS REFERENCIA,
DESCRICAO
FROM PRODUTO

WHERE ATIVO = 'S' AND REF_FORNECE IS NOT NULL
) src WHERE (src.REFERENCIA STARTING WITH ?) OR (src.DESCRICAO STARTING WITH ?) OR (CAST(src.COD_PRODUTO AS VARCHAR(64)) STARTING WITH ?) ORDER BY 1 ROWS 120 | search_cols=['REFERENCIA', 'DESCRICAO', 'COD_PRODUTO'] | params_count=3
DEBUG 2025-09-11 17:46:40,604 views 6021 140297371637440 options_api pk=1 DB-FILTER OK engine=firebird q='teste' -> 1 row(s)
DEBUG 2025-09-11 17:47:15,674 views 6021 140297371637440 options_api DB-FILTER sql=SELECT * FROM (
SELECT 
CPRODUTO AS COD_PRODUTO,
REF_FORNECE AS REFERENCIA,
DESCRICAO
FROM PRODUTO

WHERE ATIVO = 'S' AND REF_FORNECE IS NOT NULL
) src WHERE (src.REFERENCIA STARTING WITH ?) OR (src.DESCRICAO STARTING WITH ?) OR (CAST(src.COD_PRODUTO AS VARCHAR(64)) STARTING WITH ?) ORDER BY 1 ROWS 120 | search_cols=['REFERENCIA', 'DESCRICAO', 'COD_PRODUTO'] | params_count=3
DEBUG 2025-09-11 17:47:15,887 views 6021 140297371637440 options_api pk=1 DB-FILTER OK engine=firebird q='teste' -> 1 row(s)
DEBUG 2025-09-11 18:40:04,609 views 6021 140297363244736 options_api pk=1 Fallback scan_limit=2000 (soft_max=5000) q='' engine=firebird
DEBUG 2025-09-11 18:40:04,609 views 6021 140297363244736 options_api pk=1 Fallback search cols idx=[1, 2, 0] names=['REFERENCIA', 'DESCRICAO', 'COD_PRODUTO']
DEBUG 2025-09-11 18:40:04,733 views 6021 140297363244736 options_api pk=1 Fallback looked=200 found=200 limit=200 q=''
DEBUG 2025-09-11 18:40:04,747 views 6021 140297363244736 options_api pk=1 returning 200 options (limit=200) vf_idx=1 lf_idx=0
DEBUG 2025-09-11 18:40:13,354 views 6021 140297363244736 options_api DB-FILTER sql=SELECT * FROM (
SELECT 
CPRODUTO AS COD_PRODUTO,
REF_FORNECE AS REFERENCIA,
DESCRICAO
FROM PRODUTO

WHERE ATIVO = 'S' AND REF_FORNECE IS NOT NULL
) src WHERE (src.REFERENCIA STARTING WITH ?) OR (src.DESCRICAO STARTING WITH ?) OR (CAST(src.COD_PRODUTO AS VARCHAR(64)) STARTING WITH ?) ORDER BY 1 ROWS 120 | search_cols=['REFERENCIA', 'DESCRICAO', 'COD_PRODUTO'] | params_count=3
DEBUG 2025-09-11 18:40:13,548 views 6021 140297363244736 options_api pk=1 DB-FILTER OK engine=firebird q='284' -> 76 row(s)
DEBUG 2025-09-11 18:40:15,979 views 6021 140297363244736 options_api DB-FILTER sql=SELECT * FROM (
SELECT 
CPRODUTO AS COD_PRODUTO,
REF_FORNECE AS REFERENCIA,
DESCRICAO
FROM PRODUTO

WHERE ATIVO = 'S' AND REF_FORNECE IS NOT NULL
) src WHERE (src.REFERENCIA STARTING WITH ?) OR (src.DESCRICAO STARTING WITH ?) OR (CAST(src.COD_PRODUTO AS VARCHAR(64)) STARTING WITH ?) ORDER BY 1 ROWS 120 | search_cols=['REFERENCIA', 'DESCRICAO', 'COD_PRODUTO'] | params_count=3
DEBUG 2025-09-11 18:40:16,161 views 6021 140297363244736 options_api pk=1 DB-FILTER OK engine=firebird q='teste' -> 1 row(s)
